Log file open, 06/16/19 15:00:27
LogWindows: Failed to load 'aqProf.dll' (GetLastError=126)
LogWindows: File 'aqProf.dll' does not exist
LogWindows: Failed to load 'VtuneApi.dll' (GetLastError=126)
LogWindows: File 'VtuneApi.dll' does not exist
LogWindows: Failed to load 'VtuneApi32e.dll' (GetLastError=126)
LogWindows: File 'VtuneApi32e.dll' does not exist
LogConsoleResponse: Display: Failed to find resolution value strings in scalability ini. Falling back to default.
LogInit: Display: Running engine for game: VrResearch
LogPakFile: Registered encryption key '00000000000000000000000000000000': 0 pak files mounted, 0 remain pending
LogPlatformFile: Not using cached read wrapper
LogTaskGraph: Started task graph with 5 named threads and 23 total threads with 3 sets of task threads.
LogStats: Stats thread started at 0.379728
LogD3D11RHI: Loaded GFSDK_Aftermath_Lib.x64.dll
LogICUInternationalization: ICU TimeZone Detection - Raw Offset: +8:00, Platform Override: ''
LogPluginManager: Mounting plugin Paper2D
LogPluginManager: Mounting plugin AISupport
LogPluginManager: Mounting plugin LightPropagationVolume
LogPluginManager: Mounting plugin ActorLayerUtilities
LogPluginManager: Mounting plugin AnimationSharing
LogPluginManager: Mounting plugin CLionSourceCodeAccess
LogPluginManager: Mounting plugin CodeLiteSourceCodeAccess
LogPluginManager: Mounting plugin GitSourceControl
LogPluginManager: Mounting plugin KDevelopSourceCodeAccess
LogPluginManager: Mounting plugin NullSourceCodeAccess
LogPluginManager: Mounting plugin PerforceSourceControl
LogPluginManager: Mounting plugin SubversionSourceControl
LogPluginManager: Mounting plugin UObjectPlugin
LogPluginManager: Mounting plugin VisualStudioCodeSourceCodeAccess
LogPluginManager: Mounting plugin VisualStudioSourceCodeAccess
LogPluginManager: Mounting plugin XCodeSourceCodeAccess
LogPluginManager: Mounting plugin AssetManagerEditor
LogPluginManager: Mounting plugin CryptoKeys
LogPluginManager: Mounting plugin DataValidation
LogPluginManager: Mounting plugin FacialAnimation
LogPluginManager: Mounting plugin GameplayTagsEditor
LogPluginManager: Mounting plugin MacGraphicsSwitching
LogPluginManager: Mounting plugin MaterialAnalyzer
LogPluginManager: Mounting plugin MobileLauncherProfileWizard
LogPluginManager: Mounting plugin PluginBrowser
LogPluginManager: Mounting plugin SpeedTreeImporter
LogPluginManager: Mounting plugin DatasmithContent
LogPluginManager: Mounting plugin VariantManagerContent
LogPluginManager: Mounting plugin AlembicImporter
LogPluginManager: Mounting plugin AppleImageUtils
LogPluginManager: Mounting plugin AppleVision
LogPluginManager: Mounting plugin BackChannel
LogPluginManager: Mounting plugin CharacterAI
LogPluginManager: Mounting plugin GeometryCache
LogPluginManager: Mounting plugin HTML5Networking
LogPluginManager: Mounting plugin ProxyLODPlugin
LogPluginManager: Mounting plugin SkeletalReduction
LogPluginManager: Mounting plugin MagicLeap
LogPluginManager: Mounting plugin MagicLeapMedia
LogPluginManager: Mounting plugin PathFollow
LogPluginManager: Mounting plugin AndroidMedia
LogPluginManager: Mounting plugin AvfMedia
LogPluginManager: Mounting plugin ImgMedia
LogPluginManager: Mounting plugin LinearTimecode
LogPluginManager: Mounting plugin MediaCompositing
LogPluginManager: Mounting plugin MediaPlayerEditor
LogPluginManager: Mounting plugin WebMMedia
LogPluginManager: Mounting plugin WmfMedia
LogPluginManager: Mounting plugin TcpMessaging
LogPluginManager: Mounting plugin UdpMessaging
LogPluginManager: Mounting plugin ActorSequence
LogPluginManager: Mounting plugin LevelSequenceEditor
LogPluginManager: Mounting plugin MatineeToLevelSequence
LogPluginManager: Mounting plugin NetcodeUnitTest
LogPluginManager: Mounting plugin NUTUnrealEngine4
LogPluginManager: Mounting plugin OnlineSubsystemGooglePlay
LogPluginManager: Mounting plugin OnlineSubsystemIOS
LogPluginManager: Mounting plugin OnlineSubsystem
LogPluginManager: Mounting plugin OnlineSubsystemNull
LogPluginManager: Mounting plugin OnlineSubsystemUtils
LogPluginManager: Mounting plugin LauncherChunkInstaller
LogPluginManager: Mounting plugin AndroidDeviceProfileSelector
LogPluginManager: Mounting plugin AndroidMoviePlayer
LogPluginManager: Mounting plugin AndroidPermission
LogPluginManager: Mounting plugin AppleMoviePlayer
LogPluginManager: Mounting plugin ArchVisCharacter
LogPluginManager: Mounting plugin AudioCapture
LogPluginManager: Mounting plugin CableComponent
LogPluginManager: Mounting plugin CustomMeshComponent
LogPluginManager: Mounting plugin EditableMesh
LogPluginManager: Mounting plugin ExampleDeviceProfileSelector
LogPluginManager: Mounting plugin Firebase
LogPluginManager: Mounting plugin GoogleCloudMessaging
LogPluginManager: Mounting plugin IOSDeviceProfileSelector
LogPluginManager: Mounting plugin LinuxDeviceProfileSelector
LogPluginManager: Mounting plugin LocationServicesBPLibrary
LogPluginManager: Mounting plugin MobilePatchingUtils
LogPluginManager: Mounting plugin OculusVR
LogPluginManager: Mounting plugin PhysXVehicles
LogPluginManager: Mounting plugin ProceduralMeshComponent
LogPluginManager: Mounting plugin RuntimePhysXCooking
LogPluginManager: Mounting plugin SignificanceManager
LogPluginManager: Mounting plugin SteamVR
LogPluginManager: Mounting plugin WebMMoviePlayer
LogPluginManager: Mounting plugin WindowsMoviePlayer
LogInit: Using libcurl 7.55.1-DEV
LogInit:  - built for x86_64-pc-win32
LogInit:  - supports SSL with OpenSSL/1.1.1
LogInit:  - supports HTTP deflate (compression) using libz 1.2.8
LogInit:  - other features:
LogInit:      CURL_VERSION_SSL
LogInit:      CURL_VERSION_LIBZ
LogInit:      CURL_VERSION_IPV6
LogInit:      CURL_VERSION_ASYNCHDNS
LogInit:      CURL_VERSION_LARGEFILE
LogInit:      CURL_VERSION_IDN
LogInit:  CurlRequestOptions (configurable via config and command line):
LogInit:  - bVerifyPeer = true  - Libcurl will verify peer certificate
LogInit:  - bUseHttpProxy = false  - Libcurl will NOT use HTTP proxy
LogInit:  - bDontReuseConnections = false  - Libcurl will reuse connections
LogInit:  - MaxHostConnections = 16  - Libcurl will limit the number of connections to a host
LogInit:  - LocalHostAddr = Default
LogInit:  - BufferSize = 65536
LogInit: WinSock: version 1.1 (2.2), MaxSocks=32767, MaxUdp=65467
LogInit: Build: ++UE4+Release-4.22-CL-6574378
LogInit: Engine Version: 4.22.2-6574378+++UE4+Release-4.22
LogInit: Compatible Engine Version: 4.22.0-5660361+++UE4+Release-4.22
LogInit: Net CL: 5660361
LogInit: OS: Windows 10 (Release 1803) (), CPU: Intel(R) Core(TM) i7-7700HQ CPU @ 2.80GHz, GPU: NVIDIA GeForce GTX 1080 with Max-Q Design
LogInit: Compiled (64-bit): May 20 2019 09:54:56
LogInit: Compiled with Visual C++: 19.16.27025.01
LogInit: Build Configuration: Development
LogInit: Branch Name: ++UE4+Release-4.22
LogInit: Command Line: 
LogInit: Base Directory: D:/UE_4.22/Engine/Binaries/Win64/
LogInit: Installed Engine Build: 1
LogDevObjectVersion: Number of dev versions registered: 23
LogDevObjectVersion:   Dev-Blueprints (B0D832E4-1F89-4F0D-ACCF-7EB736FD4AA2): 10
LogDevObjectVersion:   Dev-Build (E1C64328-A22C-4D53-A36C-8E866417BD8C): 0
LogDevObjectVersion:   Dev-Core (375EC13C-06E4-48FB-B500-84F0262A717E): 3
LogDevObjectVersion:   Dev-Editor (E4B068ED-F494-42E9-A231-DA0B2E46BB41): 30
LogDevObjectVersion:   Dev-Framework (CFFC743F-43B0-4480-9391-14DF171D2073): 35
LogDevObjectVersion:   Dev-Mobile (B02B49B5-BB20-44E9-A304-32B752E40360): 2
LogDevObjectVersion:   Dev-Networking (A4E4105C-59A1-49B5-A7C5-40C4547EDFEE): 0
LogDevObjectVersion:   Dev-Online (39C831C9-5AE6-47DC-9A44-9C173E1C8E7C): 0
LogDevObjectVersion:   Dev-Physics (78F01B33-EBEA-4F98-B9B4-84EACCB95AA2): 0
LogDevObjectVersion:   Dev-Platform (6631380F-2D4D-43E0-8009-CF276956A95A): 0
LogDevObjectVersion:   Dev-Rendering (12F88B9F-8875-4AFC-A67C-D90C383ABD29): 28
LogDevObjectVersion:   Dev-Sequencer (7B5AE74C-D270-4C10-A958-57980B212A5A): 11
LogDevObjectVersion:   Dev-VR (D7296918-1DD6-4BDD-9DE2-64A83CC13884): 2
LogDevObjectVersion:   Dev-LoadTimes (C2A15278-BFE7-4AFE-6C17-90FF531DF755): 1
LogDevObjectVersion:   Private-Geometry (6EACA3D4-40EC-4CC1-B786-8BED09428FC5): 3
LogDevObjectVersion:   Dev-AnimPhys (29E575DD-E0A3-4627-9D10-D276232CDCEA): 17
LogDevObjectVersion:   Dev-Anim (AF43A65D-7FD3-4947-9873-3E8ED9C1BB05): 2
LogDevObjectVersion:   Dev-ReflectionCapture (6B266CEC-1EC7-4B8F-A30B-E4D90942FC07): 1
LogDevObjectVersion:   Dev-Automation (0DF73D61-A23F-47EA-B727-89E90C41499A): 1
LogDevObjectVersion:   FortniteMain (601D1886-AC64-4F84-AA16-D3DE0DEAC7D6): 25
LogDevObjectVersion:   Dev-Enterprise (9DFFBCD6-494F-0158-E221-12823C92A888): 6
LogDevObjectVersion:   Dev-Niagara (F2AED0AC-9AFE-416F-8664-AA7FFA26D6FC): 1
LogDevObjectVersion:   Dev-Destruction (174F1F0B-B4C6-45A5-B13F-2EE8D0FB917D): 2
LogInit: Presizing for max 16777216 objects, including 0 objects not considered by GC, pre-allocating 0 bytes for permanent pool.
LogInit: Object subsystem initialized
LogConfig: Setting CVar [[con.DebugEarlyDefault:1]]
LogConfig: Setting CVar [[r.setres:1280x720]]
[2019.06.16-07.00.28:100][  0]LogConfig: Setting CVar [[r.VSync:0]]
[2019.06.16-07.00.28:100][  0]LogConfig: Setting CVar [[r.RHICmdBypass:0]]
[2019.06.16-07.00.28:100][  0]LogConfig: Applying CVar settings from Section [/Script/Engine.RendererSettings] File [C:/Users/Darren Chua/Documents/VrProject/VrResearch/Saved/Config/Windows/Engine.ini]
[2019.06.16-07.00.28:100][  0]LogConfig: Setting CVar [[r.GPUCrashDebugging:0]]
[2019.06.16-07.00.28:100][  0]LogConfig: Setting CVar [[r.DefaultFeature.AmbientOcclusion:0]]
[2019.06.16-07.00.28:100][  0]LogConfig: Setting CVar [[r.DefaultFeature.AmbientOcclusionStaticFraction:0]]
[2019.06.16-07.00.28:100][  0]LogConfig: Setting CVar [[vr.InstancedStereo:1]]
[2019.06.16-07.00.28:100][  0]LogConfig: Setting CVar [[r.SeparateTranslucency:0]]
[2019.06.16-07.00.28:100][  0]LogConfig: Setting CVar [[r.HZBOcclusion:0]]
[2019.06.16-07.00.28:100][  0]LogConfig: Setting CVar [[r.SSR.MaxRoughness:0]]
[2019.06.16-07.00.28:100][  0]LogConfig: Setting CVar [[r.rhicmdbypass:0]]
[2019.06.16-07.00.28:100][  0]LogConfig: Applying CVar settings from Section [/Script/Engine.RendererOverrideSettings] File [C:/Users/Darren Chua/Documents/VrProject/VrResearch/Saved/Config/Windows/Engine.ini]
[2019.06.16-07.00.28:100][  0]LogConfig: Applying CVar settings from Section [/Script/Engine.StreamingSettings] File [C:/Users/Darren Chua/Documents/VrProject/VrResearch/Saved/Config/Windows/Engine.ini]
[2019.06.16-07.00.28:100][  0]LogConfig: Setting CVar [[s.MinBulkDataSizeForAsyncLoading:131072]]
[2019.06.16-07.00.28:100][  0]LogConfig: Setting CVar [[s.AsyncLoadingThreadEnabled:0]]
[2019.06.16-07.00.28:100][  0]LogConfig: Setting CVar [[s.EventDrivenLoaderEnabled:1]]
[2019.06.16-07.00.28:100][  0]LogConfig: Setting CVar [[s.WarnIfTimeLimitExceeded:0]]
[2019.06.16-07.00.28:100][  0]LogConfig: Setting CVar [[s.TimeLimitExceededMultiplier:1.5]]
[2019.06.16-07.00.28:100][  0]LogConfig: Setting CVar [[s.TimeLimitExceededMinTime:0.005]]
[2019.06.16-07.00.28:100][  0]LogConfig: Setting CVar [[s.UseBackgroundLevelStreaming:1]]
[2019.06.16-07.00.28:100][  0]LogConfig: Setting CVar [[s.PriorityAsyncLoadingExtraTime:15.0]]
[2019.06.16-07.00.28:100][  0]LogConfig: Setting CVar [[s.LevelStreamingActorsUpdateTimeLimit:5.0]]
[2019.06.16-07.00.28:100][  0]LogConfig: Setting CVar [[s.PriorityLevelStreamingActorsUpdateExtraTime:5.0]]
[2019.06.16-07.00.28:100][  0]LogConfig: Setting CVar [[s.LevelStreamingComponentsRegistrationGranularity:10]]
[2019.06.16-07.00.28:100][  0]LogConfig: Setting CVar [[s.UnregisterComponentsTimeLimit:1.0]]
[2019.06.16-07.00.28:100][  0]LogConfig: Setting CVar [[s.LevelStreamingComponentsUnregistrationGranularity:5]]
[2019.06.16-07.00.28:100][  0]LogConfig: Applying CVar settings from Section [/Script/Engine.GarbageCollectionSettings] File [C:/Users/Darren Chua/Documents/VrProject/VrResearch/Saved/Config/Windows/Engine.ini]
[2019.06.16-07.00.28:100][  0]LogConfig: Setting CVar [[gc.MaxObjectsNotConsideredByGC:1]]
[2019.06.16-07.00.28:100][  0]LogConfig: Setting CVar [[gc.SizeOfPermanentObjectPool:0]]
[2019.06.16-07.00.28:100][  0]LogConfig: Setting CVar [[gc.FlushStreamingOnGC:0]]
[2019.06.16-07.00.28:100][  0]LogConfig: Setting CVar [[gc.NumRetriesBeforeForcingGC:10]]
[2019.06.16-07.00.28:100][  0]LogConfig: Setting CVar [[gc.AllowParallelGC:1]]
[2019.06.16-07.00.28:100][  0]LogConfig: Setting CVar [[gc.TimeBetweenPurgingPendingKillObjects:61.1]]
[2019.06.16-07.00.28:100][  0]LogConfig: Setting CVar [[gc.MaxObjectsInEditor:16777216]]
[2019.06.16-07.00.28:100][  0]LogConfig: Setting CVar [[gc.IncrementalBeginDestroyEnabled:1]]
[2019.06.16-07.00.28:100][  0]LogConfig: Setting CVar [[gc.CreateGCClusters:1]]
[2019.06.16-07.00.28:100][  0]LogConfig: Setting CVar [[gc.MinGCClusterSize:5]]
[2019.06.16-07.00.28:100][  0]LogConfig: Setting CVar [[gc.ActorClusteringEnabled:0]]
[2019.06.16-07.00.28:100][  0]LogConfig: Setting CVar [[gc.BlueprintClusteringEnabled:0]]
[2019.06.16-07.00.28:100][  0]LogConfig: Setting CVar [[gc.UseDisregardForGCOnDedicatedServers:0]]
[2019.06.16-07.00.28:100][  0]LogConfig: Applying CVar settings from Section [/Script/Engine.NetworkSettings] File [C:/Users/Darren Chua/Documents/VrProject/VrResearch/Saved/Config/Windows/Engine.ini]
[2019.06.16-07.00.28:100][  0]LogConfig: Applying CVar settings from Section [/Script/UnrealEd.CookerSettings] File [C:/Users/Darren Chua/Documents/VrProject/VrResearch/Saved/Config/Windows/Engine.ini]
[2019.06.16-07.00.28:106][  0]LogConfig: Applying CVar settings from Section [ViewDistanceQuality@3] File [C:/Users/Darren Chua/Documents/VrProject/VrResearch/Saved/Config/Windows/Scalability.ini]
[2019.06.16-07.00.28:107][  0]LogConfig: Setting CVar [[r.SkeletalMeshLODBias:0]]
[2019.06.16-07.00.28:107][  0]LogConfig: Setting CVar [[r.ViewDistanceScale:1.0]]
[2019.06.16-07.00.28:107][  0]LogConfig: Applying CVar settings from Section [AntiAliasingQuality@3] File [C:/Users/Darren Chua/Documents/VrProject/VrResearch/Saved/Config/Windows/Scalability.ini]
[2019.06.16-07.00.28:107][  0]LogConfig: Setting CVar [[r.PostProcessAAQuality:3]]
[2019.06.16-07.00.28:107][  0]LogConfig: Applying CVar settings from Section [ShadowQuality@3] File [C:/Users/Darren Chua/Documents/VrProject/VrResearch/Saved/Config/Windows/Scalability.ini]
[2019.06.16-07.00.28:107][  0]LogConfig: Setting CVar [[r.LightFunctionQuality:1]]
[2019.06.16-07.00.28:107][  0]LogConfig: Setting CVar [[r.ShadowQuality:5]]
[2019.06.16-07.00.28:107][  0]LogConfig: Setting CVar [[r.Shadow.CSM.MaxCascades:10]]
[2019.06.16-07.00.28:107][  0]LogConfig: Setting CVar [[r.Shadow.MaxResolution:2048]]
[2019.06.16-07.00.28:107][  0]LogConfig: Setting CVar [[r.Shadow.MaxCSMResolution:2048]]
[2019.06.16-07.00.28:107][  0]LogConfig: Setting CVar [[r.Shadow.RadiusThreshold:0.01]]
[2019.06.16-07.00.28:107][  0]LogConfig: Setting CVar [[r.Shadow.DistanceScale:1.0]]
[2019.06.16-07.00.28:107][  0]LogConfig: Setting CVar [[r.Shadow.CSM.TransitionScale:1.0]]
[2019.06.16-07.00.28:107][  0]LogConfig: Setting CVar [[r.Shadow.PreShadowResolutionFactor:1.0]]
[2019.06.16-07.00.28:107][  0]LogConfig: Setting CVar [[r.DistanceFieldShadowing:1]]
[2019.06.16-07.00.28:107][  0]LogConfig: Setting CVar [[r.DistanceFieldAO:1]]
[2019.06.16-07.00.28:107][  0]LogConfig: Setting CVar [[r.AOQuality:2]]
[2019.06.16-07.00.28:107][  0]LogConfig: Setting CVar [[r.VolumetricFog:1]]
[2019.06.16-07.00.28:107][  0]LogConfig: Setting CVar [[r.VolumetricFog.GridPixelSize:8]]
[2019.06.16-07.00.28:107][  0]LogConfig: Setting CVar [[r.VolumetricFog.GridSizeZ:128]]
[2019.06.16-07.00.28:107][  0]LogConfig: Setting CVar [[r.VolumetricFog.HistoryMissSupersampleCount:4]]
[2019.06.16-07.00.28:107][  0]LogConfig: Setting CVar [[r.LightMaxDrawDistanceScale:1]]
[2019.06.16-07.00.28:107][  0]LogConfig: Setting CVar [[r.CapsuleShadows:1]]
[2019.06.16-07.00.28:107][  0]LogConfig: Applying CVar settings from Section [PostProcessQuality@3] File [C:/Users/Darren Chua/Documents/VrProject/VrResearch/Saved/Config/Windows/Scalability.ini]
[2019.06.16-07.00.28:107][  0]LogConfig: Setting CVar [[r.MotionBlurQuality:0]]
[2019.06.16-07.00.28:107][  0]LogConfig: Setting CVar [[r.AmbientOcclusionMipLevelFactor:0.4]]
[2019.06.16-07.00.28:107][  0]LogConfig: Setting CVar [[r.AmbientOcclusionMaxQuality:100]]
[2019.06.16-07.00.28:107][  0]LogConfig: Setting CVar [[r.AmbientOcclusionLevels:0]]
[2019.06.16-07.00.28:107][  0]LogConfig: Setting CVar [[r.AmbientOcclusionRadiusScale:1.0]]
[2019.06.16-07.00.28:107][  0]LogConfig: Setting CVar [[r.DepthOfFieldQuality:0]]
[2019.06.16-07.00.28:107][  0]LogConfig: Setting CVar [[r.RenderTargetPoolMin:400]]
[2019.06.16-07.00.28:107][  0]LogConfig: Setting CVar [[r.LensFlareQuality:0]]
[2019.06.16-07.00.28:107][  0]LogConfig: Setting CVar [[r.SceneColorFringeQuality:0]]
[2019.06.16-07.00.28:107][  0]LogConfig: Setting CVar [[r.EyeAdaptationQuality:2]]
[2019.06.16-07.00.28:107][  0]LogConfig: Setting CVar [[r.BloomQuality:1]]
[2019.06.16-07.00.28:108][  0]LogConfig: Setting CVar [[r.FastBlurThreshold:0]]
[2019.06.16-07.00.28:108][  0]LogConfig: Setting CVar [[r.Upscale.Quality:3]]
[2019.06.16-07.00.28:108][  0]LogConfig: Setting CVar [[r.Tonemapper.GrainQuantization:1]]
[2019.06.16-07.00.28:108][  0]LogConfig: Setting CVar [[r.LightShaftQuality:1]]
[2019.06.16-07.00.28:108][  0]LogConfig: Setting CVar [[r.Filter.SizeScale:1]]
[2019.06.16-07.00.28:108][  0]LogConfig: Setting CVar [[r.Tonemapper.Quality:5]]
[2019.06.16-07.00.28:108][  0]LogConfig: Setting CVar [[r.DOF.Gather.AccumulatorQuality:1        ; higher gathering accumulator quality]]
[2019.06.16-07.00.28:108][  0]LogConfig: Setting CVar [[r.DOF.Gather.PostfilterMethod:1          ; Median3x3 postfilering method]]
[2019.06.16-07.00.28:108][  0]LogConfig: Setting CVar [[r.DOF.Gather.EnableBokehSettings:0       ; no bokeh simulation when gathering]]
[2019.06.16-07.00.28:108][  0]LogConfig: Setting CVar [[r.DOF.Gather.RingCount:4                 ; medium number of samples when gathering]]
[2019.06.16-07.00.28:108][  0]LogConfig: Setting CVar [[r.DOF.Scatter.ForegroundCompositing:1    ; additive foreground scattering]]
[2019.06.16-07.00.28:108][  0]LogConfig: Setting CVar [[r.DOF.Scatter.BackgroundCompositing:2    ; additive background scattering]]
[2019.06.16-07.00.28:108][  0]LogConfig: Setting CVar [[r.DOF.Scatter.EnableBokehSettings:1      ; bokeh simulation when scattering]]
[2019.06.16-07.00.28:108][  0]LogConfig: Setting CVar [[r.DOF.Scatter.MaxSpriteRatio:0.1         ; only a maximum of 10% of scattered bokeh]]
[2019.06.16-07.00.28:108][  0]LogConfig: Setting CVar [[r.DOF.Recombine.Quality:1                ; cheap slight out of focus]]
[2019.06.16-07.00.28:108][  0]LogConfig: Setting CVar [[r.DOF.Recombine.EnableBokehSettings:0    ; no bokeh simulation on slight out of focus]]
[2019.06.16-07.00.28:108][  0]LogConfig: Setting CVar [[r.DOF.TemporalAAQuality:1                ; more stable temporal accumulation]]
[2019.06.16-07.00.28:108][  0]LogConfig: Setting CVar [[r.DOF.Kernel.MaxForegroundRadius:0.025]]
[2019.06.16-07.00.28:108][  0]LogConfig: Setting CVar [[r.DOF.Kernel.MaxBackgroundRadius:0.025]]
[2019.06.16-07.00.28:108][  0]LogConfig: Applying CVar settings from Section [TextureQuality@3] File [C:/Users/Darren Chua/Documents/VrProject/VrResearch/Saved/Config/Windows/Scalability.ini]
[2019.06.16-07.00.28:108][  0]LogConfig: Setting CVar [[r.Streaming.MipBias:0]]
[2019.06.16-07.00.28:108][  0]LogConfig: Setting CVar [[r.Streaming.AmortizeCPUToGPUCopy:0]]
[2019.06.16-07.00.28:108][  0]LogConfig: Setting CVar [[r.Streaming.MaxNumTexturesToStreamPerFrame:0]]
[2019.06.16-07.00.28:108][  0]LogConfig: Setting CVar [[r.Streaming.Boost:1]]
[2019.06.16-07.00.28:108][  0]LogConfig: Setting CVar [[r.MaxAnisotropy:8]]
[2019.06.16-07.00.28:108][  0]LogConfig: Setting CVar [[r.Streaming.LimitPoolSizeToVRAM:0]]
[2019.06.16-07.00.28:108][  0]LogConfig: Setting CVar [[r.Streaming.PoolSize:1000]]
[2019.06.16-07.00.28:108][  0]LogConfig: Setting CVar [[r.Streaming.MaxEffectiveScreenSize:0]]
[2019.06.16-07.00.28:108][  0]LogConfig: Applying CVar settings from Section [EffectsQuality@3] File [C:/Users/Darren Chua/Documents/VrProject/VrResearch/Saved/Config/Windows/Scalability.ini]
[2019.06.16-07.00.28:108][  0]LogConfig: Setting CVar [[r.TranslucencyLightingVolumeDim:4]]
[2019.06.16-07.00.28:108][  0]LogConfig: Setting CVar [[r.RefractionQuality:2]]
[2019.06.16-07.00.28:108][  0]LogConfig: Setting CVar [[r.SSR.Quality:0]]
[2019.06.16-07.00.28:108][  0]LogConfig: Setting CVar [[r.SceneColorFormat:2]]
[2019.06.16-07.00.28:108][  0]LogConfig: Setting CVar [[r.DetailMode:2]]
[2019.06.16-07.00.28:108][  0]LogConfig: Setting CVar [[r.TranslucencyVolumeBlur:0]]
[2019.06.16-07.00.28:108][  0]LogConfig: Setting CVar [[r.MaterialQualityLevel:1 ; High quality]]
[2019.06.16-07.00.28:108][  0]LogConfig: Setting CVar [[r.SSS.Scale:1]]
[2019.06.16-07.00.28:108][  0]LogConfig: Setting CVar [[r.SSS.SampleSet:2]]
[2019.06.16-07.00.28:108][  0]LogConfig: Setting CVar [[r.SSS.Quality:1]]
[2019.06.16-07.00.28:108][  0]LogConfig: Setting CVar [[r.SSS.HalfRes:1]]
[2019.06.16-07.00.28:108][  0]LogConfig: Setting CVar [[r.EmitterSpawnRateScale:1.0]]
[2019.06.16-07.00.28:109][  0]LogConfig: Setting CVar [[r.ParticleLightQuality:2]]
[2019.06.16-07.00.28:109][  0]LogConfig: Applying CVar settings from Section [FoliageQuality@3] File [C:/Users/Darren Chua/Documents/VrProject/VrResearch/Saved/Config/Windows/Scalability.ini]
[2019.06.16-07.00.28:109][  0]LogConfig: Setting CVar [[foliage.DensityScale:1.0]]
[2019.06.16-07.00.28:109][  0]LogConfig: Setting CVar [[grass.DensityScale:1.0]]
[2019.06.16-07.00.28:109][  0]LogInit: Selected Device Profile: [Windows]
[2019.06.16-07.00.28:109][  0]LogInit: Applying CVar settings loaded from the selected device profile: [Windows]
[2019.06.16-07.00.28:120][  0]LogHAL: Display: Platform has ~ 24 GB [25726074880 / 34359738368 / 24], which maps to Larger [LargestMinGB=32, LargerMinGB=12, DefaultMinGB=8, SmallerMinGB=6, SmallestMinGB=0)
[2019.06.16-07.00.28:120][  0]LogConfig: Setting CVar [[r.Vulkan.UseRealUBs:0		; Required until we fix HLR fall-out]]
[2019.06.16-07.00.28:120][  0]LogInit: Going up to parent DeviceProfile []
[2019.06.16-07.00.28:120][  0]LogConfig: Applying CVar settings from Section [ViewDistanceQuality@3] File [C:/Users/Darren Chua/Documents/VrProject/VrResearch/Saved/Config/Windows/Scalability.ini]
[2019.06.16-07.00.28:120][  0]LogConfig: Setting CVar [[r.SkeletalMeshLODBias:0]]
[2019.06.16-07.00.28:120][  0]LogConfig: Setting CVar [[r.ViewDistanceScale:1.0]]
[2019.06.16-07.00.28:120][  0]LogConfig: Applying CVar settings from Section [AntiAliasingQuality@3] File [C:/Users/Darren Chua/Documents/VrProject/VrResearch/Saved/Config/Windows/Scalability.ini]
[2019.06.16-07.00.28:121][  0]LogConfig: Setting CVar [[r.PostProcessAAQuality:3]]
[2019.06.16-07.00.28:121][  0]LogConfig: Applying CVar settings from Section [ShadowQuality@3] File [C:/Users/Darren Chua/Documents/VrProject/VrResearch/Saved/Config/Windows/Scalability.ini]
[2019.06.16-07.00.28:121][  0]LogConfig: Setting CVar [[r.LightFunctionQuality:1]]
[2019.06.16-07.00.28:121][  0]LogConfig: Setting CVar [[r.ShadowQuality:5]]
[2019.06.16-07.00.28:121][  0]LogConfig: Setting CVar [[r.Shadow.CSM.MaxCascades:10]]
[2019.06.16-07.00.28:121][  0]LogConfig: Setting CVar [[r.Shadow.MaxResolution:2048]]
[2019.06.16-07.00.28:121][  0]LogConfig: Setting CVar [[r.Shadow.MaxCSMResolution:2048]]
[2019.06.16-07.00.28:121][  0]LogConfig: Setting CVar [[r.Shadow.RadiusThreshold:0.01]]
[2019.06.16-07.00.28:121][  0]LogConfig: Setting CVar [[r.Shadow.DistanceScale:1.0]]
[2019.06.16-07.00.28:121][  0]LogConfig: Setting CVar [[r.Shadow.CSM.TransitionScale:1.0]]
[2019.06.16-07.00.28:121][  0]LogConfig: Setting CVar [[r.Shadow.PreShadowResolutionFactor:1.0]]
[2019.06.16-07.00.28:121][  0]LogConfig: Setting CVar [[r.DistanceFieldShadowing:1]]
[2019.06.16-07.00.28:121][  0]LogConfig: Setting CVar [[r.DistanceFieldAO:1]]
[2019.06.16-07.00.28:121][  0]LogConfig: Setting CVar [[r.AOQuality:2]]
[2019.06.16-07.00.28:121][  0]LogConfig: Setting CVar [[r.VolumetricFog:1]]
[2019.06.16-07.00.28:121][  0]LogConfig: Setting CVar [[r.VolumetricFog.GridPixelSize:8]]
[2019.06.16-07.00.28:121][  0]LogConfig: Setting CVar [[r.VolumetricFog.GridSizeZ:128]]
[2019.06.16-07.00.28:121][  0]LogConfig: Setting CVar [[r.VolumetricFog.HistoryMissSupersampleCount:4]]
[2019.06.16-07.00.28:121][  0]LogConfig: Setting CVar [[r.LightMaxDrawDistanceScale:1]]
[2019.06.16-07.00.28:121][  0]LogConfig: Setting CVar [[r.CapsuleShadows:1]]
[2019.06.16-07.00.28:121][  0]LogConfig: Applying CVar settings from Section [PostProcessQuality@3] File [C:/Users/Darren Chua/Documents/VrProject/VrResearch/Saved/Config/Windows/Scalability.ini]
[2019.06.16-07.00.28:121][  0]LogConfig: Setting CVar [[r.MotionBlurQuality:0]]
[2019.06.16-07.00.28:121][  0]LogConfig: Setting CVar [[r.AmbientOcclusionMipLevelFactor:0.4]]
[2019.06.16-07.00.28:121][  0]LogConfig: Setting CVar [[r.AmbientOcclusionMaxQuality:100]]
[2019.06.16-07.00.28:121][  0]LogConfig: Setting CVar [[r.AmbientOcclusionLevels:0]]
[2019.06.16-07.00.28:121][  0]LogConfig: Setting CVar [[r.AmbientOcclusionRadiusScale:1.0]]
[2019.06.16-07.00.28:121][  0]LogConfig: Setting CVar [[r.DepthOfFieldQuality:0]]
[2019.06.16-07.00.28:121][  0]LogConfig: Setting CVar [[r.RenderTargetPoolMin:400]]
[2019.06.16-07.00.28:121][  0]LogConfig: Setting CVar [[r.LensFlareQuality:0]]
[2019.06.16-07.00.28:121][  0]LogConfig: Setting CVar [[r.SceneColorFringeQuality:0]]
[2019.06.16-07.00.28:121][  0]LogConfig: Setting CVar [[r.EyeAdaptationQuality:2]]
[2019.06.16-07.00.28:121][  0]LogConfig: Setting CVar [[r.BloomQuality:1]]
[2019.06.16-07.00.28:121][  0]LogConfig: Setting CVar [[r.FastBlurThreshold:0]]
[2019.06.16-07.00.28:121][  0]LogConfig: Setting CVar [[r.Upscale.Quality:3]]
[2019.06.16-07.00.28:121][  0]LogConfig: Setting CVar [[r.Tonemapper.GrainQuantization:1]]
[2019.06.16-07.00.28:121][  0]LogConfig: Setting CVar [[r.LightShaftQuality:1]]
[2019.06.16-07.00.28:121][  0]LogConfig: Setting CVar [[r.Filter.SizeScale:1]]
[2019.06.16-07.00.28:121][  0]LogConfig: Setting CVar [[r.Tonemapper.Quality:5]]
[2019.06.16-07.00.28:121][  0]LogConfig: Setting CVar [[r.DOF.Gather.AccumulatorQuality:1        ; higher gathering accumulator quality]]
[2019.06.16-07.00.28:121][  0]LogConfig: Setting CVar [[r.DOF.Gather.PostfilterMethod:1          ; Median3x3 postfilering method]]
[2019.06.16-07.00.28:121][  0]LogConfig: Setting CVar [[r.DOF.Gather.EnableBokehSettings:0       ; no bokeh simulation when gathering]]
[2019.06.16-07.00.28:121][  0]LogConfig: Setting CVar [[r.DOF.Gather.RingCount:4                 ; medium number of samples when gathering]]
[2019.06.16-07.00.28:121][  0]LogConfig: Setting CVar [[r.DOF.Scatter.ForegroundCompositing:1    ; additive foreground scattering]]
[2019.06.16-07.00.28:121][  0]LogConfig: Setting CVar [[r.DOF.Scatter.BackgroundCompositing:2    ; additive background scattering]]
[2019.06.16-07.00.28:121][  0]LogConfig: Setting CVar [[r.DOF.Scatter.EnableBokehSettings:1      ; bokeh simulation when scattering]]
[2019.06.16-07.00.28:121][  0]LogConfig: Setting CVar [[r.DOF.Scatter.MaxSpriteRatio:0.1         ; only a maximum of 10% of scattered bokeh]]
[2019.06.16-07.00.28:121][  0]LogConfig: Setting CVar [[r.DOF.Recombine.Quality:1                ; cheap slight out of focus]]
[2019.06.16-07.00.28:121][  0]LogConfig: Setting CVar [[r.DOF.Recombine.EnableBokehSettings:0    ; no bokeh simulation on slight out of focus]]
[2019.06.16-07.00.28:121][  0]LogConfig: Setting CVar [[r.DOF.TemporalAAQuality:1                ; more stable temporal accumulation]]
[2019.06.16-07.00.28:121][  0]LogConfig: Setting CVar [[r.DOF.Kernel.MaxForegroundRadius:0.025]]
[2019.06.16-07.00.28:121][  0]LogConfig: Setting CVar [[r.DOF.Kernel.MaxBackgroundRadius:0.025]]
[2019.06.16-07.00.28:121][  0]LogConfig: Applying CVar settings from Section [TextureQuality@3] File [C:/Users/Darren Chua/Documents/VrProject/VrResearch/Saved/Config/Windows/Scalability.ini]
[2019.06.16-07.00.28:121][  0]LogConfig: Setting CVar [[r.Streaming.MipBias:0]]
[2019.06.16-07.00.28:121][  0]LogConfig: Setting CVar [[r.Streaming.AmortizeCPUToGPUCopy:0]]
[2019.06.16-07.00.28:121][  0]LogConfig: Setting CVar [[r.Streaming.MaxNumTexturesToStreamPerFrame:0]]
[2019.06.16-07.00.28:121][  0]LogConfig: Setting CVar [[r.Streaming.Boost:1]]
[2019.06.16-07.00.28:121][  0]LogConfig: Setting CVar [[r.MaxAnisotropy:8]]
[2019.06.16-07.00.28:121][  0]LogConfig: Setting CVar [[r.Streaming.LimitPoolSizeToVRAM:0]]
[2019.06.16-07.00.28:121][  0]LogConfig: Setting CVar [[r.Streaming.PoolSize:1000]]
[2019.06.16-07.00.28:121][  0]LogConfig: Setting CVar [[r.Streaming.MaxEffectiveScreenSize:0]]
[2019.06.16-07.00.28:121][  0]LogConfig: Applying CVar settings from Section [EffectsQuality@3] File [C:/Users/Darren Chua/Documents/VrProject/VrResearch/Saved/Config/Windows/Scalability.ini]
[2019.06.16-07.00.28:121][  0]LogConfig: Setting CVar [[r.TranslucencyLightingVolumeDim:4]]
[2019.06.16-07.00.28:121][  0]LogConfig: Setting CVar [[r.RefractionQuality:2]]
[2019.06.16-07.00.28:122][  0]LogConfig: Setting CVar [[r.SSR.Quality:0]]
[2019.06.16-07.00.28:122][  0]LogConfig: Setting CVar [[r.SceneColorFormat:2]]
[2019.06.16-07.00.28:122][  0]LogConfig: Setting CVar [[r.DetailMode:2]]
[2019.06.16-07.00.28:122][  0]LogConfig: Setting CVar [[r.TranslucencyVolumeBlur:0]]
[2019.06.16-07.00.28:122][  0]LogConfig: Setting CVar [[r.MaterialQualityLevel:1 ; High quality]]
[2019.06.16-07.00.28:122][  0]LogConfig: Setting CVar [[r.SSS.Scale:1]]
[2019.06.16-07.00.28:122][  0]LogConfig: Setting CVar [[r.SSS.SampleSet:2]]
[2019.06.16-07.00.28:122][  0]LogConfig: Setting CVar [[r.SSS.Quality:1]]
[2019.06.16-07.00.28:122][  0]LogConfig: Setting CVar [[r.SSS.HalfRes:1]]
[2019.06.16-07.00.28:122][  0]LogConfig: Setting CVar [[r.EmitterSpawnRateScale:1.0]]
[2019.06.16-07.00.28:122][  0]LogConfig: Setting CVar [[r.ParticleLightQuality:2]]
[2019.06.16-07.00.28:122][  0]LogConfig: Applying CVar settings from Section [FoliageQuality@3] File [C:/Users/Darren Chua/Documents/VrProject/VrResearch/Saved/Config/Windows/Scalability.ini]
[2019.06.16-07.00.28:122][  0]LogConfig: Setting CVar [[foliage.DensityScale:1.0]]
[2019.06.16-07.00.28:122][  0]LogConfig: Setting CVar [[grass.DensityScale:1.0]]
[2019.06.16-07.00.28:122][  0]LogConfig: Applying CVar settings from Section [Startup] File [../../../Engine/Config/ConsoleVariables.ini]
[2019.06.16-07.00.28:122][  0]LogConfig: Setting CVar [[net.UseAdaptiveNetUpdateFrequency:0]]
[2019.06.16-07.00.28:122][  0]LogConfig: Setting CVar [[p.chaos.AllowCreatePhysxBodies:1]]
[2019.06.16-07.00.28:122][  0]LogConfig: Applying CVar settings from Section [ConsoleVariables] File [C:/Users/Darren Chua/Documents/VrProject/VrResearch/Saved/Config/Windows/Engine.ini]
[2019.06.16-07.00.28:122][  0]LogInit: Computer: DESKTOP-PJP97K6
[2019.06.16-07.00.28:122][  0]LogInit: User: DarrenChua
[2019.06.16-07.00.28:122][  0]LogInit: CPU Page size=4096, Cores=4
[2019.06.16-07.00.28:122][  0]LogInit: High frequency timer resolution =2.742191 MHz
[2019.06.16-07.00.28:123][  0]LogMemory: Memory total: Physical=24.0GB (24GB approx)
[2019.06.16-07.00.28:123][  0]LogMemory: Platform Memory Stats for Windows
[2019.06.16-07.00.28:123][  0]LogMemory: Process Physical Memory: 98.32 MB used, 98.32 MB peak
[2019.06.16-07.00.28:123][  0]LogMemory: Process Virtual Memory: 93.13 MB used, 93.13 MB peak
[2019.06.16-07.00.28:123][  0]LogMemory: Physical Memory: 12125.87 MB used,  12408.43 MB free, 24534.30 MB total
[2019.06.16-07.00.28:123][  0]LogMemory: Virtual Memory: 4648.82 MB used,  134213080.00 MB free, 134217728.00 MB total
[2019.06.16-07.00.29:336][  0]LogInit: Using OS detected language (en-US).
[2019.06.16-07.00.29:336][  0]LogInit: Using OS detected locale (en-SG).
[2019.06.16-07.00.29:338][  0]LogTextLocalizationManager: No specific localization for 'en-US' exists, so the 'en' localization will be used.
[2019.06.16-07.00.29:754][  0]LogInit: Setting process to per monitor DPI aware
[2019.06.16-07.00.29:811][  0]LogSlate: New Slate User Created.  User Index 0, Is Virtual User: 0
[2019.06.16-07.00.29:811][  0]LogSlate: Slate User Registered.  User Index 0, Is Virtual User: 0
[2019.06.16-07.00.30:818][  0]LogD3D11RHI: D3D11 adapters:
[2019.06.16-07.00.30:910][  0]LogD3D11RHI:    0. 'NVIDIA GeForce GTX 1080 with Max-Q Design' (Feature Level 11_0)
[2019.06.16-07.00.30:910][  0]LogD3D11RHI:       8079/0/12267 MB DedicatedVideo/DedicatedSystem/SharedSystem, Outputs:1, VendorId:0x10de
[2019.06.16-07.00.30:913][  0]LogD3D11RHI:    1. 'Microsoft Basic Render Driver' (Feature Level 11_0)
[2019.06.16-07.00.30:913][  0]LogD3D11RHI:       0/0/12267 MB DedicatedVideo/DedicatedSystem/SharedSystem, Outputs:0, VendorId:0x1414
[2019.06.16-07.00.30:913][  0]LogD3D11RHI: Chosen D3D11 Adapter: 0
[2019.06.16-07.00.30:927][  0]LogD3D11RHI: Creating new Direct3DDevice
[2019.06.16-07.00.30:928][  0]LogD3D11RHI:     GPU DeviceId: 0x1be0 (for the marketing name, search the web for "GPU Device Id")
[2019.06.16-07.00.30:928][  0]LogWindows: EnumDisplayDevices:
[2019.06.16-07.00.30:928][  0]LogWindows:    0. 'NVIDIA GeForce GTX 1080 with Max-Q Design' (P:1 D:1)
[2019.06.16-07.00.30:928][  0]LogWindows:    1. 'NVIDIA GeForce GTX 1080 with Max-Q Design' (P:0 D:0)
[2019.06.16-07.00.30:929][  0]LogWindows:    2. 'NVIDIA GeForce GTX 1080 with Max-Q Design' (P:0 D:0)
[2019.06.16-07.00.30:929][  0]LogWindows:    3. 'NVIDIA GeForce GTX 1080 with Max-Q Design' (P:0 D:0)
[2019.06.16-07.00.30:929][  0]LogWindows: DebugString: FoundDriverCount:4 
[2019.06.16-07.00.30:929][  0]LogD3D11RHI:     Adapter Name: NVIDIA GeForce GTX 1080 with Max-Q Design
[2019.06.16-07.00.30:929][  0]LogD3D11RHI:   Driver Version: 419.35 (internal:25.21.14.1935, unified:419.35)
[2019.06.16-07.00.30:929][  0]LogD3D11RHI:      Driver Date: 3-1-2019
[2019.06.16-07.00.30:929][  0]LogRHI: Texture pool is 5655 MB (70% of 8079 MB)
[2019.06.16-07.00.30:985][  0]LogD3D11RHI: Async texture creation enabled
[2019.06.16-07.00.31:000][  0]LogRendererCore: FGlobalReadBuffer::InitRHI
[2019.06.16-07.00.31:000][  0]LogRendererCore: FGlobalReadBuffer::InitRHI
[2019.06.16-07.00.31:000][  0]LogRendererCore: FGlobalReadBuffer::InitRHI
[2019.06.16-07.00.31:010][  0]LogD3D11RHI: GPU Timing Frequency: 1000.000000 (Debug: 2 1)
[2019.06.16-07.00.31:539][  0]LogTemp: Display: Module 'AllDesktopTargetPlatform' loaded TargetPlatform 'AllDesktop'
[2019.06.16-07.00.31:563][  0]LogTemp: Display: Module 'MacClientTargetPlatform' loaded TargetPlatform 'MacClient'
[2019.06.16-07.00.31:586][  0]LogTemp: Display: Module 'MacNoEditorTargetPlatform' loaded TargetPlatform 'MacNoEditor'
[2019.06.16-07.00.31:608][  0]LogTemp: Display: Module 'MacServerTargetPlatform' loaded TargetPlatform 'MacServer'
[2019.06.16-07.00.31:633][  0]LogTemp: Display: Module 'MacTargetPlatform' loaded TargetPlatform 'Mac'
[2019.06.16-07.00.31:653][  0]LogTemp: Display: Module 'WindowsClientTargetPlatform' loaded TargetPlatform 'WindowsClient'
[2019.06.16-07.00.31:674][  0]LogTemp: Display: Module 'WindowsNoEditorTargetPlatform' loaded TargetPlatform 'WindowsNoEditor'
[2019.06.16-07.00.31:696][  0]LogTemp: Display: Module 'WindowsServerTargetPlatform' loaded TargetPlatform 'WindowsServer'
[2019.06.16-07.00.31:707][  0]LogTemp: Display: Module 'WindowsTargetPlatform' loaded TargetPlatform 'Windows'
[2019.06.16-07.00.31:819][  0]LogTemp: Display: Module 'AndroidTargetPlatform' loaded TargetPlatform 'Android'
[2019.06.16-07.00.31:819][  0]LogTemp: Display: Module 'AndroidTargetPlatform' loaded TargetPlatform 'Android_ASTC'
[2019.06.16-07.00.31:819][  0]LogTemp: Display: Module 'AndroidTargetPlatform' loaded TargetPlatform 'Android_ATC'
[2019.06.16-07.00.31:819][  0]LogTemp: Display: Module 'AndroidTargetPlatform' loaded TargetPlatform 'Android_DXT'
[2019.06.16-07.00.31:819][  0]LogTemp: Display: Module 'AndroidTargetPlatform' loaded TargetPlatform 'Android_ETC1'
[2019.06.16-07.00.31:819][  0]LogTemp: Display: Module 'AndroidTargetPlatform' loaded TargetPlatform 'Android_ETC1a'
[2019.06.16-07.00.31:819][  0]LogTemp: Display: Module 'AndroidTargetPlatform' loaded TargetPlatform 'Android_ETC2'
[2019.06.16-07.00.31:819][  0]LogTemp: Display: Module 'AndroidTargetPlatform' loaded TargetPlatform 'Android_PVRTC'
[2019.06.16-07.00.31:819][  0]LogTemp: Display: Module 'AndroidTargetPlatform' loaded TargetPlatform 'AndroidClient'
[2019.06.16-07.00.31:819][  0]LogTemp: Display: Module 'AndroidTargetPlatform' loaded TargetPlatform 'Android_ASTCClient'
[2019.06.16-07.00.31:819][  0]LogTemp: Display: Module 'AndroidTargetPlatform' loaded TargetPlatform 'Android_ATCClient'
[2019.06.16-07.00.31:819][  0]LogTemp: Display: Module 'AndroidTargetPlatform' loaded TargetPlatform 'Android_DXTClient'
[2019.06.16-07.00.31:819][  0]LogTemp: Display: Module 'AndroidTargetPlatform' loaded TargetPlatform 'Android_ETC1Client'
[2019.06.16-07.00.31:819][  0]LogTemp: Display: Module 'AndroidTargetPlatform' loaded TargetPlatform 'Android_ETC1aClient'
[2019.06.16-07.00.31:819][  0]LogTemp: Display: Module 'AndroidTargetPlatform' loaded TargetPlatform 'Android_ETC2Client'
[2019.06.16-07.00.31:819][  0]LogTemp: Display: Module 'AndroidTargetPlatform' loaded TargetPlatform 'Android_PVRTCClient'
[2019.06.16-07.00.31:819][  0]LogTemp: Display: Module 'AndroidTargetPlatform' loaded TargetPlatform 'Android_Multi'
[2019.06.16-07.00.31:819][  0]LogTemp: Display: Module 'AndroidTargetPlatform' loaded TargetPlatform 'Android_MultiClient'
[2019.06.16-07.00.31:821][  0]LogTemp: Display: Module 'HTML5TargetPlatform' loaded TargetPlatform 'HTML5'
[2019.06.16-07.00.31:878][  0]LogTemp: Display: Module 'IOSTargetPlatform' loaded TargetPlatform 'IOSClient'
[2019.06.16-07.00.31:878][  0]LogTemp: Display: Module 'IOSTargetPlatform' loaded TargetPlatform 'IOS'
[2019.06.16-07.00.31:904][  0]LogTemp: Display: Module 'TVOSTargetPlatform' loaded TargetPlatform 'TVOSClient'
[2019.06.16-07.00.31:904][  0]LogTemp: Display: Module 'TVOSTargetPlatform' loaded TargetPlatform 'TVOS'
[2019.06.16-07.00.31:921][  0]LogTemp: Display: Module 'LinuxClientTargetPlatform' loaded TargetPlatform 'LinuxClient'
[2019.06.16-07.00.31:937][  0]LogTemp: Display: Module 'LinuxNoEditorTargetPlatform' loaded TargetPlatform 'LinuxNoEditor'
[2019.06.16-07.00.31:954][  0]LogTemp: Display: Module 'LinuxServerTargetPlatform' loaded TargetPlatform 'LinuxServer'
[2019.06.16-07.00.31:971][  0]LogTemp: Display: Module 'LinuxTargetPlatform' loaded TargetPlatform 'Linux'
[2019.06.16-07.00.32:037][  0]LogTemp: Display: Module 'LuminTargetPlatform' loaded TargetPlatform 'Lumin'
[2019.06.16-07.00.32:037][  0]LogTemp: Display: Module 'LuminTargetPlatform' loaded TargetPlatform 'LuminClient'
[2019.06.16-07.00.32:037][  0]LogTargetPlatformManager: Display: Building Assets For Windows
[2019.06.16-07.00.32:050][  0]LogAudioDebug: Display: Lib vorbis DLL was dynamically loaded.
[2019.06.16-07.00.32:127][  0]LogShaderCompilers: Guid format shader working directory is 1 characters bigger than the processId version (C:/Users/Darren Chua/Documents/VrProject/VrResearch/Intermediate/Shaders/WorkingDirectory/9280/).
[2019.06.16-07.00.32:127][  0]LogShaderCompilers: Cleaned the shader compiler working directory 'C:/Users/Darren Chua/AppData/Local/Temp/UnrealShaderWorkingDir/5E6A4A07495F3639A4BCCEB45C894DB5/'.
[2019.06.16-07.00.32:131][  0]LogXGEController: Cleaning working directory: C:/Users/Darren Chua/AppData/Local/Temp/UnrealXGEWorkingDir/
[2019.06.16-07.00.32:131][  0]LogXGEController: Cannot use XGE Controller as Incredibuild is not installed on this machine.
[2019.06.16-07.00.32:131][  0]LogShaderCompilers: Cannot use XGE Shader Compiler as Incredibuild is not installed on this machine.
[2019.06.16-07.00.32:131][  0]LogShaderCompilers: Display: Using Local Shader Compiler.
[2019.06.16-07.00.32:896][  0]LogDerivedDataCache: Display: Max Cache Size: 512 MB
[2019.06.16-07.00.32:952][  0]LogDerivedDataCache: Loaded boot cache 0.05s 72MB C:/Users/Darren Chua/AppData/Local/UnrealEngine/4.22/DerivedDataCache/Boot.ddc.
[2019.06.16-07.00.32:952][  0]LogDerivedDataCache: Display: Loaded Boot cache: C:/Users/Darren Chua/AppData/Local/UnrealEngine/4.22/DerivedDataCache/Boot.ddc
[2019.06.16-07.00.32:952][  0]LogDerivedDataCache: FDerivedDataBackendGraph:  Pak pak cache file C:/Users/Darren Chua/Documents/VrProject/VrResearch/DerivedDataCache/DDC.ddp not found, will not use a pak cache.
[2019.06.16-07.00.32:952][  0]LogDerivedDataCache: Unable to find inner node Pak for hierarchical cache Hierarchy.
[2019.06.16-07.00.32:952][  0]LogDerivedDataCache: FDerivedDataBackendGraph:  CompressedPak pak cache file C:/Users/Darren Chua/Documents/VrProject/VrResearch/DerivedDataCache/Compressed.ddp not found, will not use a pak cache.
[2019.06.16-07.00.32:952][  0]LogDerivedDataCache: Unable to find inner node CompressedPak for hierarchical cache Hierarchy.
[2019.06.16-07.00.32:966][  0]LogDerivedDataCache: Display: Pak cache opened for reading ../../../Engine/DerivedDataCache/Compressed.ddp.
[2019.06.16-07.00.32:967][  0]LogDerivedDataCache: FDerivedDataBackendGraph:  EnterprisePak pak cache file ../../../Enterprise/DerivedDataCache/Compressed.ddp not found, will not use a pak cache.
[2019.06.16-07.00.32:967][  0]LogDerivedDataCache: Unable to find inner node EnterprisePak for hierarchical cache Hierarchy.
[2019.06.16-07.00.32:979][  0]LogDerivedDataCache: Using Local data cache path C:/Users/Darren Chua/AppData/Local/UnrealEngine/Common/DerivedDataCache: Writable
[2019.06.16-07.00.32:979][  0]LogDerivedDataCache: Shared data cache path not found in *engine.ini, will not use an Shared cache.
[2019.06.16-07.00.32:979][  0]LogDerivedDataCache: Unable to find inner node Shared for hierarchical cache Hierarchy.
[2019.06.16-07.00.33:005][  0]LogMaterial: Verifying Global Shaders for PCD3D_SM5
[2019.06.16-07.00.33:006][  0]LogSlate: Using FreeType 2.6.0
[2019.06.16-07.00.33:007][  0]LogSlate: SlateFontServices - WITH_FREETYPE: 1, WITH_HARFBUZZ: 1
[2019.06.16-07.00.33:115][  0]LogAssetRegistry: FAssetRegistry took 0.0373 seconds to start up
[2019.06.16-07.00.33:558][  0]LogInit: Selected Device Profile: [Windows]
[2019.06.16-07.00.33:721][  0]LogMeshReduction: Using QuadricMeshReduction for automatic static mesh reduction
[2019.06.16-07.00.33:721][  0]LogMeshReduction: Using SimplygonMeshReduction for automatic skeletal mesh reduction
[2019.06.16-07.00.33:721][  0]LogMeshReduction: Using ProxyLODMeshReduction for automatic mesh merging
[2019.06.16-07.00.33:721][  0]LogMeshReduction: No distributed automatic mesh merging module available
[2019.06.16-07.00.33:721][  0]LogMeshMerging: No distributed automatic mesh merging module available
[2019.06.16-07.00.33:737][  0]LogNetVersion: VrResearch 1.0.0, NetCL: 5660361, EngineNetVer: 10, GameNetVer: 0 (Checksum: 3812351587)
[2019.06.16-07.00.34:196][  0]LogPackageLocalizationCache: Processed 11 localized package path(s) for 1 prioritized culture(s) in 0.044343 seconds
[2019.06.16-07.00.34:203][  0]LogUObjectArray: 42205 objects as part of root set at end of initial load.
[2019.06.16-07.00.34:203][  0]LogUObjectAllocator: 7325032 out of 0 bytes used by permanent object pool.
[2019.06.16-07.00.34:203][  0]LogUObjectArray: CloseDisregardForGC: 0/0 objects in disregard for GC pool
[2019.06.16-07.00.35:364][  0]LogTcpMessaging: Initializing TcpMessaging bridge
[2019.06.16-07.00.35:377][  0]LogUdpMessaging: Initializing bridge on interface 0.0.0.0:0 to multicast group 230.0.0.1:6666.
[2019.06.16-07.00.35:492][  0]SourceControl: Source control is disabled
[2019.06.16-07.00.35:492][  0]SourceControl: Source control is disabled
[2019.06.16-07.00.35:494][  0]SourceControl: Source control is disabled
[2019.06.16-07.00.35:495][  0]SourceControl: Source control is disabled
[2019.06.16-07.00.35:587][  0]LogAndroidPermission: UAndroidPermissionCallbackProxy::GetInstance
[2019.06.16-07.00.35:815][  0]LogOcInput: OculusInput pre-init called
[2019.06.16-07.00.36:859][  0]LogEngine: Initializing Engine...
[2019.06.16-07.00.36:865][  0]LogHMD: SteamVR initialized.  Driver: oculus  Display: OculusQuest
[2019.06.16-07.00.36:867][  0]LogStats: UGameplayTagsManager::InitializeManager -  0.000 s
[2019.06.16-07.00.37:141][  0]LogInit: Initializing FReadOnlyCVARCache
[2019.06.16-07.00.37:163][  0]LogAIModule: Creating AISystem for world Untitled
[2019.06.16-07.00.37:283][  0]LogInit: XAudio2 using 'Speakers (Virtual Desktop Audio)' : 2 channels at 48 kHz using 16 bits per sample (channel mask 0x3)
[2019.06.16-07.00.37:308][  0]LogInit: FAudioDevice initialized.
[2019.06.16-07.00.37:309][  0]LogNetVersion: Set ProjectVersion to 1.0.0.0. Version Checksum will be recalculated on next use.
[2019.06.16-07.00.37:363][  0]LogDerivedDataCache: Saved boot cache 0.05s 72MB C:/Users/Darren Chua/AppData/Local/UnrealEngine/4.22/DerivedDataCache/Boot.ddc.
[2019.06.16-07.00.37:374][  0]LogInit: Texture streaming: Enabled
[2019.06.16-07.00.37:403][  0]LogEngineSessionManager: EngineSessionManager initialized
[2019.06.16-07.00.37:403][  0]LogEngineSessionManager: EngineSessionManager sent abnormal shutdown report. Type=Crashed, SessionId={09A8548B-4A72-9BCF-35E7-2589DA243E5B}
[2019.06.16-07.00.37:437][  0]LogInit: Transaction tracking system initialized
[2019.06.16-07.00.37:472][  0]BlueprintLog: New page: Editor Load
[2019.06.16-07.00.37:605][  0]LocalizationService: Localization service is disabled
[2019.06.16-07.00.37:947][  0]LogCook: Display: Max memory allowance for cook 16384mb min free memory 0mb
[2019.06.16-07.00.37:947][  0]LogCook: Display: Mobile HDR setting 1
[2019.06.16-07.00.38:203][  0]LogFileCache: Scanning file cache for directory 'C:/Users/Darren Chua/Documents/VrProject/VrResearch/Content/' took 0.02s
[2019.06.16-07.00.38:203][  0]SourceControl: Source control is disabled
[2019.06.16-07.00.38:203][  0]Cmd: MAP LOAD FILE="C:/Users/Darren Chua/Documents/VrProject/VrResearch/Content/VirtualRealityBP/Maps/StartupMap.umap" TEMPLATE=0 SHOWPROGRESS=1 FEATURELEVEL=3
[2019.06.16-07.00.38:204][  0]LightingResults: New page: Lighting Build
[2019.06.16-07.00.38:208][  0]MapCheck: New page: Map Check
[2019.06.16-07.00.38:208][  0]LightingResults: New page: Lighting Build
[2019.06.16-07.00.38:243][  0]LogUObjectHash: Compacting FUObjectHashTables data took   1.92ms
[2019.06.16-07.00.38:367][  0]LogAIModule: Creating AISystem for world StartupMap
[2019.06.16-07.00.38:374][  0]LogEditorServer: Finished looking for orphan Actors (0.000 secs)
[2019.06.16-07.00.38:403][  0]LogUObjectHash: Compacting FUObjectHashTables data took   1.25ms
[2019.06.16-07.00.38:403][  0]Cmd: MAP CHECKDEP NOCLEARLOG
[2019.06.16-07.00.38:403][  0]MapCheck: Map check complete: 0 Error(s), 0 Warning(s), took 0.184ms to complete.
[2019.06.16-07.00.38:403][  0]LogFileHelpers: Loading map 'StartupMap' took 0.200
[2019.06.16-07.00.38:511][  0]LogSlate: Updating window title bar state: overlay mode, drag disabled, window buttons hidden, title bar hidden
[2019.06.16-07.00.38:525][  0]LogSlate: Updating window title bar state: overlay mode, drag disabled, window buttons hidden, title bar hidden
[2019.06.16-07.00.38:533][  0]LogSlate: Updating window title bar state: overlay mode, drag disabled, window buttons hidden, title bar hidden
[2019.06.16-07.00.38:543][  0]LogSlate: Updating window title bar state: overlay mode, drag disabled, window buttons hidden, title bar hidden
[2019.06.16-07.00.38:553][  0]LogCollectionManager: Loaded 0 collections in 0.003728 seconds
[2019.06.16-07.00.38:581][  0]LogFileCache: Scanning file cache for directory 'C:/Users/Darren Chua/Documents/VrProject/VrResearch/Saved/Collections/' took 0.01s
[2019.06.16-07.00.38:581][  0]LogFileCache: Scanning file cache for directory 'C:/Users/Darren Chua/Documents/VrProject/VrResearch/Content/Developers/DarrenChua/Collections/' took 0.00s
[2019.06.16-07.00.38:581][  0]LogFileCache: Scanning file cache for directory 'C:/Users/Darren Chua/Documents/VrProject/VrResearch/Content/Collections/' took 0.01s
[2019.06.16-07.00.38:581][  0]LogCollectionManager: Rebuilt the GUID cache for 0 collections in 0.000000 seconds
[2019.06.16-07.00.38:591][  0]LogContentBrowser: Native class hierarchy populated in 0.0102 seconds. Added 2736 classes and 663 folders.
[2019.06.16-07.00.38:601][  0]LogContentBrowser: Native class hierarchy updated for 'WidgetCarousel' in 0.0004 seconds. Added 0 classes and 0 folders.
[2019.06.16-07.00.38:603][  0]LogPakFile: Registered encryption key '00000000000000000000000000000000': 0 pak files mounted, 0 remain pending
[2019.06.16-07.00.38:604][  0]LogPakFile: Registered encryption key '00000000000000000000000000000000': 0 pak files mounted, 0 remain pending
[2019.06.16-07.00.38:605][  0]LogPakFile: Registered encryption key '00000000000000000000000000000000': 0 pak files mounted, 0 remain pending
[2019.06.16-07.00.38:606][  0]LogPakFile: Registered encryption key '00000000000000000000000000000000': 0 pak files mounted, 0 remain pending
[2019.06.16-07.00.38:606][  0]LogPakFile: Registered encryption key '00000000000000000000000000000000': 0 pak files mounted, 0 remain pending
[2019.06.16-07.00.38:607][  0]LogPakFile: Registered encryption key '00000000000000000000000000000000': 0 pak files mounted, 0 remain pending
[2019.06.16-07.00.38:607][  0]LogPakFile: Registered encryption key '00000000000000000000000000000000': 0 pak files mounted, 0 remain pending
[2019.06.16-07.00.38:608][  0]LogPakFile: Registered encryption key '00000000000000000000000000000000': 0 pak files mounted, 0 remain pending
[2019.06.16-07.00.38:608][  0]LogPakFile: Registered encryption key '00000000000000000000000000000000': 0 pak files mounted, 0 remain pending
[2019.06.16-07.00.38:609][  0]LogPakFile: Registered encryption key '00000000000000000000000000000000': 0 pak files mounted, 0 remain pending
[2019.06.16-07.00.38:609][  0]LogPakFile: Registered encryption key '00000000000000000000000000000000': 0 pak files mounted, 0 remain pending
[2019.06.16-07.00.38:610][  0]LogPakFile: Registered encryption key '00000000000000000000000000000000': 0 pak files mounted, 0 remain pending
[2019.06.16-07.00.38:610][  0]LogPakFile: Registered encryption key '00000000000000000000000000000000': 0 pak files mounted, 0 remain pending
[2019.06.16-07.00.38:611][  0]LogPakFile: Registered encryption key '00000000000000000000000000000000': 0 pak files mounted, 0 remain pending
[2019.06.16-07.00.38:611][  0]LogPakFile: Registered encryption key '00000000000000000000000000000000': 0 pak files mounted, 0 remain pending
[2019.06.16-07.00.38:612][  0]LogPakFile: Registered encryption key '00000000000000000000000000000000': 0 pak files mounted, 0 remain pending
[2019.06.16-07.00.38:612][  0]LogPakFile: Registered encryption key '00000000000000000000000000000000': 0 pak files mounted, 0 remain pending
[2019.06.16-07.00.38:613][  0]LogPakFile: Registered encryption key '00000000000000000000000000000000': 0 pak files mounted, 0 remain pending
[2019.06.16-07.00.38:614][  0]LogPakFile: Registered encryption key '00000000000000000000000000000000': 0 pak files mounted, 0 remain pending
[2019.06.16-07.00.38:615][  0]LogPakFile: Registered encryption key '00000000000000000000000000000000': 0 pak files mounted, 0 remain pending
[2019.06.16-07.00.38:615][  0]LogPakFile: Registered encryption key '00000000000000000000000000000000': 0 pak files mounted, 0 remain pending
[2019.06.16-07.00.38:616][  0]LogPakFile: Registered encryption key '00000000000000000000000000000000': 0 pak files mounted, 0 remain pending
[2019.06.16-07.00.38:617][  0]LogPakFile: Registered encryption key '00000000000000000000000000000000': 0 pak files mounted, 0 remain pending
[2019.06.16-07.00.38:618][  0]LogPakFile: Registered encryption key '00000000000000000000000000000000': 0 pak files mounted, 0 remain pending
[2019.06.16-07.00.38:618][  0]LogPakFile: Registered encryption key '00000000000000000000000000000000': 0 pak files mounted, 0 remain pending
[2019.06.16-07.00.38:619][  0]LogPakFile: Registered encryption key '00000000000000000000000000000000': 0 pak files mounted, 0 remain pending
[2019.06.16-07.00.38:673][  0]LogContentBrowser: Native class hierarchy updated for 'AddContentDialog' in 0.0004 seconds. Added 0 classes and 0 folders.
[2019.06.16-07.00.38:680][  0]LogContentBrowser: Native class hierarchy updated for 'SceneOutliner' in 0.0003 seconds. Added 1 classes and 2 folders.
[2019.06.16-07.00.38:698][  0]LogSlate: Took 0.000226 seconds to synchronously load lazily loaded font '../../../Engine/Content/Slate/Fonts/Roboto-Regular.ttf' (155K)
[2019.06.16-07.00.38:700][  0]LogSlate: Took 0.000286 seconds to synchronously load lazily loaded font '../../../Engine/Content/Slate/Fonts/Roboto-Bold.ttf' (160K)
[2019.06.16-07.00.38:706][  0]LogSlate: Took 0.000246 seconds to synchronously load lazily loaded font '../../../Engine/Content/Editor/Slate/Fonts/FontAwesome.ttf' (139K)
[2019.06.16-07.00.38:783][  0]LogRenderer: Reallocating scene render targets to support 1020x572 Format 26 NumSamples 1 (Frame:1).
[2019.06.16-07.00.38:955][  0]LogContentBrowser: Native class hierarchy updated for 'HierarchicalLODOutliner' in 0.0003 seconds. Added 0 classes and 0 folders.
[2019.06.16-07.00.38:955][  0]LogLoad: (Engine Initialization) Total time: 14.01 seconds
[2019.06.16-07.00.38:955][  0]LogLoad: (Engine Initialization) Total Blueprint compile time: 0.00 seconds
[2019.06.16-07.00.39:031][  0]LogAssetRegistry: Asset discovery search completed in 5.9394 seconds
[2019.06.16-07.00.39:035][  0]LogCollectionManager: Rebuilt the object cache for 0 collections in 0.000000 seconds (found 0 objects)
[2019.06.16-07.00.39:035][  0]LogCollectionManager: Fixed up redirectors for 0 collections in 0.000066 seconds (updated 0 objects)
[2019.06.16-07.00.39:037][  0]LogContentStreaming: Texture pool size now 1000 MB
[2019.06.16-07.00.39:056][  0]LogSlate: Took 0.000204 seconds to synchronously load lazily loaded font '../../../Engine/Content/Slate/Fonts/Roboto-Light.ttf' (167K)
[2019.06.16-07.00.40:047][  4]LogSlate: FSceneViewport::OnFocusLost() reason 0
[2019.06.16-07.00.40:309][  4]LogSlate: Took 0.000212 seconds to synchronously load lazily loaded font '../../../Engine/Content/Slate/Fonts/Roboto-Light.ttf' (167K)
[2019.06.16-07.00.45:835][110]LogAIModule: Creating AISystem for world City
[2019.06.16-07.00.46:012][110]LogAssetEditorManager: Opening Asset editor for World /Game/VirtualRealityBP/Maps/City.City
[2019.06.16-07.00.46:050][110]LogUObjectHash: Compacting FUObjectHashTables data took   2.92ms
[2019.06.16-07.00.46:051][110]Cmd: MAP LOAD FILE="C:/Users/Darren Chua/Documents/VrProject/VrResearch/Content/VirtualRealityBP/Maps/City.umap" TEMPLATE=0 SHOWPROGRESS=1 FEATURELEVEL=3
[2019.06.16-07.00.46:051][110]LightingResults: New page: Lighting Build
[2019.06.16-07.00.46:052][110]LoadErrors: New page: Loading map: City.umap
[2019.06.16-07.00.46:053][110]MapCheck: New page: Map Check
[2019.06.16-07.00.46:053][110]LightingResults: New page: Lighting Build
[2019.06.16-07.00.46:083][110]LogUObjectHash: Compacting FUObjectHashTables data took   1.96ms
[2019.06.16-07.00.46:292][110]LogEditorServer: Finished looking for orphan Actors (0.000 secs)
[2019.06.16-07.00.46:333][110]LogUObjectHash: Compacting FUObjectHashTables data took   2.71ms
[2019.06.16-07.00.46:357][110]Cmd: MAP CHECKDEP NOCLEARLOG
[2019.06.16-07.00.46:358][110]MapCheck: Map check complete: 0 Error(s), 0 Warning(s), took 0.166ms to complete.
[2019.06.16-07.00.46:358][110]LogFileHelpers: Loading map 'City' took 0.306
[2019.06.16-07.00.52:309][265]LogAssetEditorManager: Opening Asset editor for Blueprint /Game/Blueprints/Cars/BP_Car.BP_Car
[2019.06.16-07.00.52:754][265]LogContentBrowser: Native class hierarchy updated for 'BlueprintGraph' in 0.0008 seconds. Added 121 classes and 0 folders.
[2019.06.16-07.00.53:823][265]LogSlate: Took 0.000378 seconds to synchronously load lazily loaded font '../../../Engine/Content/Slate/Fonts/Roboto-BoldCondensed.ttf' (158K)
[2019.06.16-07.00.53:879][266]LogSlate: Took 0.000404 seconds to synchronously load lazily loaded font '../../../Engine/Content/Slate/Fonts/Roboto-Italic.ttf' (157K)
[2019.06.16-07.01.01:557][469]LogAssetEditorManager: Opening Asset editor for Blueprint /Game/Blueprints/Cars/BP_Car01.BP_Car01
[2019.06.16-07.01.10:866][706]BlueprintLog: New page: Compile BP_Car01
[2019.06.16-07.01.11:100][706]LogUObjectHash: Compacting FUObjectHashTables data took   4.11ms
[2019.06.16-07.01.11:224][706]Cmd: OBJ SAVEPACKAGE PACKAGE="/Game/Blueprints/Cars/BP_Car01" FILE="C:/Users/Darren Chua/Documents/VrProject/VrResearch/Content/Blueprints/Cars/BP_Car01.uasset" SILENT=true
[2019.06.16-07.01.11:270][706]LogSavePackage: Moving 'C:/Users/Darren Chua/Documents/VrProject/VrResearch/Saved/BP_Car018D2F70B14C6A556D1DEDFD9AF46B407E.tmp' to 'C:/Users/Darren Chua/Documents/VrProject/VrResearch/Content/Blueprints/Cars/BP_Car01.uasset'
[2019.06.16-07.01.24:815][ 39]BlueprintLog: New page: Compile BP_Car
[2019.06.16-07.01.25:128][ 39]LogUObjectHash: Compacting FUObjectHashTables data took   4.54ms
[2019.06.16-07.01.25:200][ 39]Cmd: OBJ SAVEPACKAGE PACKAGE="/Game/Blueprints/Cars/BP_Car" FILE="C:/Users/Darren Chua/Documents/VrProject/VrResearch/Content/Blueprints/Cars/BP_Car.uasset" SILENT=true
[2019.06.16-07.01.25:233][ 39]LogSavePackage: Moving 'C:/Users/Darren Chua/Documents/VrProject/VrResearch/Saved/BP_Car44C1DDCD499A0279CC961EBA9D52D60B.tmp' to 'C:/Users/Darren Chua/Documents/VrProject/VrResearch/Content/Blueprints/Cars/BP_Car.uasset'
[2019.06.16-07.01.27:249][ 94]LogTemp: Repeating last play command: Simulate
[2019.06.16-07.01.27:271][ 94]LogBlueprintUserMessages: Early PlayInEditor Detection: Level '/Game/VirtualRealityBP/Maps/City.City:PersistentLevel' has LevelScriptBlueprint '/Game/VirtualRealityBP/Maps/City.City:PersistentLevel.City' with GeneratedClass '/Game/VirtualRealityBP/Maps/City.City_C' with ClassGeneratedBy '/Game/VirtualRealityBP/Maps/City.City:PersistentLevel.City'
[2019.06.16-07.01.27:271][ 94]LogPlayLevel: PlayLevel: No blueprints needed recompiling
[2019.06.16-07.01.27:271][ 94]PIE: New page: SIE session: City (16 Jun 2019 11:01:27 pm)
[2019.06.16-07.01.27:284][ 94]LogPlayLevel: Creating play world package: /Game/VirtualRealityBP/Maps/UEDPIE_0_City
[2019.06.16-07.01.27:331][ 94]LogPlayLevel: PIE: StaticDuplicateObject took: (0.046594s)
[2019.06.16-07.01.27:331][ 94]LogAIModule: Creating AISystem for world City
[2019.06.16-07.01.27:332][ 94]LogPlayLevel: PIE: World Init took: (0.000669s)
[2019.06.16-07.01.27:332][ 94]LogPlayLevel: PIE: Created PIE world by copying editor world from /Game/VirtualRealityBP/Maps/City.City to /Game/VirtualRealityBP/Maps/UEDPIE_0_City.City (0.047825s)
[2019.06.16-07.01.27:378][ 94]LogUObjectHash: Compacting FUObjectHashTables data took   3.69ms
[2019.06.16-07.01.27:446][ 94]LogInit: XAudio2 using 'Speakers (Virtual Desktop Audio)' : 2 channels at 48 kHz using 16 bits per sample (channel mask 0x3)
[2019.06.16-07.01.27:460][ 94]LogInit: FAudioDevice initialized.
[2019.06.16-07.01.27:502][ 94]LogLoad: Game class is 'GameMode'
[2019.06.16-07.01.27:522][ 94]LogWorld: Bringing World /Game/VirtualRealityBP/Maps/UEDPIE_0_City.City up for play (max tick rate 0) at 2019.06.16-15.01.27
[2019.06.16-07.01.27:526][ 94]LogWorld: Bringing up level for play took: 0.022762
[2019.06.16-07.01.27:538][ 94]LogGameMode: FindPlayerStart: PATHS NOT DEFINED or NO PLAYERSTART with positive rating
[2019.06.16-07.01.27:542][ 94]LogBlueprintActionDatabase: Requesting refresh due to module change: Voice (loaded)
[2019.06.16-07.01.27:545][ 94]LogBlueprintActionDatabase: Requesting refresh due to module change: MovieSceneCapture (loaded)
[2019.06.16-07.01.27:546][ 94]LogContentBrowser: Native class hierarchy updated for 'MovieSceneCapture' in 0.0004 seconds. Added 20 classes and 0 folders.
[2019.06.16-07.01.27:546][ 94]LogGameMode: Display: Match State Changed from EnteringMap to WaitingToStart
[2019.06.16-07.01.27:549][ 94]LogGameState: Match State Changed from EnteringMap to WaitingToStart
[2019.06.16-07.01.27:549][ 94]PIE: Play in editor start time for /Game/VirtualRealityBP/Maps/UEDPIE_0_City -0.132
[2019.06.16-07.01.27:553][ 94]LogBlueprintUserMessages: Late PlayInEditor Detection: Level '/Game/VirtualRealityBP/Maps/City.City:PersistentLevel' has LevelScriptBlueprint '/Game/VirtualRealityBP/Maps/City.City:PersistentLevel.City' with GeneratedClass '/Game/VirtualRealityBP/Maps/City.City_C' with ClassGeneratedBy '/Game/VirtualRealityBP/Maps/City.City:PersistentLevel.City'
[2019.06.16-07.01.31:669][192]LogBlueprintUserMessages: Early EndPlayMap Detection: Level '/Game/VirtualRealityBP/Maps/City.City:PersistentLevel' has LevelScriptBlueprint '/Game/VirtualRealityBP/Maps/City.City:PersistentLevel.City' with GeneratedClass '/Game/VirtualRealityBP/Maps/City.City_C' with ClassGeneratedBy '/Game/VirtualRealityBP/Maps/City.City:PersistentLevel.City'
[2019.06.16-07.01.31:670][192]LogSlate: Updating window title bar state: overlay mode, drag disabled, window buttons hidden, title bar hidden
[2019.06.16-07.01.31:766][192]LogPlayLevel: Display: Shutting down PIE online subsystems
[2019.06.16-07.01.31:767][192]LogBlueprintUserMessages: Late EndPlayMap Detection: Level '/Game/VirtualRealityBP/Maps/City.City:PersistentLevel' has LevelScriptBlueprint '/Game/VirtualRealityBP/Maps/City.City:PersistentLevel.City' with GeneratedClass '/Game/VirtualRealityBP/Maps/City.City_C' with ClassGeneratedBy '/Game/VirtualRealityBP/Maps/City.City:PersistentLevel.City'
[2019.06.16-07.01.31:826][192]LogSlate: Updating window title bar state: overlay mode, drag disabled, window buttons hidden, title bar hidden
[2019.06.16-07.01.31:854][192]LogUObjectHash: Compacting FUObjectHashTables data took   7.02ms
[2019.06.16-07.01.31:887][193]LogPlayLevel: Display: Destroying online subsystem :Context_23
[2019.06.16-07.01.42:515][415]LogTemp: Repeating last play command: Simulate
[2019.06.16-07.01.42:538][415]LogBlueprintUserMessages: Early PlayInEditor Detection: Level '/Game/VirtualRealityBP/Maps/City.City:PersistentLevel' has LevelScriptBlueprint '/Game/VirtualRealityBP/Maps/City.City:PersistentLevel.City' with GeneratedClass '/Game/VirtualRealityBP/Maps/City.City_C' with ClassGeneratedBy '/Game/VirtualRealityBP/Maps/City.City:PersistentLevel.City'
[2019.06.16-07.01.42:538][415]LogPlayLevel: PlayLevel: No blueprints needed recompiling
[2019.06.16-07.01.42:538][415]PIE: New page: SIE session: City (16 Jun 2019 11:01:42 pm)
[2019.06.16-07.01.42:538][415]LogPlayLevel: Creating play world package: /Game/VirtualRealityBP/Maps/UEDPIE_0_City
[2019.06.16-07.01.42:591][415]LogPlayLevel: PIE: StaticDuplicateObject took: (0.051702s)
[2019.06.16-07.01.42:591][415]LogAIModule: Creating AISystem for world City
[2019.06.16-07.01.42:592][415]LogPlayLevel: PIE: World Init took: (0.000778s)
[2019.06.16-07.01.42:592][415]LogPlayLevel: PIE: Created PIE world by copying editor world from /Game/VirtualRealityBP/Maps/City.City to /Game/VirtualRealityBP/Maps/UEDPIE_0_City.City (0.053197s)
[2019.06.16-07.01.42:638][415]LogUObjectHash: Compacting FUObjectHashTables data took   3.49ms
[2019.06.16-07.01.42:702][415]LogInit: XAudio2 using 'Speakers (Virtual Desktop Audio)' : 2 channels at 48 kHz using 16 bits per sample (channel mask 0x3)
[2019.06.16-07.01.42:714][415]LogInit: FAudioDevice initialized.
[2019.06.16-07.01.42:744][415]LogLoad: Game class is 'GameMode'
[2019.06.16-07.01.42:767][415]LogWorld: Bringing World /Game/VirtualRealityBP/Maps/UEDPIE_0_City.City up for play (max tick rate 0) at 2019.06.16-15.01.42
[2019.06.16-07.01.42:769][415]LogWorld: Bringing up level for play took: 0.024005
[2019.06.16-07.01.42:781][415]LogGameMode: FindPlayerStart: PATHS NOT DEFINED or NO PLAYERSTART with positive rating
[2019.06.16-07.01.42:782][415]LogGameMode: Display: Match State Changed from EnteringMap to WaitingToStart
[2019.06.16-07.01.42:785][415]LogGameState: Match State Changed from EnteringMap to WaitingToStart
[2019.06.16-07.01.42:785][415]PIE: Play in editor start time for /Game/VirtualRealityBP/Maps/UEDPIE_0_City 1.103
[2019.06.16-07.01.42:786][415]LogBlueprintUserMessages: Late PlayInEditor Detection: Level '/Game/VirtualRealityBP/Maps/City.City:PersistentLevel' has LevelScriptBlueprint '/Game/VirtualRealityBP/Maps/City.City:PersistentLevel.City' with GeneratedClass '/Game/VirtualRealityBP/Maps/City.City_C' with ClassGeneratedBy '/Game/VirtualRealityBP/Maps/City.City:PersistentLevel.City'
[2019.06.16-07.01.48:649][581]LogEditorViewport: Clicking on Actor (LMB): BP_Car01_C (BP_Car01)
[2019.06.16-07.01.50:432][626]LogEditorViewport: Clicking on Actor (LMB): BP_Car11_C (BP_Car11)
[2019.06.16-07.01.52:149][671]LogEditorViewport: Clicking on Actor (LMB): BP_Road_Straight_C (BP_Road_Straight45)
[2019.06.16-07.01.54:053][720]LogEditorViewport: Clicking on Actor (LMB): BP_Car01_C (BP_Car01)
[2019.06.16-07.01.59:400][867]LogEditorViewport: Clicking on Actor (LMB): BP_Building1_C (BP_Building5)
[2019.06.16-07.02.01:782][928]LogEditorViewport: Clicking on Actor (LMB): BP_Road_Straight_C (BP_Road_Straight10)
[2019.06.16-07.02.03:183][965]LogEditorViewport: Clicking on Actor (LMB): BP_Car05_C (BP_Car05)
[2019.06.16-07.02.05:686][ 36]LogOutputDevice: Warning: 

Script Stack (0 frames):

[2019.06.16-07.02.05:686][ 36]LogWindows: Windows GetLastError: The operation completed successfully. (0)
[2019.06.16-07.02.07:198][ 36]LogWindows: Error: === Critical error: ===
[2019.06.16-07.02.07:198][ 36]LogWindows: Error: 
[2019.06.16-07.02.07:198][ 36]LogWindows: Error: Fatal error: [File:D:\Build\++UE4\Sync\Engine\Source\Runtime\CoreUObject\Private\Templates\Casts.cpp] [Line: 10] 
[2019.06.16-07.02.07:198][ 36]LogWindows: Error: Cast of nullptr to PFPathFollowerComponent failed
[2019.06.16-07.02.07:198][ 36]LogWindows: Error: 
[2019.06.16-07.02.07:198][ 36]LogWindows: Error: 
[2019.06.16-07.02.07:198][ 36]LogWindows: Error: [Callstack] 0x00007ffef242a388 KERNELBASE.dll!UnknownFunction []
[2019.06.16-07.02.07:198][ 36]LogWindows: Error: [Callstack] 0x00007ffe78e11f07 UE4Editor-Core.dll!UnknownFunction []
[2019.06.16-07.02.07:198][ 36]LogWindows: Error: [Callstack] 0x00007ffe78e146b7 UE4Editor-Core.dll!UnknownFunction []
[2019.06.16-07.02.07:198][ 36]LogWindows: Error: [Callstack] 0x00007ffe78c27cea UE4Editor-Core.dll!UnknownFunction []
[2019.06.16-07.02.07:198][ 36]LogWindows: Error: [Callstack] 0x00007ffe78bafe07 UE4Editor-Core.dll!UnknownFunction []
[2019.06.16-07.02.07:198][ 36]LogWindows: Error: [Callstack] 0x00007ffe784d3b44 UE4Editor-CoreUObject.dll!UnknownFunction []
[2019.06.16-07.02.07:198][ 36]LogWindows: Error: [Callstack] 0x00007ffe63f13a8d UE4Editor-PathFollow.dll!CastChecked<UPFPathFollowerComponent const ,UActorComponent>() [d:\rocketsync\4.22.0-5660361+++ue4+release-4.22\working\engine\source\runtime\coreuobject\public\templates\casts.h:241]
[2019.06.16-07.02.07:198][ 36]LogWindows: Error: [Callstack] 0x00007ffe63f3a4c3 UE4Editor-PathFollow.dll!FPFPathFollowerVisulalizer::DrawVisualization() [d:\build\++portal+dev-marketplace+full\sync\localbuilds\plugintemp\hostproject\plugins\pathfollow\source\pathfollow\classes\pfpathfollowervisualizer.cpp:43]
[2019.06.16-07.02.07:198][ 36]LogWindows: Error: [Callstack] 0x00007ffe70985d42 UE4Editor-UnrealEd.dll!UnknownFunction []
[2019.06.16-07.02.07:198][ 36]LogWindows: Error: [Callstack] 0x00007ffe705f7b15 UE4Editor-UnrealEd.dll!UnknownFunction []
[2019.06.16-07.02.07:198][ 36]LogWindows: Error: [Callstack] 0x00007ffe6cf1038b UE4Editor-Renderer.dll!UnknownFunction []
[2019.06.16-07.02.07:198][ 36]LogWindows: Error: [Callstack] 0x00007ffe6cae7685 UE4Editor-Renderer.dll!UnknownFunction []
[2019.06.16-07.02.07:198][ 36]LogWindows: Error: [Callstack] 0x00007ffe6cf358b9 UE4Editor-Renderer.dll!UnknownFunction []
[2019.06.16-07.02.07:198][ 36]LogWindows: Error: [Callstack] 0x00007ffe6cf2dbeb UE4Editor-Renderer.dll!UnknownFunction []
[2019.06.16-07.02.07:198][ 36]LogWindows: Error: [Callstack] 0x00007ffe702664cb UE4Editor-UnrealEd.dll!UnknownFunction []
[2019.06.16-07.02.07:198][ 36]LogWindows: Error: [Callstack] 0x00007ffe725f1dee UE4Editor-Engine.dll!UnknownFunction []
[2019.06.16-07.02.07:198][ 36]LogWindows: Error: [Callstack] 0x00007ffe701d325d UE4Editor-UnrealEd.dll!UnknownFunction []
[2019.06.16-07.02.07:198][ 36]LogWindows: Error: [Callstack] 0x00007ffe701d0813 UE4Editor-UnrealEd.dll!UnknownFunction []
[2019.06.16-07.02.07:198][ 36]LogWindows: Error: [Callstack] 0x00007ffe709ecce6 UE4Editor-UnrealEd.dll!UnknownFunction []
[2019.06.16-07.02.07:198][ 36]LogWindows: Error: [Callstack] 0x00007ff70b3f6bb1 UE4Editor.exe!UnknownFunction []
[2019.06.16-07.02.07:198][ 36]LogWindows: Error: [Callstack] 0x00007ff70b40554c UE4Editor.exe!UnknownFunction []
[2019.06.16-07.02.07:198][ 36]LogWindows: Error: [Callstack] 0x00007ff70b4055ca UE4Editor.exe!UnknownFunction []
[2019.06.16-07.02.07:198][ 36]LogWindows: Error: [Callstack] 0x00007ff70b41316c UE4Editor.exe!UnknownFunction []
[2019.06.16-07.02.07:198][ 36]LogWindows: Error: [Callstack] 0x00007ff70b415b8e UE4Editor.exe!UnknownFunction []
[2019.06.16-07.02.07:198][ 36]LogWindows: Error: [Callstack] 0x00007ffef5a34034 KERNEL32.DLL!UnknownFunction []
[2019.06.16-07.02.07:198][ 36]LogWindows: Error: [Callstack] 0x00007ffef6043691 ntdll.dll!UnknownFunction []
[2019.06.16-07.02.07:198][ 36]LogWindows: Error: 
[2019.06.16-07.02.07:213][ 36]LogExit: Executing StaticShutdownAfterError
[2019.06.16-07.02.07:219][ 36]LogWindows: FPlatformMisc::RequestExit(1)
[2019.06.16-07.02.07:230][ 36]Log file closed, 06/16/19 15:02:07
