Log file open, 05/30/19 12:16:37
LogWindows: Failed to load 'aqProf.dll' (GetLastError=126)
LogWindows: File 'aqProf.dll' does not exist
LogWindows: Failed to load 'VtuneApi.dll' (GetLastError=126)
LogWindows: File 'VtuneApi.dll' does not exist
LogWindows: Failed to load 'VtuneApi32e.dll' (GetLastError=126)
LogWindows: File 'VtuneApi32e.dll' does not exist
LogConsoleResponse: Display: Failed to find resolution value strings in scalability ini. Falling back to default.
LogInit: Display: Running engine for game: VrResearch
LogPakFile: Registered encryption key '00000000000000000000000000000000': 0 pak files mounted, 0 remain pending
LogPlatformFile: Not using cached read wrapper
LogTaskGraph: Started task graph with 5 named threads and 23 total threads with 3 sets of task threads.
LogStats: Stats thread started at 0.298409
LogD3D11RHI: Loaded GFSDK_Aftermath_Lib.x64.dll
LogICUInternationalization: ICU TimeZone Detection - Raw Offset: +12:00, Platform Override: ''
LogPluginManager: Mounting plugin Paper2D
LogPluginManager: Mounting plugin AISupport
LogPluginManager: Mounting plugin LightPropagationVolume
LogPluginManager: Mounting plugin ActorLayerUtilities
LogPluginManager: Mounting plugin AnimationSharing
LogPluginManager: Mounting plugin CLionSourceCodeAccess
LogPluginManager: Mounting plugin CodeLiteSourceCodeAccess
LogPluginManager: Mounting plugin GitSourceControl
LogPluginManager: Mounting plugin KDevelopSourceCodeAccess
LogPluginManager: Mounting plugin NullSourceCodeAccess
LogPluginManager: Mounting plugin PerforceSourceControl
LogPluginManager: Mounting plugin SubversionSourceControl
LogPluginManager: Mounting plugin UObjectPlugin
LogPluginManager: Mounting plugin VisualStudioCodeSourceCodeAccess
LogPluginManager: Mounting plugin VisualStudioSourceCodeAccess
LogPluginManager: Mounting plugin XCodeSourceCodeAccess
LogPluginManager: Mounting plugin AssetManagerEditor
LogPluginManager: Mounting plugin CryptoKeys
LogPluginManager: Mounting plugin DataValidation
LogPluginManager: Mounting plugin FacialAnimation
LogPluginManager: Mounting plugin GameplayTagsEditor
LogPluginManager: Mounting plugin MacGraphicsSwitching
LogPluginManager: Mounting plugin MaterialAnalyzer
LogPluginManager: Mounting plugin MobileLauncherProfileWizard
LogPluginManager: Mounting plugin PluginBrowser
LogPluginManager: Mounting plugin SpeedTreeImporter
LogPluginManager: Mounting plugin DatasmithContent
LogPluginManager: Mounting plugin VariantManagerContent
LogPluginManager: Mounting plugin AlembicImporter
LogPluginManager: Mounting plugin AppleImageUtils
LogPluginManager: Mounting plugin AppleVision
LogPluginManager: Mounting plugin BackChannel
LogPluginManager: Mounting plugin CharacterAI
LogPluginManager: Mounting plugin GeometryCache
LogPluginManager: Mounting plugin HTML5Networking
LogPluginManager: Mounting plugin ProxyLODPlugin
LogPluginManager: Mounting plugin SkeletalReduction
LogPluginManager: Mounting plugin MagicLeap
LogPluginManager: Mounting plugin MagicLeapMedia
LogPluginManager: Mounting plugin AndroidMedia
LogPluginManager: Mounting plugin AvfMedia
LogPluginManager: Mounting plugin ImgMedia
LogPluginManager: Mounting plugin LinearTimecode
LogPluginManager: Mounting plugin MediaCompositing
LogPluginManager: Mounting plugin MediaPlayerEditor
LogPluginManager: Mounting plugin WebMMedia
LogPluginManager: Mounting plugin WmfMedia
LogPluginManager: Mounting plugin TcpMessaging
LogPluginManager: Mounting plugin UdpMessaging
LogPluginManager: Mounting plugin ActorSequence
LogPluginManager: Mounting plugin LevelSequenceEditor
LogPluginManager: Mounting plugin MatineeToLevelSequence
LogPluginManager: Mounting plugin NetcodeUnitTest
LogPluginManager: Mounting plugin NUTUnrealEngine4
LogPluginManager: Mounting plugin OnlineSubsystemGooglePlay
LogPluginManager: Mounting plugin OnlineSubsystemIOS
LogPluginManager: Mounting plugin OnlineSubsystem
LogPluginManager: Mounting plugin OnlineSubsystemNull
LogPluginManager: Mounting plugin OnlineSubsystemUtils
LogPluginManager: Mounting plugin LauncherChunkInstaller
LogPluginManager: Mounting plugin AndroidDeviceProfileSelector
LogPluginManager: Mounting plugin AndroidMoviePlayer
LogPluginManager: Mounting plugin AndroidPermission
LogPluginManager: Mounting plugin AppleMoviePlayer
LogPluginManager: Mounting plugin ArchVisCharacter
LogPluginManager: Mounting plugin AudioCapture
LogPluginManager: Mounting plugin CableComponent
LogPluginManager: Mounting plugin CustomMeshComponent
LogPluginManager: Mounting plugin EditableMesh
LogPluginManager: Mounting plugin ExampleDeviceProfileSelector
LogPluginManager: Mounting plugin Firebase
LogPluginManager: Mounting plugin GoogleCloudMessaging
LogPluginManager: Mounting plugin IOSDeviceProfileSelector
LogPluginManager: Mounting plugin LinuxDeviceProfileSelector
LogPluginManager: Mounting plugin LocationServicesBPLibrary
LogPluginManager: Mounting plugin MobilePatchingUtils
LogPluginManager: Mounting plugin OculusVR
LogPluginManager: Mounting plugin PhysXVehicles
LogPluginManager: Mounting plugin ProceduralMeshComponent
LogPluginManager: Mounting plugin RuntimePhysXCooking
LogPluginManager: Mounting plugin SignificanceManager
LogPluginManager: Mounting plugin SteamVR
LogPluginManager: Mounting plugin WebMMoviePlayer
LogPluginManager: Mounting plugin WindowsMoviePlayer
LogInit: Using libcurl 7.55.1-DEV
LogInit:  - built for x86_64-pc-win32
LogInit:  - supports SSL with OpenSSL/1.1.1
LogInit:  - supports HTTP deflate (compression) using libz 1.2.8
LogInit:  - other features:
LogInit:      CURL_VERSION_SSL
LogInit:      CURL_VERSION_LIBZ
LogInit:      CURL_VERSION_IPV6
LogInit:      CURL_VERSION_ASYNCHDNS
LogInit:      CURL_VERSION_LARGEFILE
LogInit:      CURL_VERSION_IDN
LogInit:  CurlRequestOptions (configurable via config and command line):
LogInit:  - bVerifyPeer = true  - Libcurl will verify peer certificate
LogInit:  - bUseHttpProxy = false  - Libcurl will NOT use HTTP proxy
LogInit:  - bDontReuseConnections = false  - Libcurl will reuse connections
LogInit:  - MaxHostConnections = 16  - Libcurl will limit the number of connections to a host
LogInit:  - LocalHostAddr = Default
LogInit:  - BufferSize = 65536
LogInit: WinSock: version 1.1 (2.2), MaxSocks=32767, MaxUdp=65467
LogInit: Build: ++UE4+Release-4.22-CL-6063286
LogInit: Engine Version: 4.22.1-6063286+++UE4+Release-4.22
LogInit: Compatible Engine Version: 4.22.0-5660361+++UE4+Release-4.22
LogInit: Net CL: 5660361
LogInit: OS: Windows 10 (Release 1803) (), CPU: Intel(R) Core(TM) i7-4790 CPU @ 3.60GHz, GPU: NVIDIA GeForce GTX 960
LogInit: Compiled (64-bit): Apr 24 2019 04:36:48
LogInit: Compiled with Visual C++: 19.16.27025.01
LogInit: Build Configuration: Development
LogInit: Branch Name: ++UE4+Release-4.22
LogInit: Command Line: 
LogInit: Base Directory: D:/Users/James.joh7359/Documents/UE_4.22/Engine/Binaries/Win64/
LogInit: Installed Engine Build: 1
LogDevObjectVersion: Number of dev versions registered: 23
LogDevObjectVersion:   Dev-Blueprints (B0D832E4-1F89-4F0D-ACCF-7EB736FD4AA2): 10
LogDevObjectVersion:   Dev-Build (E1C64328-A22C-4D53-A36C-8E866417BD8C): 0
LogDevObjectVersion:   Dev-Core (375EC13C-06E4-48FB-B500-84F0262A717E): 3
LogDevObjectVersion:   Dev-Editor (E4B068ED-F494-42E9-A231-DA0B2E46BB41): 30
LogDevObjectVersion:   Dev-Framework (CFFC743F-43B0-4480-9391-14DF171D2073): 35
LogDevObjectVersion:   Dev-Mobile (B02B49B5-BB20-44E9-A304-32B752E40360): 2
LogDevObjectVersion:   Dev-Networking (A4E4105C-59A1-49B5-A7C5-40C4547EDFEE): 0
LogDevObjectVersion:   Dev-Online (39C831C9-5AE6-47DC-9A44-9C173E1C8E7C): 0
LogDevObjectVersion:   Dev-Physics (78F01B33-EBEA-4F98-B9B4-84EACCB95AA2): 0
LogDevObjectVersion:   Dev-Platform (6631380F-2D4D-43E0-8009-CF276956A95A): 0
LogDevObjectVersion:   Dev-Rendering (12F88B9F-8875-4AFC-A67C-D90C383ABD29): 28
LogDevObjectVersion:   Dev-Sequencer (7B5AE74C-D270-4C10-A958-57980B212A5A): 11
LogDevObjectVersion:   Dev-VR (D7296918-1DD6-4BDD-9DE2-64A83CC13884): 2
LogDevObjectVersion:   Dev-LoadTimes (C2A15278-BFE7-4AFE-6C17-90FF531DF755): 1
LogDevObjectVersion:   Private-Geometry (6EACA3D4-40EC-4CC1-B786-8BED09428FC5): 3
LogDevObjectVersion:   Dev-AnimPhys (29E575DD-E0A3-4627-9D10-D276232CDCEA): 17
LogDevObjectVersion:   Dev-Anim (AF43A65D-7FD3-4947-9873-3E8ED9C1BB05): 2
LogDevObjectVersion:   Dev-ReflectionCapture (6B266CEC-1EC7-4B8F-A30B-E4D90942FC07): 1
LogDevObjectVersion:   Dev-Automation (0DF73D61-A23F-47EA-B727-89E90C41499A): 1
LogDevObjectVersion:   FortniteMain (601D1886-AC64-4F84-AA16-D3DE0DEAC7D6): 25
LogDevObjectVersion:   Dev-Enterprise (9DFFBCD6-494F-0158-E221-12823C92A888): 6
LogDevObjectVersion:   Dev-Niagara (F2AED0AC-9AFE-416F-8664-AA7FFA26D6FC): 1
LogDevObjectVersion:   Dev-Destruction (174F1F0B-B4C6-45A5-B13F-2EE8D0FB917D): 2
LogInit: Presizing for max 16777216 objects, including 0 objects not considered by GC, pre-allocating 0 bytes for permanent pool.
LogInit: Object subsystem initialized
LogConfig: Setting CVar [[con.DebugEarlyDefault:1]]
LogConfig: Setting CVar [[r.setres:1280x720]]
[2019.05.30-00.16.38:233][  0]LogConfig: Setting CVar [[r.VSync:0]]
[2019.05.30-00.16.38:233][  0]LogConfig: Setting CVar [[r.RHICmdBypass:0]]
[2019.05.30-00.16.38:234][  0]LogConfig: Applying CVar settings from Section [/Script/Engine.RendererSettings] File [D:/Users/James.joh7359/Documents/VrProject/VrResearch/Saved/Config/Windows/Engine.ini]
[2019.05.30-00.16.38:234][  0]LogConfig: Setting CVar [[r.GPUCrashDebugging:0]]
[2019.05.30-00.16.38:234][  0]LogConfig: Setting CVar [[r.DefaultFeature.AmbientOcclusion:0]]
[2019.05.30-00.16.38:234][  0]LogConfig: Setting CVar [[r.DefaultFeature.AmbientOcclusionStaticFraction:0]]
[2019.05.30-00.16.38:234][  0]LogConfig: Setting CVar [[vr.InstancedStereo:1]]
[2019.05.30-00.16.38:234][  0]LogConfig: Setting CVar [[r.SeparateTranslucency:0]]
[2019.05.30-00.16.38:234][  0]LogConfig: Setting CVar [[r.HZBOcclusion:0]]
[2019.05.30-00.16.38:234][  0]LogConfig: Setting CVar [[r.SSR.MaxRoughness:0]]
[2019.05.30-00.16.38:234][  0]LogConfig: Setting CVar [[r.rhicmdbypass:0]]
[2019.05.30-00.16.38:234][  0]LogConfig: Applying CVar settings from Section [/Script/Engine.RendererOverrideSettings] File [D:/Users/James.joh7359/Documents/VrProject/VrResearch/Saved/Config/Windows/Engine.ini]
[2019.05.30-00.16.38:234][  0]LogConfig: Applying CVar settings from Section [/Script/Engine.StreamingSettings] File [D:/Users/James.joh7359/Documents/VrProject/VrResearch/Saved/Config/Windows/Engine.ini]
[2019.05.30-00.16.38:234][  0]LogConfig: Setting CVar [[s.MinBulkDataSizeForAsyncLoading:131072]]
[2019.05.30-00.16.38:234][  0]LogConfig: Setting CVar [[s.AsyncLoadingThreadEnabled:0]]
[2019.05.30-00.16.38:234][  0]LogConfig: Setting CVar [[s.EventDrivenLoaderEnabled:1]]
[2019.05.30-00.16.38:234][  0]LogConfig: Setting CVar [[s.WarnIfTimeLimitExceeded:0]]
[2019.05.30-00.16.38:234][  0]LogConfig: Setting CVar [[s.TimeLimitExceededMultiplier:1.5]]
[2019.05.30-00.16.38:234][  0]LogConfig: Setting CVar [[s.TimeLimitExceededMinTime:0.005]]
[2019.05.30-00.16.38:234][  0]LogConfig: Setting CVar [[s.UseBackgroundLevelStreaming:1]]
[2019.05.30-00.16.38:234][  0]LogConfig: Setting CVar [[s.PriorityAsyncLoadingExtraTime:15.0]]
[2019.05.30-00.16.38:234][  0]LogConfig: Setting CVar [[s.LevelStreamingActorsUpdateTimeLimit:5.0]]
[2019.05.30-00.16.38:234][  0]LogConfig: Setting CVar [[s.PriorityLevelStreamingActorsUpdateExtraTime:5.0]]
[2019.05.30-00.16.38:234][  0]LogConfig: Setting CVar [[s.LevelStreamingComponentsRegistrationGranularity:10]]
[2019.05.30-00.16.38:234][  0]LogConfig: Setting CVar [[s.UnregisterComponentsTimeLimit:1.0]]
[2019.05.30-00.16.38:234][  0]LogConfig: Setting CVar [[s.LevelStreamingComponentsUnregistrationGranularity:5]]
[2019.05.30-00.16.38:234][  0]LogConfig: Applying CVar settings from Section [/Script/Engine.GarbageCollectionSettings] File [D:/Users/James.joh7359/Documents/VrProject/VrResearch/Saved/Config/Windows/Engine.ini]
[2019.05.30-00.16.38:234][  0]LogConfig: Setting CVar [[gc.MaxObjectsNotConsideredByGC:1]]
[2019.05.30-00.16.38:234][  0]LogConfig: Setting CVar [[gc.SizeOfPermanentObjectPool:0]]
[2019.05.30-00.16.38:234][  0]LogConfig: Setting CVar [[gc.FlushStreamingOnGC:0]]
[2019.05.30-00.16.38:234][  0]LogConfig: Setting CVar [[gc.NumRetriesBeforeForcingGC:10]]
[2019.05.30-00.16.38:234][  0]LogConfig: Setting CVar [[gc.AllowParallelGC:1]]
[2019.05.30-00.16.38:234][  0]LogConfig: Setting CVar [[gc.TimeBetweenPurgingPendingKillObjects:61.1]]
[2019.05.30-00.16.38:234][  0]LogConfig: Setting CVar [[gc.MaxObjectsInEditor:16777216]]
[2019.05.30-00.16.38:234][  0]LogConfig: Setting CVar [[gc.IncrementalBeginDestroyEnabled:1]]
[2019.05.30-00.16.38:234][  0]LogConfig: Setting CVar [[gc.CreateGCClusters:1]]
[2019.05.30-00.16.38:234][  0]LogConfig: Setting CVar [[gc.MinGCClusterSize:5]]
[2019.05.30-00.16.38:234][  0]LogConfig: Setting CVar [[gc.ActorClusteringEnabled:0]]
[2019.05.30-00.16.38:234][  0]LogConfig: Setting CVar [[gc.BlueprintClusteringEnabled:0]]
[2019.05.30-00.16.38:234][  0]LogConfig: Setting CVar [[gc.UseDisregardForGCOnDedicatedServers:0]]
[2019.05.30-00.16.38:234][  0]LogConfig: Applying CVar settings from Section [/Script/Engine.NetworkSettings] File [D:/Users/James.joh7359/Documents/VrProject/VrResearch/Saved/Config/Windows/Engine.ini]
[2019.05.30-00.16.38:234][  0]LogConfig: Applying CVar settings from Section [/Script/UnrealEd.CookerSettings] File [D:/Users/James.joh7359/Documents/VrProject/VrResearch/Saved/Config/Windows/Engine.ini]
[2019.05.30-00.16.38:240][  0]LogConfig: Applying CVar settings from Section [ViewDistanceQuality@3] File [D:/Users/James.joh7359/Documents/VrProject/VrResearch/Saved/Config/Windows/Scalability.ini]
[2019.05.30-00.16.38:240][  0]LogConfig: Setting CVar [[r.SkeletalMeshLODBias:0]]
[2019.05.30-00.16.38:240][  0]LogConfig: Setting CVar [[r.ViewDistanceScale:1.0]]
[2019.05.30-00.16.38:240][  0]LogConfig: Applying CVar settings from Section [AntiAliasingQuality@3] File [D:/Users/James.joh7359/Documents/VrProject/VrResearch/Saved/Config/Windows/Scalability.ini]
[2019.05.30-00.16.38:240][  0]LogConfig: Setting CVar [[r.PostProcessAAQuality:3]]
[2019.05.30-00.16.38:240][  0]LogConfig: Applying CVar settings from Section [ShadowQuality@3] File [D:/Users/James.joh7359/Documents/VrProject/VrResearch/Saved/Config/Windows/Scalability.ini]
[2019.05.30-00.16.38:240][  0]LogConfig: Setting CVar [[r.LightFunctionQuality:1]]
[2019.05.30-00.16.38:240][  0]LogConfig: Setting CVar [[r.ShadowQuality:5]]
[2019.05.30-00.16.38:240][  0]LogConfig: Setting CVar [[r.Shadow.CSM.MaxCascades:10]]
[2019.05.30-00.16.38:240][  0]LogConfig: Setting CVar [[r.Shadow.MaxResolution:2048]]
[2019.05.30-00.16.38:240][  0]LogConfig: Setting CVar [[r.Shadow.MaxCSMResolution:2048]]
[2019.05.30-00.16.38:240][  0]LogConfig: Setting CVar [[r.Shadow.RadiusThreshold:0.01]]
[2019.05.30-00.16.38:240][  0]LogConfig: Setting CVar [[r.Shadow.DistanceScale:1.0]]
[2019.05.30-00.16.38:240][  0]LogConfig: Setting CVar [[r.Shadow.CSM.TransitionScale:1.0]]
[2019.05.30-00.16.38:240][  0]LogConfig: Setting CVar [[r.Shadow.PreShadowResolutionFactor:1.0]]
[2019.05.30-00.16.38:240][  0]LogConfig: Setting CVar [[r.DistanceFieldShadowing:1]]
[2019.05.30-00.16.38:240][  0]LogConfig: Setting CVar [[r.DistanceFieldAO:1]]
[2019.05.30-00.16.38:240][  0]LogConfig: Setting CVar [[r.AOQuality:2]]
[2019.05.30-00.16.38:240][  0]LogConfig: Setting CVar [[r.VolumetricFog:1]]
[2019.05.30-00.16.38:240][  0]LogConfig: Setting CVar [[r.VolumetricFog.GridPixelSize:8]]
[2019.05.30-00.16.38:240][  0]LogConfig: Setting CVar [[r.VolumetricFog.GridSizeZ:128]]
[2019.05.30-00.16.38:240][  0]LogConfig: Setting CVar [[r.VolumetricFog.HistoryMissSupersampleCount:4]]
[2019.05.30-00.16.38:240][  0]LogConfig: Setting CVar [[r.LightMaxDrawDistanceScale:1]]
[2019.05.30-00.16.38:240][  0]LogConfig: Setting CVar [[r.CapsuleShadows:1]]
[2019.05.30-00.16.38:240][  0]LogConfig: Applying CVar settings from Section [PostProcessQuality@3] File [D:/Users/James.joh7359/Documents/VrProject/VrResearch/Saved/Config/Windows/Scalability.ini]
[2019.05.30-00.16.38:240][  0]LogConfig: Setting CVar [[r.MotionBlurQuality:0]]
[2019.05.30-00.16.38:240][  0]LogConfig: Setting CVar [[r.AmbientOcclusionMipLevelFactor:0.4]]
[2019.05.30-00.16.38:240][  0]LogConfig: Setting CVar [[r.AmbientOcclusionMaxQuality:100]]
[2019.05.30-00.16.38:240][  0]LogConfig: Setting CVar [[r.AmbientOcclusionLevels:0]]
[2019.05.30-00.16.38:240][  0]LogConfig: Setting CVar [[r.AmbientOcclusionRadiusScale:1.0]]
[2019.05.30-00.16.38:240][  0]LogConfig: Setting CVar [[r.DepthOfFieldQuality:0]]
[2019.05.30-00.16.38:240][  0]LogConfig: Setting CVar [[r.RenderTargetPoolMin:400]]
[2019.05.30-00.16.38:240][  0]LogConfig: Setting CVar [[r.LensFlareQuality:0]]
[2019.05.30-00.16.38:240][  0]LogConfig: Setting CVar [[r.SceneColorFringeQuality:0]]
[2019.05.30-00.16.38:241][  0]LogConfig: Setting CVar [[r.EyeAdaptationQuality:2]]
[2019.05.30-00.16.38:241][  0]LogConfig: Setting CVar [[r.BloomQuality:1]]
[2019.05.30-00.16.38:241][  0]LogConfig: Setting CVar [[r.FastBlurThreshold:0]]
[2019.05.30-00.16.38:241][  0]LogConfig: Setting CVar [[r.Upscale.Quality:3]]
[2019.05.30-00.16.38:241][  0]LogConfig: Setting CVar [[r.Tonemapper.GrainQuantization:1]]
[2019.05.30-00.16.38:241][  0]LogConfig: Setting CVar [[r.LightShaftQuality:1]]
[2019.05.30-00.16.38:241][  0]LogConfig: Setting CVar [[r.Filter.SizeScale:1]]
[2019.05.30-00.16.38:241][  0]LogConfig: Setting CVar [[r.Tonemapper.Quality:5]]
[2019.05.30-00.16.38:241][  0]LogConfig: Setting CVar [[r.DOF.Gather.AccumulatorQuality:1        ; higher gathering accumulator quality]]
[2019.05.30-00.16.38:241][  0]LogConfig: Setting CVar [[r.DOF.Gather.PostfilterMethod:1          ; Median3x3 postfilering method]]
[2019.05.30-00.16.38:241][  0]LogConfig: Setting CVar [[r.DOF.Gather.EnableBokehSettings:0       ; no bokeh simulation when gathering]]
[2019.05.30-00.16.38:241][  0]LogConfig: Setting CVar [[r.DOF.Gather.RingCount:4                 ; medium number of samples when gathering]]
[2019.05.30-00.16.38:241][  0]LogConfig: Setting CVar [[r.DOF.Scatter.ForegroundCompositing:1    ; additive foreground scattering]]
[2019.05.30-00.16.38:241][  0]LogConfig: Setting CVar [[r.DOF.Scatter.BackgroundCompositing:2    ; additive background scattering]]
[2019.05.30-00.16.38:241][  0]LogConfig: Setting CVar [[r.DOF.Scatter.EnableBokehSettings:1      ; bokeh simulation when scattering]]
[2019.05.30-00.16.38:241][  0]LogConfig: Setting CVar [[r.DOF.Scatter.MaxSpriteRatio:0.1         ; only a maximum of 10% of scattered bokeh]]
[2019.05.30-00.16.38:241][  0]LogConfig: Setting CVar [[r.DOF.Recombine.Quality:1                ; cheap slight out of focus]]
[2019.05.30-00.16.38:241][  0]LogConfig: Setting CVar [[r.DOF.Recombine.EnableBokehSettings:0    ; no bokeh simulation on slight out of focus]]
[2019.05.30-00.16.38:241][  0]LogConfig: Setting CVar [[r.DOF.TemporalAAQuality:1                ; more stable temporal accumulation]]
[2019.05.30-00.16.38:241][  0]LogConfig: Setting CVar [[r.DOF.Kernel.MaxForegroundRadius:0.025]]
[2019.05.30-00.16.38:241][  0]LogConfig: Setting CVar [[r.DOF.Kernel.MaxBackgroundRadius:0.025]]
[2019.05.30-00.16.38:241][  0]LogConfig: Applying CVar settings from Section [TextureQuality@3] File [D:/Users/James.joh7359/Documents/VrProject/VrResearch/Saved/Config/Windows/Scalability.ini]
[2019.05.30-00.16.38:241][  0]LogConfig: Setting CVar [[r.Streaming.MipBias:0]]
[2019.05.30-00.16.38:241][  0]LogConfig: Setting CVar [[r.Streaming.AmortizeCPUToGPUCopy:0]]
[2019.05.30-00.16.38:241][  0]LogConfig: Setting CVar [[r.Streaming.MaxNumTexturesToStreamPerFrame:0]]
[2019.05.30-00.16.38:241][  0]LogConfig: Setting CVar [[r.Streaming.Boost:1]]
[2019.05.30-00.16.38:241][  0]LogConfig: Setting CVar [[r.MaxAnisotropy:8]]
[2019.05.30-00.16.38:241][  0]LogConfig: Setting CVar [[r.Streaming.LimitPoolSizeToVRAM:0]]
[2019.05.30-00.16.38:241][  0]LogConfig: Setting CVar [[r.Streaming.PoolSize:1000]]
[2019.05.30-00.16.38:241][  0]LogConfig: Setting CVar [[r.Streaming.MaxEffectiveScreenSize:0]]
[2019.05.30-00.16.38:241][  0]LogConfig: Applying CVar settings from Section [EffectsQuality@3] File [D:/Users/James.joh7359/Documents/VrProject/VrResearch/Saved/Config/Windows/Scalability.ini]
[2019.05.30-00.16.38:241][  0]LogConfig: Setting CVar [[r.TranslucencyLightingVolumeDim:4]]
[2019.05.30-00.16.38:241][  0]LogConfig: Setting CVar [[r.RefractionQuality:2]]
[2019.05.30-00.16.38:241][  0]LogConfig: Setting CVar [[r.SSR.Quality:0]]
[2019.05.30-00.16.38:241][  0]LogConfig: Setting CVar [[r.SceneColorFormat:2]]
[2019.05.30-00.16.38:241][  0]LogConfig: Setting CVar [[r.DetailMode:2]]
[2019.05.30-00.16.38:241][  0]LogConfig: Setting CVar [[r.TranslucencyVolumeBlur:0]]
[2019.05.30-00.16.38:241][  0]LogConfig: Setting CVar [[r.MaterialQualityLevel:1 ; High quality]]
[2019.05.30-00.16.38:241][  0]LogConfig: Setting CVar [[r.SSS.Scale:1]]
[2019.05.30-00.16.38:241][  0]LogConfig: Setting CVar [[r.SSS.SampleSet:2]]
[2019.05.30-00.16.38:241][  0]LogConfig: Setting CVar [[r.SSS.Quality:1]]
[2019.05.30-00.16.38:241][  0]LogConfig: Setting CVar [[r.SSS.HalfRes:1]]
[2019.05.30-00.16.38:241][  0]LogConfig: Setting CVar [[r.EmitterSpawnRateScale:1.0]]
[2019.05.30-00.16.38:241][  0]LogConfig: Setting CVar [[r.ParticleLightQuality:2]]
[2019.05.30-00.16.38:241][  0]LogConfig: Applying CVar settings from Section [FoliageQuality@3] File [D:/Users/James.joh7359/Documents/VrProject/VrResearch/Saved/Config/Windows/Scalability.ini]
[2019.05.30-00.16.38:241][  0]LogConfig: Setting CVar [[foliage.DensityScale:1.0]]
[2019.05.30-00.16.38:241][  0]LogConfig: Setting CVar [[grass.DensityScale:1.0]]
[2019.05.30-00.16.38:241][  0]LogInit: Selected Device Profile: [Windows]
[2019.05.30-00.16.38:241][  0]LogInit: Applying CVar settings loaded from the selected device profile: [Windows]
[2019.05.30-00.16.38:252][  0]LogHAL: Display: Platform has ~ 16 GB [17027911680 / 17179869184 / 16], which maps to Larger [LargestMinGB=32, LargerMinGB=12, DefaultMinGB=8, SmallerMinGB=6, SmallestMinGB=0)
[2019.05.30-00.16.38:252][  0]LogConfig: Setting CVar [[r.Vulkan.UseRealUBs:0		; Required until we fix HLR fall-out]]
[2019.05.30-00.16.38:252][  0]LogInit: Going up to parent DeviceProfile []
[2019.05.30-00.16.38:252][  0]LogConfig: Applying CVar settings from Section [ViewDistanceQuality@3] File [D:/Users/James.joh7359/Documents/VrProject/VrResearch/Saved/Config/Windows/Scalability.ini]
[2019.05.30-00.16.38:252][  0]LogConfig: Setting CVar [[r.SkeletalMeshLODBias:0]]
[2019.05.30-00.16.38:252][  0]LogConfig: Setting CVar [[r.ViewDistanceScale:1.0]]
[2019.05.30-00.16.38:252][  0]LogConfig: Applying CVar settings from Section [AntiAliasingQuality@3] File [D:/Users/James.joh7359/Documents/VrProject/VrResearch/Saved/Config/Windows/Scalability.ini]
[2019.05.30-00.16.38:252][  0]LogConfig: Setting CVar [[r.PostProcessAAQuality:3]]
[2019.05.30-00.16.38:252][  0]LogConfig: Applying CVar settings from Section [ShadowQuality@3] File [D:/Users/James.joh7359/Documents/VrProject/VrResearch/Saved/Config/Windows/Scalability.ini]
[2019.05.30-00.16.38:252][  0]LogConfig: Setting CVar [[r.LightFunctionQuality:1]]
[2019.05.30-00.16.38:252][  0]LogConfig: Setting CVar [[r.ShadowQuality:5]]
[2019.05.30-00.16.38:253][  0]LogConfig: Setting CVar [[r.Shadow.CSM.MaxCascades:10]]
[2019.05.30-00.16.38:253][  0]LogConfig: Setting CVar [[r.Shadow.MaxResolution:2048]]
[2019.05.30-00.16.38:253][  0]LogConfig: Setting CVar [[r.Shadow.MaxCSMResolution:2048]]
[2019.05.30-00.16.38:253][  0]LogConfig: Setting CVar [[r.Shadow.RadiusThreshold:0.01]]
[2019.05.30-00.16.38:253][  0]LogConfig: Setting CVar [[r.Shadow.DistanceScale:1.0]]
[2019.05.30-00.16.38:253][  0]LogConfig: Setting CVar [[r.Shadow.CSM.TransitionScale:1.0]]
[2019.05.30-00.16.38:253][  0]LogConfig: Setting CVar [[r.Shadow.PreShadowResolutionFactor:1.0]]
[2019.05.30-00.16.38:253][  0]LogConfig: Setting CVar [[r.DistanceFieldShadowing:1]]
[2019.05.30-00.16.38:253][  0]LogConfig: Setting CVar [[r.DistanceFieldAO:1]]
[2019.05.30-00.16.38:253][  0]LogConfig: Setting CVar [[r.AOQuality:2]]
[2019.05.30-00.16.38:253][  0]LogConfig: Setting CVar [[r.VolumetricFog:1]]
[2019.05.30-00.16.38:253][  0]LogConfig: Setting CVar [[r.VolumetricFog.GridPixelSize:8]]
[2019.05.30-00.16.38:253][  0]LogConfig: Setting CVar [[r.VolumetricFog.GridSizeZ:128]]
[2019.05.30-00.16.38:253][  0]LogConfig: Setting CVar [[r.VolumetricFog.HistoryMissSupersampleCount:4]]
[2019.05.30-00.16.38:253][  0]LogConfig: Setting CVar [[r.LightMaxDrawDistanceScale:1]]
[2019.05.30-00.16.38:253][  0]LogConfig: Setting CVar [[r.CapsuleShadows:1]]
[2019.05.30-00.16.38:253][  0]LogConfig: Applying CVar settings from Section [PostProcessQuality@3] File [D:/Users/James.joh7359/Documents/VrProject/VrResearch/Saved/Config/Windows/Scalability.ini]
[2019.05.30-00.16.38:253][  0]LogConfig: Setting CVar [[r.MotionBlurQuality:0]]
[2019.05.30-00.16.38:253][  0]LogConfig: Setting CVar [[r.AmbientOcclusionMipLevelFactor:0.4]]
[2019.05.30-00.16.38:253][  0]LogConfig: Setting CVar [[r.AmbientOcclusionMaxQuality:100]]
[2019.05.30-00.16.38:253][  0]LogConfig: Setting CVar [[r.AmbientOcclusionLevels:0]]
[2019.05.30-00.16.38:253][  0]LogConfig: Setting CVar [[r.AmbientOcclusionRadiusScale:1.0]]
[2019.05.30-00.16.38:253][  0]LogConfig: Setting CVar [[r.DepthOfFieldQuality:0]]
[2019.05.30-00.16.38:253][  0]LogConfig: Setting CVar [[r.RenderTargetPoolMin:400]]
[2019.05.30-00.16.38:253][  0]LogConfig: Setting CVar [[r.LensFlareQuality:0]]
[2019.05.30-00.16.38:253][  0]LogConfig: Setting CVar [[r.SceneColorFringeQuality:0]]
[2019.05.30-00.16.38:253][  0]LogConfig: Setting CVar [[r.EyeAdaptationQuality:2]]
[2019.05.30-00.16.38:253][  0]LogConfig: Setting CVar [[r.BloomQuality:1]]
[2019.05.30-00.16.38:253][  0]LogConfig: Setting CVar [[r.FastBlurThreshold:0]]
[2019.05.30-00.16.38:253][  0]LogConfig: Setting CVar [[r.Upscale.Quality:3]]
[2019.05.30-00.16.38:253][  0]LogConfig: Setting CVar [[r.Tonemapper.GrainQuantization:1]]
[2019.05.30-00.16.38:253][  0]LogConfig: Setting CVar [[r.LightShaftQuality:1]]
[2019.05.30-00.16.38:253][  0]LogConfig: Setting CVar [[r.Filter.SizeScale:1]]
[2019.05.30-00.16.38:253][  0]LogConfig: Setting CVar [[r.Tonemapper.Quality:5]]
[2019.05.30-00.16.38:253][  0]LogConfig: Setting CVar [[r.DOF.Gather.AccumulatorQuality:1        ; higher gathering accumulator quality]]
[2019.05.30-00.16.38:253][  0]LogConfig: Setting CVar [[r.DOF.Gather.PostfilterMethod:1          ; Median3x3 postfilering method]]
[2019.05.30-00.16.38:253][  0]LogConfig: Setting CVar [[r.DOF.Gather.EnableBokehSettings:0       ; no bokeh simulation when gathering]]
[2019.05.30-00.16.38:253][  0]LogConfig: Setting CVar [[r.DOF.Gather.RingCount:4                 ; medium number of samples when gathering]]
[2019.05.30-00.16.38:253][  0]LogConfig: Setting CVar [[r.DOF.Scatter.ForegroundCompositing:1    ; additive foreground scattering]]
[2019.05.30-00.16.38:253][  0]LogConfig: Setting CVar [[r.DOF.Scatter.BackgroundCompositing:2    ; additive background scattering]]
[2019.05.30-00.16.38:253][  0]LogConfig: Setting CVar [[r.DOF.Scatter.EnableBokehSettings:1      ; bokeh simulation when scattering]]
[2019.05.30-00.16.38:253][  0]LogConfig: Setting CVar [[r.DOF.Scatter.MaxSpriteRatio:0.1         ; only a maximum of 10% of scattered bokeh]]
[2019.05.30-00.16.38:253][  0]LogConfig: Setting CVar [[r.DOF.Recombine.Quality:1                ; cheap slight out of focus]]
[2019.05.30-00.16.38:253][  0]LogConfig: Setting CVar [[r.DOF.Recombine.EnableBokehSettings:0    ; no bokeh simulation on slight out of focus]]
[2019.05.30-00.16.38:253][  0]LogConfig: Setting CVar [[r.DOF.TemporalAAQuality:1                ; more stable temporal accumulation]]
[2019.05.30-00.16.38:253][  0]LogConfig: Setting CVar [[r.DOF.Kernel.MaxForegroundRadius:0.025]]
[2019.05.30-00.16.38:253][  0]LogConfig: Setting CVar [[r.DOF.Kernel.MaxBackgroundRadius:0.025]]
[2019.05.30-00.16.38:253][  0]LogConfig: Applying CVar settings from Section [TextureQuality@3] File [D:/Users/James.joh7359/Documents/VrProject/VrResearch/Saved/Config/Windows/Scalability.ini]
[2019.05.30-00.16.38:253][  0]LogConfig: Setting CVar [[r.Streaming.MipBias:0]]
[2019.05.30-00.16.38:253][  0]LogConfig: Setting CVar [[r.Streaming.AmortizeCPUToGPUCopy:0]]
[2019.05.30-00.16.38:253][  0]LogConfig: Setting CVar [[r.Streaming.MaxNumTexturesToStreamPerFrame:0]]
[2019.05.30-00.16.38:253][  0]LogConfig: Setting CVar [[r.Streaming.Boost:1]]
[2019.05.30-00.16.38:253][  0]LogConfig: Setting CVar [[r.MaxAnisotropy:8]]
[2019.05.30-00.16.38:253][  0]LogConfig: Setting CVar [[r.Streaming.LimitPoolSizeToVRAM:0]]
[2019.05.30-00.16.38:253][  0]LogConfig: Setting CVar [[r.Streaming.PoolSize:1000]]
[2019.05.30-00.16.38:253][  0]LogConfig: Setting CVar [[r.Streaming.MaxEffectiveScreenSize:0]]
[2019.05.30-00.16.38:253][  0]LogConfig: Applying CVar settings from Section [EffectsQuality@3] File [D:/Users/James.joh7359/Documents/VrProject/VrResearch/Saved/Config/Windows/Scalability.ini]
[2019.05.30-00.16.38:253][  0]LogConfig: Setting CVar [[r.TranslucencyLightingVolumeDim:4]]
[2019.05.30-00.16.38:253][  0]LogConfig: Setting CVar [[r.RefractionQuality:2]]
[2019.05.30-00.16.38:253][  0]LogConfig: Setting CVar [[r.SSR.Quality:0]]
[2019.05.30-00.16.38:253][  0]LogConfig: Setting CVar [[r.SceneColorFormat:2]]
[2019.05.30-00.16.38:253][  0]LogConfig: Setting CVar [[r.DetailMode:2]]
[2019.05.30-00.16.38:253][  0]LogConfig: Setting CVar [[r.TranslucencyVolumeBlur:0]]
[2019.05.30-00.16.38:253][  0]LogConfig: Setting CVar [[r.MaterialQualityLevel:1 ; High quality]]
[2019.05.30-00.16.38:253][  0]LogConfig: Setting CVar [[r.SSS.Scale:1]]
[2019.05.30-00.16.38:253][  0]LogConfig: Setting CVar [[r.SSS.SampleSet:2]]
[2019.05.30-00.16.38:253][  0]LogConfig: Setting CVar [[r.SSS.Quality:1]]
[2019.05.30-00.16.38:253][  0]LogConfig: Setting CVar [[r.SSS.HalfRes:1]]
[2019.05.30-00.16.38:253][  0]LogConfig: Setting CVar [[r.EmitterSpawnRateScale:1.0]]
[2019.05.30-00.16.38:253][  0]LogConfig: Setting CVar [[r.ParticleLightQuality:2]]
[2019.05.30-00.16.38:253][  0]LogConfig: Applying CVar settings from Section [FoliageQuality@3] File [D:/Users/James.joh7359/Documents/VrProject/VrResearch/Saved/Config/Windows/Scalability.ini]
[2019.05.30-00.16.38:253][  0]LogConfig: Setting CVar [[foliage.DensityScale:1.0]]
[2019.05.30-00.16.38:253][  0]LogConfig: Setting CVar [[grass.DensityScale:1.0]]
[2019.05.30-00.16.38:253][  0]LogConfig: Applying CVar settings from Section [Startup] File [../../../Engine/Config/ConsoleVariables.ini]
[2019.05.30-00.16.38:254][  0]LogConfig: Setting CVar [[net.UseAdaptiveNetUpdateFrequency:0]]
[2019.05.30-00.16.38:254][  0]LogConfig: Setting CVar [[p.chaos.AllowCreatePhysxBodies:1]]
[2019.05.30-00.16.38:254][  0]LogConfig: Applying CVar settings from Section [ConsoleVariables] File [D:/Users/James.joh7359/Documents/VrProject/VrResearch/Saved/Config/Windows/Engine.ini]
[2019.05.30-00.16.38:254][  0]LogInit: Computer: 1405C021
[2019.05.30-00.16.38:254][  0]LogInit: User: Jamesjoh7359
[2019.05.30-00.16.38:254][  0]LogInit: CPU Page size=4096, Cores=4
[2019.05.30-00.16.38:254][  0]LogInit: High frequency timer resolution =3.507508 MHz
[2019.05.30-00.16.38:254][  0]LogMemory: Memory total: Physical=15.9GB (16GB approx)
[2019.05.30-00.16.38:254][  0]LogMemory: Platform Memory Stats for Windows
[2019.05.30-00.16.38:254][  0]LogMemory: Process Physical Memory: 96.96 MB used, 96.96 MB peak
[2019.05.30-00.16.38:254][  0]LogMemory: Process Virtual Memory: 92.94 MB used, 92.94 MB peak
[2019.05.30-00.16.38:254][  0]LogMemory: Physical Memory: 5834.38 MB used,  10404.70 MB free, 16239.08 MB total
[2019.05.30-00.16.38:254][  0]LogMemory: Virtual Memory: 4663.67 MB used,  134213064.00 MB free, 134217728.00 MB total
[2019.05.30-00.16.38:279][  0]LogInit: Using OS detected language (en-US).
[2019.05.30-00.16.38:279][  0]LogInit: Using OS detected locale (en-NZ).
[2019.05.30-00.16.38:280][  0]LogTextLocalizationManager: No specific localization for 'en-US' exists, so the 'en' localization will be used.
[2019.05.30-00.16.38:453][  0]LogInit: Setting process to per monitor DPI aware
[2019.05.30-00.16.38:500][  0]LogSlate: New Slate User Created.  User Index 0, Is Virtual User: 0
[2019.05.30-00.16.38:500][  0]LogSlate: Slate User Registered.  User Index 0, Is Virtual User: 0
[2019.05.30-00.16.38:677][  0]LogHMD: Failed to initialize OpenVR with code 110
[2019.05.30-00.16.38:677][  0]LogD3D11RHI: D3D11 adapters:
[2019.05.30-00.16.38:730][  0]LogD3D11RHI:    0. 'NVIDIA GeForce GTX 960' (Feature Level 11_0)
[2019.05.30-00.16.38:730][  0]LogD3D11RHI:       2016/0/8119 MB DedicatedVideo/DedicatedSystem/SharedSystem, Outputs:2, VendorId:0x10de
[2019.05.30-00.16.38:736][  0]LogD3D11RHI:    1. 'Intel(R) HD Graphics 4600' (Feature Level 11_0)
[2019.05.30-00.16.38:736][  0]LogD3D11RHI:       32/0/1760 MB DedicatedVideo/DedicatedSystem/SharedSystem, Outputs:0, VendorId:0x8086
[2019.05.30-00.16.38:738][  0]LogD3D11RHI:    2. 'Microsoft Basic Render Driver' (Feature Level 11_0)
[2019.05.30-00.16.38:738][  0]LogD3D11RHI:       0/0/8119 MB DedicatedVideo/DedicatedSystem/SharedSystem, Outputs:0, VendorId:0x1414
[2019.05.30-00.16.38:738][  0]LogD3D11RHI: Chosen D3D11 Adapter: 0
[2019.05.30-00.16.38:749][  0]LogD3D11RHI: Creating new Direct3DDevice
[2019.05.30-00.16.38:749][  0]LogD3D11RHI:     GPU DeviceId: 0x1401 (for the marketing name, search the web for "GPU Device Id")
[2019.05.30-00.16.38:749][  0]LogWindows: EnumDisplayDevices:
[2019.05.30-00.16.38:749][  0]LogWindows:    0. 'NVIDIA GeForce GTX 960' (P:1 D:1)
[2019.05.30-00.16.38:749][  0]LogWindows:    1. 'NVIDIA GeForce GTX 960' (P:0 D:1)
[2019.05.30-00.16.38:750][  0]LogWindows:    2. 'NVIDIA GeForce GTX 960' (P:0 D:0)
[2019.05.30-00.16.38:750][  0]LogWindows:    3. 'NVIDIA GeForce GTX 960' (P:0 D:0)
[2019.05.30-00.16.38:750][  0]LogWindows:    4. 'Intel(R) HD Graphics 4600' (P:0 D:0)
[2019.05.30-00.16.38:751][  0]LogWindows:    5. 'Intel(R) HD Graphics 4600' (P:0 D:0)
[2019.05.30-00.16.38:751][  0]LogWindows:    6. 'Intel(R) HD Graphics 4600' (P:0 D:0)
[2019.05.30-00.16.38:751][  0]LogWindows:    7. 'Mirage Driver' (P:0 D:0)
[2019.05.30-00.16.38:751][  0]LogWindows: DebugString: PrimaryIsNotTheChoosenAdapter PrimaryIsNotTheChoosenAdapter PrimaryIsNotTheChoosenAdapter GetVideoDriverDetailsInvalid PrimaryIsNotTheChoosenAdapter FoundDriverCount:4 
[2019.05.30-00.16.38:751][  0]LogD3D11RHI:     Adapter Name: NVIDIA GeForce GTX 960
[2019.05.30-00.16.38:751][  0]LogD3D11RHI:   Driver Version: 388.13 (internal:23.21.13.8813, unified:388.13)
[2019.05.30-00.16.38:751][  0]LogD3D11RHI:      Driver Date: 10-27-2017
[2019.05.30-00.16.38:751][  0]LogRHI: Texture pool is 1411 MB (70% of 2016 MB)
[2019.05.30-00.16.38:781][  0]LogD3D11RHI: Async texture creation enabled
[2019.05.30-00.16.38:784][  0]LogRendererCore: FGlobalReadBuffer::InitRHI
[2019.05.30-00.16.38:785][  0]LogRendererCore: FGlobalReadBuffer::InitRHI
[2019.05.30-00.16.38:785][  0]LogRendererCore: FGlobalReadBuffer::InitRHI
[2019.05.30-00.16.38:792][  0]LogD3D11RHI: GPU Timing Frequency: 1000.000000 (Debug: 2 1)
[2019.05.30-00.16.39:090][  0]LogTemp: Display: Module 'AllDesktopTargetPlatform' loaded TargetPlatform 'AllDesktop'
[2019.05.30-00.16.39:103][  0]LogTemp: Display: Module 'MacClientTargetPlatform' loaded TargetPlatform 'MacClient'
[2019.05.30-00.16.39:118][  0]LogTemp: Display: Module 'MacNoEditorTargetPlatform' loaded TargetPlatform 'MacNoEditor'
[2019.05.30-00.16.39:132][  0]LogTemp: Display: Module 'MacServerTargetPlatform' loaded TargetPlatform 'MacServer'
[2019.05.30-00.16.39:145][  0]LogTemp: Display: Module 'MacTargetPlatform' loaded TargetPlatform 'Mac'
[2019.05.30-00.16.39:159][  0]LogTemp: Display: Module 'WindowsClientTargetPlatform' loaded TargetPlatform 'WindowsClient'
[2019.05.30-00.16.39:172][  0]LogTemp: Display: Module 'WindowsNoEditorTargetPlatform' loaded TargetPlatform 'WindowsNoEditor'
[2019.05.30-00.16.39:186][  0]LogTemp: Display: Module 'WindowsServerTargetPlatform' loaded TargetPlatform 'WindowsServer'
[2019.05.30-00.16.39:193][  0]LogTemp: Display: Module 'WindowsTargetPlatform' loaded TargetPlatform 'Windows'
[2019.05.30-00.16.39:270][  0]LogTemp: Display: Module 'AndroidTargetPlatform' loaded TargetPlatform 'Android'
[2019.05.30-00.16.39:270][  0]LogTemp: Display: Module 'AndroidTargetPlatform' loaded TargetPlatform 'Android_ASTC'
[2019.05.30-00.16.39:270][  0]LogTemp: Display: Module 'AndroidTargetPlatform' loaded TargetPlatform 'Android_ATC'
[2019.05.30-00.16.39:270][  0]LogTemp: Display: Module 'AndroidTargetPlatform' loaded TargetPlatform 'Android_DXT'
[2019.05.30-00.16.39:270][  0]LogTemp: Display: Module 'AndroidTargetPlatform' loaded TargetPlatform 'Android_ETC1'
[2019.05.30-00.16.39:270][  0]LogTemp: Display: Module 'AndroidTargetPlatform' loaded TargetPlatform 'Android_ETC1a'
[2019.05.30-00.16.39:270][  0]LogTemp: Display: Module 'AndroidTargetPlatform' loaded TargetPlatform 'Android_ETC2'
[2019.05.30-00.16.39:270][  0]LogTemp: Display: Module 'AndroidTargetPlatform' loaded TargetPlatform 'Android_PVRTC'
[2019.05.30-00.16.39:270][  0]LogTemp: Display: Module 'AndroidTargetPlatform' loaded TargetPlatform 'AndroidClient'
[2019.05.30-00.16.39:270][  0]LogTemp: Display: Module 'AndroidTargetPlatform' loaded TargetPlatform 'Android_ASTCClient'
[2019.05.30-00.16.39:270][  0]LogTemp: Display: Module 'AndroidTargetPlatform' loaded TargetPlatform 'Android_ATCClient'
[2019.05.30-00.16.39:270][  0]LogTemp: Display: Module 'AndroidTargetPlatform' loaded TargetPlatform 'Android_DXTClient'
[2019.05.30-00.16.39:270][  0]LogTemp: Display: Module 'AndroidTargetPlatform' loaded TargetPlatform 'Android_ETC1Client'
[2019.05.30-00.16.39:270][  0]LogTemp: Display: Module 'AndroidTargetPlatform' loaded TargetPlatform 'Android_ETC1aClient'
[2019.05.30-00.16.39:270][  0]LogTemp: Display: Module 'AndroidTargetPlatform' loaded TargetPlatform 'Android_ETC2Client'
[2019.05.30-00.16.39:270][  0]LogTemp: Display: Module 'AndroidTargetPlatform' loaded TargetPlatform 'Android_PVRTCClient'
[2019.05.30-00.16.39:270][  0]LogTemp: Display: Module 'AndroidTargetPlatform' loaded TargetPlatform 'Android_Multi'
[2019.05.30-00.16.39:270][  0]LogTemp: Display: Module 'AndroidTargetPlatform' loaded TargetPlatform 'Android_MultiClient'
[2019.05.30-00.16.39:271][  0]LogTemp: Display: Module 'HTML5TargetPlatform' loaded TargetPlatform 'HTML5'
[2019.05.30-00.16.39:321][  0]LogTemp: Display: Module 'IOSTargetPlatform' loaded TargetPlatform 'IOSClient'
[2019.05.30-00.16.39:321][  0]LogTemp: Display: Module 'IOSTargetPlatform' loaded TargetPlatform 'IOS'
[2019.05.30-00.16.39:346][  0]LogTemp: Display: Module 'TVOSTargetPlatform' loaded TargetPlatform 'TVOSClient'
[2019.05.30-00.16.39:346][  0]LogTemp: Display: Module 'TVOSTargetPlatform' loaded TargetPlatform 'TVOS'
[2019.05.30-00.16.39:358][  0]LogTemp: Display: Module 'LinuxClientTargetPlatform' loaded TargetPlatform 'LinuxClient'
[2019.05.30-00.16.39:370][  0]LogTemp: Display: Module 'LinuxNoEditorTargetPlatform' loaded TargetPlatform 'LinuxNoEditor'
[2019.05.30-00.16.39:382][  0]LogTemp: Display: Module 'LinuxServerTargetPlatform' loaded TargetPlatform 'LinuxServer'
[2019.05.30-00.16.39:394][  0]LogTemp: Display: Module 'LinuxTargetPlatform' loaded TargetPlatform 'Linux'
[2019.05.30-00.16.39:438][  0]LogTemp: Display: Module 'LuminTargetPlatform' loaded TargetPlatform 'Lumin'
[2019.05.30-00.16.39:438][  0]LogTemp: Display: Module 'LuminTargetPlatform' loaded TargetPlatform 'LuminClient'
[2019.05.30-00.16.39:438][  0]LogTargetPlatformManager: Display: Building Assets For Windows
[2019.05.30-00.16.39:448][  0]LogAudioDebug: Display: Lib vorbis DLL was dynamically loaded.
[2019.05.30-00.16.39:507][  0]LogShaderCompilers: Guid format shader working directory is 21 characters bigger than the processId version (../../../../VrProject/VrResearch/Intermediate/Shaders/WorkingDirectory/28152/).
[2019.05.30-00.16.39:507][  0]LogShaderCompilers: Cleaned the shader compiler working directory 'D:/Users/James.joh7359/AppData/Local/Temp/UnrealShaderWorkingDir/4692CAB94F0268EE74DBE4AD1D28865A/'.
[2019.05.30-00.16.39:510][  0]LogXGEController: Cleaning working directory: D:/Users/James.joh7359/AppData/Local/Temp/UnrealXGEWorkingDir/
[2019.05.30-00.16.39:510][  0]LogXGEController: Cannot use XGE Controller as Incredibuild is not installed on this machine.
[2019.05.30-00.16.39:510][  0]LogShaderCompilers: Cannot use XGE Shader Compiler as Incredibuild is not installed on this machine.
[2019.05.30-00.16.39:510][  0]LogShaderCompilers: Display: Using Local Shader Compiler.
[2019.05.30-00.16.40:046][  0]LogDerivedDataCache: Display: Max Cache Size: 512 MB
[2019.05.30-00.16.40:116][  0]LogDerivedDataCache: Loaded boot cache 0.07s 72MB D:/Users/James.joh7359/AppData/Local/UnrealEngine/4.22/DerivedDataCache/Boot.ddc.
[2019.05.30-00.16.40:116][  0]LogDerivedDataCache: Display: Loaded Boot cache: D:/Users/James.joh7359/AppData/Local/UnrealEngine/4.22/DerivedDataCache/Boot.ddc
[2019.05.30-00.16.40:116][  0]LogDerivedDataCache: FDerivedDataBackendGraph:  Pak pak cache file ../../../../VrProject/VrResearch/DerivedDataCache/DDC.ddp not found, will not use a pak cache.
[2019.05.30-00.16.40:116][  0]LogDerivedDataCache: Unable to find inner node Pak for hierarchical cache Hierarchy.
[2019.05.30-00.16.40:116][  0]LogDerivedDataCache: FDerivedDataBackendGraph:  CompressedPak pak cache file ../../../../VrProject/VrResearch/DerivedDataCache/Compressed.ddp not found, will not use a pak cache.
[2019.05.30-00.16.40:116][  0]LogDerivedDataCache: Unable to find inner node CompressedPak for hierarchical cache Hierarchy.
[2019.05.30-00.16.40:128][  0]LogDerivedDataCache: Display: Pak cache opened for reading ../../../Engine/DerivedDataCache/Compressed.ddp.
[2019.05.30-00.16.40:128][  0]LogDerivedDataCache: FDerivedDataBackendGraph:  EnterprisePak pak cache file ../../../Enterprise/DerivedDataCache/Compressed.ddp not found, will not use a pak cache.
[2019.05.30-00.16.40:128][  0]LogDerivedDataCache: Unable to find inner node EnterprisePak for hierarchical cache Hierarchy.
[2019.05.30-00.16.40:140][  0]LogDerivedDataCache: Using Local data cache path D:/Users/James.joh7359/AppData/Local/UnrealEngine/Common/DerivedDataCache: Writable
[2019.05.30-00.16.40:140][  0]LogDerivedDataCache: Shared data cache path not found in *engine.ini, will not use an Shared cache.
[2019.05.30-00.16.40:140][  0]LogDerivedDataCache: Unable to find inner node Shared for hierarchical cache Hierarchy.
[2019.05.30-00.16.40:163][  0]LogMaterial: Verifying Global Shaders for PCD3D_SM5
[2019.05.30-00.16.40:164][  0]LogSlate: Using FreeType 2.6.0
[2019.05.30-00.16.40:164][  0]LogSlate: SlateFontServices - WITH_FREETYPE: 1, WITH_HARFBUZZ: 1
[2019.05.30-00.16.40:250][  0]LogAssetRegistry: FAssetRegistry took 0.0324 seconds to start up
[2019.05.30-00.16.40:575][  0]LogInit: Selected Device Profile: [Windows]
[2019.05.30-00.16.40:710][  0]LogMeshReduction: Using QuadricMeshReduction for automatic static mesh reduction
[2019.05.30-00.16.40:710][  0]LogMeshReduction: Using SimplygonMeshReduction for automatic skeletal mesh reduction
[2019.05.30-00.16.40:710][  0]LogMeshReduction: Using ProxyLODMeshReduction for automatic mesh merging
[2019.05.30-00.16.40:710][  0]LogMeshReduction: No distributed automatic mesh merging module available
[2019.05.30-00.16.40:710][  0]LogMeshMerging: No distributed automatic mesh merging module available
[2019.05.30-00.16.40:720][  0]LogNetVersion: VrResearch 1.0.0, NetCL: 5660361, EngineNetVer: 10, GameNetVer: 0 (Checksum: 3812351587)
[2019.05.30-00.16.41:103][  0]LogPackageLocalizationCache: Processed 10 localized package path(s) for 1 prioritized culture(s) in 0.036296 seconds
[2019.05.30-00.16.41:109][  0]LogUObjectArray: 42205 objects as part of root set at end of initial load.
[2019.05.30-00.16.41:109][  0]LogUObjectAllocator: 7325032 out of 0 bytes used by permanent object pool.
[2019.05.30-00.16.41:109][  0]LogUObjectArray: CloseDisregardForGC: 0/0 objects in disregard for GC pool
[2019.05.30-00.16.41:927][  0]LogTcpMessaging: Initializing TcpMessaging bridge
[2019.05.30-00.16.41:942][  0]LogUdpMessaging: Initializing bridge on interface 0.0.0.0:0 to multicast group 230.0.0.1:6666.
[2019.05.30-00.16.42:045][  0]SourceControl: Source control is disabled
[2019.05.30-00.16.42:046][  0]SourceControl: Source control is disabled
[2019.05.30-00.16.42:047][  0]SourceControl: Source control is disabled
[2019.05.30-00.16.42:048][  0]SourceControl: Source control is disabled
[2019.05.30-00.16.42:120][  0]LogAndroidPermission: UAndroidPermissionCallbackProxy::GetInstance
[2019.05.30-00.16.42:171][  0]LogOcInput: OculusInput pre-init called
[2019.05.30-00.16.42:822][  0]LogEngine: Initializing Engine...
[2019.05.30-00.16.42:822][  0]LogHMD: Failed to initialize OpenVR with code 110
[2019.05.30-00.16.42:823][  0]LogStats: UGameplayTagsManager::InitializeManager -  0.000 s
[2019.05.30-00.16.43:031][  0]LogInit: Initializing FReadOnlyCVARCache
[2019.05.30-00.16.43:048][  0]LogAIModule: Creating AISystem for world Untitled
[2019.05.30-00.16.43:067][  0]LogInit: No audio devices found!
[2019.05.30-00.16.43:067][  0]LogNetVersion: Set ProjectVersion to 1.0.0.0. Version Checksum will be recalculated on next use.
[2019.05.30-00.16.43:245][  0]LogDerivedDataCache: Saved boot cache 0.18s 72MB D:/Users/James.joh7359/AppData/Local/UnrealEngine/4.22/DerivedDataCache/Boot.ddc.
[2019.05.30-00.16.43:267][  0]LogInit: Texture streaming: Enabled
[2019.05.30-00.16.43:289][  0]LogEngineSessionManager: EngineSessionManager initialized
[2019.05.30-00.16.43:289][  0]LogEngineSessionManager: EngineSessionManager sent abnormal shutdown report. Type=Crashed, SessionId={5AE22FB3-4EA7-45CC-6F69-67AEC9233D15}
[2019.05.30-00.16.43:315][  0]LogInit: Transaction tracking system initialized
[2019.05.30-00.16.43:344][  0]BlueprintLog: New page: Editor Load
[2019.05.30-00.16.43:444][  0]LocalizationService: Localization service is disabled
[2019.05.30-00.16.43:542][  0]LogLinker: Warning: Can't find file '/Game/ThirdPersonBP/ThirdPersonOverview'
[2019.05.30-00.16.43:542][  0]LogLinker: Warning: Can't find file '/Game/ThirdPersonBP/ThirdPersonOverview'
[2019.05.30-00.16.43:542][  0]LogUObjectGlobals: Warning: Failed to find object 'Class /Game/ThirdPersonBP/ThirdPersonOverview.ThirdPersonOverview_C'
[2019.05.30-00.16.43:737][  0]LogCook: Display: Max memory allowance for cook 16384mb min free memory 0mb
[2019.05.30-00.16.43:737][  0]LogCook: Display: Mobile HDR setting 1
[2019.05.30-00.16.43:926][  0]LogFileCache: Scanning file cache for directory 'D:/Users/James.joh7359/Documents/VrProject/VrResearch/Content/' took 0.02s
[2019.05.30-00.16.43:926][  0]SourceControl: Source control is disabled
[2019.05.30-00.16.43:926][  0]Cmd: MAP LOAD FILE="../../../../VrProject/VrResearch/Content/VirtualRealityBP/Maps/StartupMap.umap" TEMPLATE=0 SHOWPROGRESS=1 FEATURELEVEL=3
[2019.05.30-00.16.43:926][  0]LightingResults: New page: Lighting Build
[2019.05.30-00.16.43:931][  0]MapCheck: New page: Map Check
[2019.05.30-00.16.43:931][  0]LightingResults: New page: Lighting Build
[2019.05.30-00.16.43:953][  0]LogUObjectHash: Compacting FUObjectHashTables data took   1.57ms
[2019.05.30-00.16.44:034][  0]LogAIModule: Creating AISystem for world StartupMap
[2019.05.30-00.16.44:040][  0]LogEditorServer: Finished looking for orphan Actors (0.000 secs)
[2019.05.30-00.16.44:061][  0]LogUObjectHash: Compacting FUObjectHashTables data took   1.23ms
[2019.05.30-00.16.44:062][  0]Cmd: MAP CHECKDEP NOCLEARLOG
[2019.05.30-00.16.44:062][  0]MapCheck: Map check complete: 0 Error(s), 0 Warning(s), took 0.095ms to complete.
[2019.05.30-00.16.44:062][  0]LogFileHelpers: Loading map 'StartupMap' took 0.136
[2019.05.30-00.16.44:162][  0]LogSlate: Updating window title bar state: overlay mode, drag disabled, window buttons hidden, title bar hidden
[2019.05.30-00.16.44:169][  0]LogSlate: Updating window title bar state: overlay mode, drag disabled, window buttons hidden, title bar hidden
[2019.05.30-00.16.44:175][  0]LogSlate: Updating window title bar state: overlay mode, drag disabled, window buttons hidden, title bar hidden
[2019.05.30-00.16.44:182][  0]LogSlate: Updating window title bar state: overlay mode, drag disabled, window buttons hidden, title bar hidden
[2019.05.30-00.16.44:190][  0]LogCollectionManager: Loaded 0 collections in 0.002419 seconds
[2019.05.30-00.16.44:219][  0]LogFileCache: Scanning file cache for directory 'D:/Users/James.joh7359/Documents/VrProject/VrResearch/Saved/Collections/' took 0.01s
[2019.05.30-00.16.44:219][  0]LogFileCache: Scanning file cache for directory 'D:/Users/James.joh7359/Documents/VrProject/VrResearch/Content/Developers/Jamesjoh7359/Collections/' took 0.00s
[2019.05.30-00.16.44:219][  0]LogFileCache: Scanning file cache for directory 'D:/Users/James.joh7359/Documents/VrProject/VrResearch/Content/Collections/' took 0.01s
[2019.05.30-00.16.44:219][  0]LogCollectionManager: Rebuilt the GUID cache for 0 collections in 0.000000 seconds
[2019.05.30-00.16.44:227][  0]LogContentBrowser: Native class hierarchy populated in 0.0082 seconds. Added 2732 classes and 659 folders.
[2019.05.30-00.16.44:235][  0]LogContentBrowser: Native class hierarchy updated for 'WidgetCarousel' in 0.0002 seconds. Added 0 classes and 0 folders.
[2019.05.30-00.16.44:237][  0]LogPakFile: Registered encryption key '00000000000000000000000000000000': 0 pak files mounted, 0 remain pending
[2019.05.30-00.16.44:237][  0]LogPakFile: Registered encryption key '00000000000000000000000000000000': 0 pak files mounted, 0 remain pending
[2019.05.30-00.16.44:238][  0]LogPakFile: Registered encryption key '00000000000000000000000000000000': 0 pak files mounted, 0 remain pending
[2019.05.30-00.16.44:238][  0]LogPakFile: Registered encryption key '00000000000000000000000000000000': 0 pak files mounted, 0 remain pending
[2019.05.30-00.16.44:239][  0]LogPakFile: Registered encryption key '00000000000000000000000000000000': 0 pak files mounted, 0 remain pending
[2019.05.30-00.16.44:239][  0]LogPakFile: Registered encryption key '00000000000000000000000000000000': 0 pak files mounted, 0 remain pending
[2019.05.30-00.16.44:240][  0]LogPakFile: Registered encryption key '00000000000000000000000000000000': 0 pak files mounted, 0 remain pending
[2019.05.30-00.16.44:240][  0]LogPakFile: Registered encryption key '00000000000000000000000000000000': 0 pak files mounted, 0 remain pending
[2019.05.30-00.16.44:240][  0]LogPakFile: Registered encryption key '00000000000000000000000000000000': 0 pak files mounted, 0 remain pending
[2019.05.30-00.16.44:241][  0]LogPakFile: Registered encryption key '00000000000000000000000000000000': 0 pak files mounted, 0 remain pending
[2019.05.30-00.16.44:241][  0]LogPakFile: Registered encryption key '00000000000000000000000000000000': 0 pak files mounted, 0 remain pending
[2019.05.30-00.16.44:242][  0]LogPakFile: Registered encryption key '00000000000000000000000000000000': 0 pak files mounted, 0 remain pending
[2019.05.30-00.16.44:242][  0]LogPakFile: Registered encryption key '00000000000000000000000000000000': 0 pak files mounted, 0 remain pending
[2019.05.30-00.16.44:243][  0]LogPakFile: Registered encryption key '00000000000000000000000000000000': 0 pak files mounted, 0 remain pending
[2019.05.30-00.16.44:243][  0]LogPakFile: Registered encryption key '00000000000000000000000000000000': 0 pak files mounted, 0 remain pending
[2019.05.30-00.16.44:244][  0]LogPakFile: Registered encryption key '00000000000000000000000000000000': 0 pak files mounted, 0 remain pending
[2019.05.30-00.16.44:244][  0]LogPakFile: Registered encryption key '00000000000000000000000000000000': 0 pak files mounted, 0 remain pending
[2019.05.30-00.16.44:244][  0]LogPakFile: Registered encryption key '00000000000000000000000000000000': 0 pak files mounted, 0 remain pending
[2019.05.30-00.16.44:245][  0]LogPakFile: Registered encryption key '00000000000000000000000000000000': 0 pak files mounted, 0 remain pending
[2019.05.30-00.16.44:245][  0]LogPakFile: Registered encryption key '00000000000000000000000000000000': 0 pak files mounted, 0 remain pending
[2019.05.30-00.16.44:246][  0]LogPakFile: Registered encryption key '00000000000000000000000000000000': 0 pak files mounted, 0 remain pending
[2019.05.30-00.16.44:246][  0]LogPakFile: Registered encryption key '00000000000000000000000000000000': 0 pak files mounted, 0 remain pending
[2019.05.30-00.16.44:247][  0]LogPakFile: Registered encryption key '00000000000000000000000000000000': 0 pak files mounted, 0 remain pending
[2019.05.30-00.16.44:247][  0]LogPakFile: Registered encryption key '00000000000000000000000000000000': 0 pak files mounted, 0 remain pending
[2019.05.30-00.16.44:248][  0]LogPakFile: Registered encryption key '00000000000000000000000000000000': 0 pak files mounted, 0 remain pending
[2019.05.30-00.16.44:248][  0]LogPakFile: Registered encryption key '00000000000000000000000000000000': 0 pak files mounted, 0 remain pending
[2019.05.30-00.16.44:280][  0]LogContentBrowser: Native class hierarchy updated for 'AddContentDialog' in 0.0002 seconds. Added 0 classes and 0 folders.
[2019.05.30-00.16.44:288][  0]LogContentBrowser: Native class hierarchy updated for 'SceneOutliner' in 0.0002 seconds. Added 1 classes and 2 folders.
[2019.05.30-00.16.44:297][  0]LogContentBrowser: Native class hierarchy updated for 'WorldBrowser' in 0.0002 seconds. Added 2 classes and 3 folders.
[2019.05.30-00.16.44:358][  0]LogSlate: Took 0.000195 seconds to synchronously load lazily loaded font '../../../Engine/Content/Slate/Fonts/Roboto-Regular.ttf' (155K)
[2019.05.30-00.16.44:361][  0]LogSlate: Took 0.000160 seconds to synchronously load lazily loaded font '../../../Engine/Content/Slate/Fonts/Roboto-Bold.ttf' (160K)
[2019.05.30-00.16.44:366][  0]LogSlate: Took 0.000179 seconds to synchronously load lazily loaded font '../../../Engine/Content/Editor/Slate/Fonts/FontAwesome.ttf' (139K)
[2019.05.30-00.16.44:425][  0]LogRenderer: Reallocating scene render targets to support 1148x580 Format 26 NumSamples 1 (Frame:1).
[2019.05.30-00.16.44:569][  0]LogContentBrowser: Native class hierarchy updated for 'HierarchicalLODOutliner' in 0.0003 seconds. Added 0 classes and 0 folders.
[2019.05.30-00.16.44:569][  0]LogLoad: (Engine Initialization) Total time: 8.30 seconds
[2019.05.30-00.16.44:569][  0]LogLoad: (Engine Initialization) Total Blueprint compile time: 0.00 seconds
[2019.05.30-00.16.44:580][  0]LogWindowsTextInputMethodSystem: Display: IME system now deactivated.
[2019.05.30-00.16.44:609][  0]LogAssetRegistry: Asset discovery search completed in 4.3808 seconds
[2019.05.30-00.16.44:611][  0]LogCollectionManager: Rebuilt the object cache for 0 collections in 0.000000 seconds (found 0 objects)
[2019.05.30-00.16.44:611][  0]LogCollectionManager: Fixed up redirectors for 0 collections in 0.000047 seconds (updated 0 objects)
[2019.05.30-00.16.44:613][  0]LogContentStreaming: Texture pool size now 1000 MB
[2019.05.30-00.16.44:630][  0]LogSlate: Took 0.000192 seconds to synchronously load lazily loaded font '../../../Engine/Content/Slate/Fonts/Roboto-Light.ttf' (167K)
[2019.05.30-00.16.45:601][ 93]LogSlate: Took 0.000189 seconds to synchronously load lazily loaded font '../../../Engine/Content/Slate/Fonts/Roboto-Light.ttf' (167K)
[2019.05.30-00.16.52:836][944]LogSlate: FSceneViewport::OnFocusLost() reason 0
[2019.05.30-00.16.52:954][954]LogStaticMesh: Building static mesh Roads_Plane_001...
[2019.05.30-00.16.52:974][954]LogStaticMesh: Built static mesh [0.02s] /Game/Models/Roads/Roads_Plane_001.Roads_Plane_001
[2019.05.30-00.16.52:995][954]LogSlate: FSceneViewport::OnFocusLost() reason 2
[2019.05.30-00.16.52:997][954]LogAssetEditorManager: Opening Asset editor for StaticMesh /Game/Models/Roads/Roads_Plane_001.Roads_Plane_001
[2019.05.30-00.16.53:483][954]LogRenderer: Reallocating scene render targets to support 1148x876 Format 26 NumSamples 1 (Frame:1).
[2019.05.30-00.16.53:483][954]LogSlate: Took 0.000185 seconds to synchronously load lazily loaded font '../../../Engine/Content/Slate/Fonts/Roboto-Italic.ttf' (157K)
[2019.05.30-00.17.29:610][476]LogSlate: FSceneViewport::OnFocusLost() reason 0
[2019.05.30-00.17.46:961][  4]Cmd: OBJ SAVEPACKAGE PACKAGE="/Game/Models/Roads/Roads_Plane_001" FILE="../../../../VrProject/VrResearch/Content/Models/Roads/Roads_Plane_001.uasset" SILENT=true
[2019.05.30-00.17.46:982][  4]LogSavePackage: Moving '../../../../VrProject/VrResearch/Saved/Roads_Plane_001901B2130447D683B055B26827CC94EDE.tmp' to '../../../../VrProject/VrResearch/Content/Models/Roads/Roads_Plane_001.uasset'
[2019.05.30-00.17.48:110][112]LogSlate: FSceneViewport::OnFocusLost() reason 0
[2019.05.30-00.17.48:173][118]Cmd: OBJ SAVEPACKAGE PACKAGE="/Game/Models/Roads/Roads_Plane_001" FILE="../../../../VrProject/VrResearch/Content/Models/Roads/Roads_Plane_001.uasset" SILENT=true
[2019.05.30-00.17.48:184][118]LogSavePackage: Moving '../../../../VrProject/VrResearch/Saved/Roads_Plane_0012763C1F44C97AC271A31D69E4CA5ED07.tmp' to '../../../../VrProject/VrResearch/Content/Models/Roads/Roads_Plane_001.uasset'
[2019.05.30-00.17.48:314][129]LogSlate: FSceneViewport::OnFocusLost() reason 2
[2019.05.30-00.17.48:317][129]Cmd: OBJ SAVEPACKAGE PACKAGE="/Game/Models/Roads/Roads_Plane_001" FILE="../../../../VrProject/VrResearch/Content/Models/Roads/Roads_Plane_001.uasset" SILENT=true
[2019.05.30-00.17.48:328][129]LogSavePackage: Moving '../../../../VrProject/VrResearch/Saved/Roads_Plane_0015EFB301C4FC93AED2BAFAA9560F17A62.tmp' to '../../../../VrProject/VrResearch/Content/Models/Roads/Roads_Plane_001.uasset'
[2019.05.30-00.17.50:531][339]LogSlate: FSceneViewport::OnFocusLost() reason 0
[2019.05.30-00.17.50:613][347]LogSlate: FSceneViewport::OnFocusLost() reason 2
[2019.05.30-00.17.53:801][597]LogActorFactory: Actor Factory created Roads_Plane_001
[2019.05.30-00.17.55:837][800]LogActorFactory: Actor Factory created Roads_Plane_001
[2019.05.30-00.17.56:555][857]Cmd: CAMERA ALIGN ACTIVEVIEWPORTONLY
[2019.05.30-00.17.59:409][ 94]LogSlate: FSceneViewport::OnFocusLost() reason 0
[2019.05.30-00.17.59:493][101]Cmd: OBJ SAVEPACKAGE PACKAGE="/Game/Models/Roads/Roads_Plane_001" FILE="../../../../VrProject/VrResearch/Content/Models/Roads/Roads_Plane_001.uasset" SILENT=true
[2019.05.30-00.17.59:504][101]LogSavePackage: Moving '../../../../VrProject/VrResearch/Saved/Roads_Plane_001471AFFBA40109DAA760A60B585787CE0.tmp' to '../../../../VrProject/VrResearch/Content/Models/Roads/Roads_Plane_001.uasset'
[2019.05.30-00.18.00:457][182]LogUObjectHash: Compacting FUObjectHashTables data took   1.69ms
[2019.05.30-00.18.00:463][182]LogSlate: FSceneViewport::OnFocusLost() reason 2
[2019.05.30-00.18.00:466][182]Cmd: OBJ SAVEPACKAGE PACKAGE="/Game/VirtualRealityBP/Maps/StartupMap" FILE="../../../../VrProject/VrResearch/Content/VirtualRealityBP/Maps/StartupMap.umap" SILENT=true AUTOSAVING=false KEEPDIRTY=false
[2019.05.30-00.18.00:489][182]LogUObjectHash: Compacting FUObjectHashTables data took   0.53ms
[2019.05.30-00.18.00:554][182]LogSavePackage: Moving '../../../../VrProject/VrResearch/Saved/StartupMap734E5F9A4F6E939DB31E80B7BFA2006E.tmp' to '../../../../VrProject/VrResearch/Content/VirtualRealityBP/Maps/StartupMap.umap'
[2019.05.30-00.18.00:583][182]LogFileHelpers: Saving map 'StartupMap' took 0.117
[2019.05.30-00.18.02:047][301]LogSlate: FSceneViewport::OnFocusLost() reason 0
[2019.05.30-00.18.10:433][915]LogWindows: Error: === Critical error: ===
[2019.05.30-00.18.10:433][915]LogWindows: Error: 
[2019.05.30-00.18.10:433][915]LogWindows: Error: Fatal error!
[2019.05.30-00.18.10:433][915]LogWindows: Error: 
[2019.05.30-00.18.10:433][915]LogWindows: Error: Unhandled Exception: EXCEPTION_ILLEGAL_INSTRUCTION
[2019.05.30-00.18.10:433][915]LogWindows: Error: 
[2019.05.30-00.18.10:433][915]LogWindows: Error: [Callstack] 0x00007ffe5dd692cc UE4Editor-PropertyEditor.dll!UnknownFunction []
[2019.05.30-00.18.10:433][915]LogWindows: Error: [Callstack] 0x00007ffe5e01b66f UE4Editor-PropertyEditor.dll!UnknownFunction []
[2019.05.30-00.18.10:433][915]LogWindows: Error: [Callstack] 0x00007ffe5dfc9c59 UE4Editor-PropertyEditor.dll!UnknownFunction []
[2019.05.30-00.18.10:433][915]LogWindows: Error: [Callstack] 0x00007ffe5dfedae5 UE4Editor-PropertyEditor.dll!UnknownFunction []
[2019.05.30-00.18.10:433][915]LogWindows: Error: [Callstack] 0x00007ffe5dfcadf9 UE4Editor-PropertyEditor.dll!UnknownFunction []
[2019.05.30-00.18.10:433][915]LogWindows: Error: [Callstack] 0x00007ffe4765c709 UE4Editor-ContentBrowser.dll!UnknownFunction []
[2019.05.30-00.18.10:433][915]LogWindows: Error: [Callstack] 0x00007ffe47617e23 UE4Editor-ContentBrowser.dll!UnknownFunction []
[2019.05.30-00.18.10:433][915]LogWindows: Error: [Callstack] 0x00007ffe4765eb54 UE4Editor-ContentBrowser.dll!UnknownFunction []
[2019.05.30-00.18.10:433][915]LogWindows: Error: [Callstack] 0x00007ffe476b5e3a UE4Editor-ContentBrowser.dll!UnknownFunction []
[2019.05.30-00.18.10:433][915]LogWindows: Error: [Callstack] 0x00007ffe476ada8e UE4Editor-ContentBrowser.dll!UnknownFunction []
[2019.05.30-00.18.10:433][915]LogWindows: Error: [Callstack] 0x00007ffe6c514021 UE4Editor-Slate.dll!UnknownFunction []
[2019.05.30-00.18.10:433][915]LogWindows: Error: [Callstack] 0x00007ffe6c590301 UE4Editor-Slate.dll!UnknownFunction []
[2019.05.30-00.18.10:433][915]LogWindows: Error: [Callstack] 0x00007ffe6c57aaca UE4Editor-Slate.dll!UnknownFunction []
[2019.05.30-00.18.10:433][915]LogWindows: Error: [Callstack] 0x00007ffe6c570414 UE4Editor-Slate.dll!UnknownFunction []
[2019.05.30-00.18.10:433][915]LogWindows: Error: [Callstack] 0x00007ffea0e9b8e0 UE4Editor-ApplicationCore.dll!UnknownFunction []
[2019.05.30-00.18.10:433][915]LogWindows: Error: [Callstack] 0x00007ffea0e8ef9f UE4Editor-ApplicationCore.dll!UnknownFunction []
[2019.05.30-00.18.10:433][915]LogWindows: Error: [Callstack] 0x00007ffea0e9d77f UE4Editor-ApplicationCore.dll!UnknownFunction []
[2019.05.30-00.18.10:433][915]LogWindows: Error: [Callstack] 0x00007ffea0e8c090 UE4Editor-ApplicationCore.dll!UnknownFunction []
[2019.05.30-00.18.10:434][915]LogWindows: Error: [Callstack] 0x00007ffeb8c56d41 USER32.dll!UnknownFunction []
[2019.05.30-00.18.10:434][915]LogWindows: Error: [Callstack] 0x00007ffeb8c56713 USER32.dll!UnknownFunction []
[2019.05.30-00.18.10:434][915]LogWindows: Error: [Callstack] 0x00007ffea0e9e946 UE4Editor-ApplicationCore.dll!UnknownFunction []
[2019.05.30-00.18.10:434][915]LogWindows: Error: [Callstack] 0x00007ff72ae85d3e UE4Editor.exe!UnknownFunction []
[2019.05.30-00.18.10:434][915]LogWindows: Error: [Callstack] 0x00007ff72ae9554c UE4Editor.exe!UnknownFunction []
[2019.05.30-00.18.10:434][915]LogWindows: Error: [Callstack] 0x00007ff72ae955ca UE4Editor.exe!UnknownFunction []
[2019.05.30-00.18.10:434][915]LogWindows: Error: [Callstack] 0x00007ff72aea316c UE4Editor.exe!UnknownFunction []
[2019.05.30-00.18.10:434][915]LogWindows: Error: [Callstack] 0x00007ff72aea5b8e UE4Editor.exe!UnknownFunction []
[2019.05.30-00.18.10:434][915]LogWindows: Error: [Callstack] 0x00007ffeb8a53034 KERNEL32.DLL!UnknownFunction []
[2019.05.30-00.18.10:434][915]LogWindows: Error: [Callstack] 0x00007ffeb90e3691 ntdll.dll!UnknownFunction []
[2019.05.30-00.18.10:434][915]LogWindows: Error: 
[2019.05.30-00.18.10:446][915]LogExit: Executing StaticShutdownAfterError
[2019.05.30-00.18.10:448][915]LogWindows: FPlatformMisc::RequestExit(1)
[2019.05.30-00.18.10:453][915]Log file closed, 05/30/19 12:18:10
