Log file open, 05/30/19 12:13:36
LogWindows: Failed to load 'aqProf.dll' (GetLastError=126)
LogWindows: File 'aqProf.dll' does not exist
LogWindows: Failed to load 'VtuneApi.dll' (GetLastError=126)
LogWindows: File 'VtuneApi.dll' does not exist
LogWindows: Failed to load 'VtuneApi32e.dll' (GetLastError=126)
LogWindows: File 'VtuneApi32e.dll' does not exist
LogConsoleResponse: Display: Failed to find resolution value strings in scalability ini. Falling back to default.
LogInit: Display: Running engine for game: VrResearch
LogPakFile: Registered encryption key '00000000000000000000000000000000': 0 pak files mounted, 0 remain pending
LogPlatformFile: Not using cached read wrapper
LogTaskGraph: Started task graph with 5 named threads and 23 total threads with 3 sets of task threads.
LogStats: Stats thread started at 0.297473
LogD3D11RHI: Loaded GFSDK_Aftermath_Lib.x64.dll
LogICUInternationalization: ICU TimeZone Detection - Raw Offset: +12:00, Platform Override: ''
LogPluginManager: Mounting plugin Paper2D
LogPluginManager: Mounting plugin AISupport
LogPluginManager: Mounting plugin LightPropagationVolume
LogPluginManager: Mounting plugin ActorLayerUtilities
LogPluginManager: Mounting plugin AnimationSharing
LogPluginManager: Mounting plugin CLionSourceCodeAccess
LogPluginManager: Mounting plugin CodeLiteSourceCodeAccess
LogPluginManager: Mounting plugin GitSourceControl
LogPluginManager: Mounting plugin KDevelopSourceCodeAccess
LogPluginManager: Mounting plugin NullSourceCodeAccess
LogPluginManager: Mounting plugin PerforceSourceControl
LogPluginManager: Mounting plugin SubversionSourceControl
LogPluginManager: Mounting plugin UObjectPlugin
LogPluginManager: Mounting plugin VisualStudioCodeSourceCodeAccess
LogPluginManager: Mounting plugin VisualStudioSourceCodeAccess
LogPluginManager: Mounting plugin XCodeSourceCodeAccess
LogPluginManager: Mounting plugin AssetManagerEditor
LogPluginManager: Mounting plugin CryptoKeys
LogPluginManager: Mounting plugin DataValidation
LogPluginManager: Mounting plugin FacialAnimation
LogPluginManager: Mounting plugin GameplayTagsEditor
LogPluginManager: Mounting plugin MacGraphicsSwitching
LogPluginManager: Mounting plugin MaterialAnalyzer
LogPluginManager: Mounting plugin MobileLauncherProfileWizard
LogPluginManager: Mounting plugin PluginBrowser
LogPluginManager: Mounting plugin SpeedTreeImporter
LogPluginManager: Mounting plugin DatasmithContent
LogPluginManager: Mounting plugin VariantManagerContent
LogPluginManager: Mounting plugin AlembicImporter
LogPluginManager: Mounting plugin AppleImageUtils
LogPluginManager: Mounting plugin AppleVision
LogPluginManager: Mounting plugin BackChannel
LogPluginManager: Mounting plugin CharacterAI
LogPluginManager: Mounting plugin GeometryCache
LogPluginManager: Mounting plugin HTML5Networking
LogPluginManager: Mounting plugin ProxyLODPlugin
LogPluginManager: Mounting plugin SkeletalReduction
LogPluginManager: Mounting plugin MagicLeap
LogPluginManager: Mounting plugin MagicLeapMedia
LogPluginManager: Mounting plugin AndroidMedia
LogPluginManager: Mounting plugin AvfMedia
LogPluginManager: Mounting plugin ImgMedia
LogPluginManager: Mounting plugin LinearTimecode
LogPluginManager: Mounting plugin MediaCompositing
LogPluginManager: Mounting plugin MediaPlayerEditor
LogPluginManager: Mounting plugin WebMMedia
LogPluginManager: Mounting plugin WmfMedia
LogPluginManager: Mounting plugin TcpMessaging
LogPluginManager: Mounting plugin UdpMessaging
LogPluginManager: Mounting plugin ActorSequence
LogPluginManager: Mounting plugin LevelSequenceEditor
LogPluginManager: Mounting plugin MatineeToLevelSequence
LogPluginManager: Mounting plugin NetcodeUnitTest
LogPluginManager: Mounting plugin NUTUnrealEngine4
LogPluginManager: Mounting plugin OnlineSubsystemGooglePlay
LogPluginManager: Mounting plugin OnlineSubsystemIOS
LogPluginManager: Mounting plugin OnlineSubsystem
LogPluginManager: Mounting plugin OnlineSubsystemNull
LogPluginManager: Mounting plugin OnlineSubsystemUtils
LogPluginManager: Mounting plugin LauncherChunkInstaller
LogPluginManager: Mounting plugin AndroidDeviceProfileSelector
LogPluginManager: Mounting plugin AndroidMoviePlayer
LogPluginManager: Mounting plugin AndroidPermission
LogPluginManager: Mounting plugin AppleMoviePlayer
LogPluginManager: Mounting plugin ArchVisCharacter
LogPluginManager: Mounting plugin AudioCapture
LogPluginManager: Mounting plugin CableComponent
LogPluginManager: Mounting plugin CustomMeshComponent
LogPluginManager: Mounting plugin EditableMesh
LogPluginManager: Mounting plugin ExampleDeviceProfileSelector
LogPluginManager: Mounting plugin Firebase
LogPluginManager: Mounting plugin GoogleCloudMessaging
LogPluginManager: Mounting plugin IOSDeviceProfileSelector
LogPluginManager: Mounting plugin LinuxDeviceProfileSelector
LogPluginManager: Mounting plugin LocationServicesBPLibrary
LogPluginManager: Mounting plugin MobilePatchingUtils
LogPluginManager: Mounting plugin OculusVR
LogPluginManager: Mounting plugin PhysXVehicles
LogPluginManager: Mounting plugin ProceduralMeshComponent
LogPluginManager: Mounting plugin RuntimePhysXCooking
LogPluginManager: Mounting plugin SignificanceManager
LogPluginManager: Mounting plugin SteamVR
LogPluginManager: Mounting plugin WebMMoviePlayer
LogPluginManager: Mounting plugin WindowsMoviePlayer
LogInit: Using libcurl 7.55.1-DEV
LogInit:  - built for x86_64-pc-win32
LogInit:  - supports SSL with OpenSSL/1.1.1
LogInit:  - supports HTTP deflate (compression) using libz 1.2.8
LogInit:  - other features:
LogInit:      CURL_VERSION_SSL
LogInit:      CURL_VERSION_LIBZ
LogInit:      CURL_VERSION_IPV6
LogInit:      CURL_VERSION_ASYNCHDNS
LogInit:      CURL_VERSION_LARGEFILE
LogInit:      CURL_VERSION_IDN
LogInit:  CurlRequestOptions (configurable via config and command line):
LogInit:  - bVerifyPeer = true  - Libcurl will verify peer certificate
LogInit:  - bUseHttpProxy = false  - Libcurl will NOT use HTTP proxy
LogInit:  - bDontReuseConnections = false  - Libcurl will reuse connections
LogInit:  - MaxHostConnections = 16  - Libcurl will limit the number of connections to a host
LogInit:  - LocalHostAddr = Default
LogInit:  - BufferSize = 65536
LogInit: WinSock: version 1.1 (2.2), MaxSocks=32767, MaxUdp=65467
LogInit: Build: ++UE4+Release-4.22-CL-6063286
LogInit: Engine Version: 4.22.1-6063286+++UE4+Release-4.22
LogInit: Compatible Engine Version: 4.22.0-5660361+++UE4+Release-4.22
LogInit: Net CL: 5660361
LogInit: OS: Windows 10 (Release 1803) (), CPU: Intel(R) Core(TM) i7-4790 CPU @ 3.60GHz, GPU: NVIDIA GeForce GTX 960
LogInit: Compiled (64-bit): Apr 24 2019 04:36:48
LogInit: Compiled with Visual C++: 19.16.27025.01
LogInit: Build Configuration: Development
LogInit: Branch Name: ++UE4+Release-4.22
LogInit: Command Line: 
LogInit: Base Directory: D:/Users/James.joh7359/Documents/UE_4.22/Engine/Binaries/Win64/
LogInit: Installed Engine Build: 1
LogDevObjectVersion: Number of dev versions registered: 23
LogDevObjectVersion:   Dev-Blueprints (B0D832E4-1F89-4F0D-ACCF-7EB736FD4AA2): 10
LogDevObjectVersion:   Dev-Build (E1C64328-A22C-4D53-A36C-8E866417BD8C): 0
LogDevObjectVersion:   Dev-Core (375EC13C-06E4-48FB-B500-84F0262A717E): 3
LogDevObjectVersion:   Dev-Editor (E4B068ED-F494-42E9-A231-DA0B2E46BB41): 30
LogDevObjectVersion:   Dev-Framework (CFFC743F-43B0-4480-9391-14DF171D2073): 35
LogDevObjectVersion:   Dev-Mobile (B02B49B5-BB20-44E9-A304-32B752E40360): 2
LogDevObjectVersion:   Dev-Networking (A4E4105C-59A1-49B5-A7C5-40C4547EDFEE): 0
LogDevObjectVersion:   Dev-Online (39C831C9-5AE6-47DC-9A44-9C173E1C8E7C): 0
LogDevObjectVersion:   Dev-Physics (78F01B33-EBEA-4F98-B9B4-84EACCB95AA2): 0
LogDevObjectVersion:   Dev-Platform (6631380F-2D4D-43E0-8009-CF276956A95A): 0
LogDevObjectVersion:   Dev-Rendering (12F88B9F-8875-4AFC-A67C-D90C383ABD29): 28
LogDevObjectVersion:   Dev-Sequencer (7B5AE74C-D270-4C10-A958-57980B212A5A): 11
LogDevObjectVersion:   Dev-VR (D7296918-1DD6-4BDD-9DE2-64A83CC13884): 2
LogDevObjectVersion:   Dev-LoadTimes (C2A15278-BFE7-4AFE-6C17-90FF531DF755): 1
LogDevObjectVersion:   Private-Geometry (6EACA3D4-40EC-4CC1-B786-8BED09428FC5): 3
LogDevObjectVersion:   Dev-AnimPhys (29E575DD-E0A3-4627-9D10-D276232CDCEA): 17
LogDevObjectVersion:   Dev-Anim (AF43A65D-7FD3-4947-9873-3E8ED9C1BB05): 2
LogDevObjectVersion:   Dev-ReflectionCapture (6B266CEC-1EC7-4B8F-A30B-E4D90942FC07): 1
LogDevObjectVersion:   Dev-Automation (0DF73D61-A23F-47EA-B727-89E90C41499A): 1
LogDevObjectVersion:   FortniteMain (601D1886-AC64-4F84-AA16-D3DE0DEAC7D6): 25
LogDevObjectVersion:   Dev-Enterprise (9DFFBCD6-494F-0158-E221-12823C92A888): 6
LogDevObjectVersion:   Dev-Niagara (F2AED0AC-9AFE-416F-8664-AA7FFA26D6FC): 1
LogDevObjectVersion:   Dev-Destruction (174F1F0B-B4C6-45A5-B13F-2EE8D0FB917D): 2
LogInit: Presizing for max 16777216 objects, including 0 objects not considered by GC, pre-allocating 0 bytes for permanent pool.
LogInit: Object subsystem initialized
LogConfig: Setting CVar [[con.DebugEarlyDefault:1]]
LogConfig: Setting CVar [[r.setres:1280x720]]
[2019.05.30-00.13.36:656][  0]LogConfig: Setting CVar [[r.VSync:0]]
[2019.05.30-00.13.36:656][  0]LogConfig: Setting CVar [[r.RHICmdBypass:0]]
[2019.05.30-00.13.36:656][  0]LogConfig: Applying CVar settings from Section [/Script/Engine.RendererSettings] File [D:/Users/James.joh7359/Documents/VrProject/VrResearch/Saved/Config/Windows/Engine.ini]
[2019.05.30-00.13.36:656][  0]LogConfig: Setting CVar [[r.GPUCrashDebugging:0]]
[2019.05.30-00.13.36:656][  0]LogConfig: Setting CVar [[r.DefaultFeature.AmbientOcclusion:0]]
[2019.05.30-00.13.36:656][  0]LogConfig: Setting CVar [[r.DefaultFeature.AmbientOcclusionStaticFraction:0]]
[2019.05.30-00.13.36:656][  0]LogConfig: Setting CVar [[vr.InstancedStereo:1]]
[2019.05.30-00.13.36:656][  0]LogConfig: Setting CVar [[r.SeparateTranslucency:0]]
[2019.05.30-00.13.36:656][  0]LogConfig: Setting CVar [[r.HZBOcclusion:0]]
[2019.05.30-00.13.36:656][  0]LogConfig: Setting CVar [[r.SSR.MaxRoughness:0]]
[2019.05.30-00.13.36:656][  0]LogConfig: Setting CVar [[r.rhicmdbypass:0]]
[2019.05.30-00.13.36:656][  0]LogConfig: Applying CVar settings from Section [/Script/Engine.RendererOverrideSettings] File [D:/Users/James.joh7359/Documents/VrProject/VrResearch/Saved/Config/Windows/Engine.ini]
[2019.05.30-00.13.36:656][  0]LogConfig: Applying CVar settings from Section [/Script/Engine.StreamingSettings] File [D:/Users/James.joh7359/Documents/VrProject/VrResearch/Saved/Config/Windows/Engine.ini]
[2019.05.30-00.13.36:656][  0]LogConfig: Setting CVar [[s.MinBulkDataSizeForAsyncLoading:131072]]
[2019.05.30-00.13.36:656][  0]LogConfig: Setting CVar [[s.AsyncLoadingThreadEnabled:0]]
[2019.05.30-00.13.36:656][  0]LogConfig: Setting CVar [[s.EventDrivenLoaderEnabled:1]]
[2019.05.30-00.13.36:656][  0]LogConfig: Setting CVar [[s.WarnIfTimeLimitExceeded:0]]
[2019.05.30-00.13.36:656][  0]LogConfig: Setting CVar [[s.TimeLimitExceededMultiplier:1.5]]
[2019.05.30-00.13.36:656][  0]LogConfig: Setting CVar [[s.TimeLimitExceededMinTime:0.005]]
[2019.05.30-00.13.36:656][  0]LogConfig: Setting CVar [[s.UseBackgroundLevelStreaming:1]]
[2019.05.30-00.13.36:656][  0]LogConfig: Setting CVar [[s.PriorityAsyncLoadingExtraTime:15.0]]
[2019.05.30-00.13.36:656][  0]LogConfig: Setting CVar [[s.LevelStreamingActorsUpdateTimeLimit:5.0]]
[2019.05.30-00.13.36:656][  0]LogConfig: Setting CVar [[s.PriorityLevelStreamingActorsUpdateExtraTime:5.0]]
[2019.05.30-00.13.36:656][  0]LogConfig: Setting CVar [[s.LevelStreamingComponentsRegistrationGranularity:10]]
[2019.05.30-00.13.36:656][  0]LogConfig: Setting CVar [[s.UnregisterComponentsTimeLimit:1.0]]
[2019.05.30-00.13.36:656][  0]LogConfig: Setting CVar [[s.LevelStreamingComponentsUnregistrationGranularity:5]]
[2019.05.30-00.13.36:656][  0]LogConfig: Applying CVar settings from Section [/Script/Engine.GarbageCollectionSettings] File [D:/Users/James.joh7359/Documents/VrProject/VrResearch/Saved/Config/Windows/Engine.ini]
[2019.05.30-00.13.36:656][  0]LogConfig: Setting CVar [[gc.MaxObjectsNotConsideredByGC:1]]
[2019.05.30-00.13.36:656][  0]LogConfig: Setting CVar [[gc.SizeOfPermanentObjectPool:0]]
[2019.05.30-00.13.36:656][  0]LogConfig: Setting CVar [[gc.FlushStreamingOnGC:0]]
[2019.05.30-00.13.36:656][  0]LogConfig: Setting CVar [[gc.NumRetriesBeforeForcingGC:10]]
[2019.05.30-00.13.36:656][  0]LogConfig: Setting CVar [[gc.AllowParallelGC:1]]
[2019.05.30-00.13.36:656][  0]LogConfig: Setting CVar [[gc.TimeBetweenPurgingPendingKillObjects:61.1]]
[2019.05.30-00.13.36:656][  0]LogConfig: Setting CVar [[gc.MaxObjectsInEditor:16777216]]
[2019.05.30-00.13.36:656][  0]LogConfig: Setting CVar [[gc.IncrementalBeginDestroyEnabled:1]]
[2019.05.30-00.13.36:656][  0]LogConfig: Setting CVar [[gc.CreateGCClusters:1]]
[2019.05.30-00.13.36:656][  0]LogConfig: Setting CVar [[gc.MinGCClusterSize:5]]
[2019.05.30-00.13.36:656][  0]LogConfig: Setting CVar [[gc.ActorClusteringEnabled:0]]
[2019.05.30-00.13.36:656][  0]LogConfig: Setting CVar [[gc.BlueprintClusteringEnabled:0]]
[2019.05.30-00.13.36:656][  0]LogConfig: Setting CVar [[gc.UseDisregardForGCOnDedicatedServers:0]]
[2019.05.30-00.13.36:656][  0]LogConfig: Applying CVar settings from Section [/Script/Engine.NetworkSettings] File [D:/Users/James.joh7359/Documents/VrProject/VrResearch/Saved/Config/Windows/Engine.ini]
[2019.05.30-00.13.36:656][  0]LogConfig: Applying CVar settings from Section [/Script/UnrealEd.CookerSettings] File [D:/Users/James.joh7359/Documents/VrProject/VrResearch/Saved/Config/Windows/Engine.ini]
[2019.05.30-00.13.36:662][  0]LogConfig: Applying CVar settings from Section [ViewDistanceQuality@3] File [D:/Users/James.joh7359/Documents/VrProject/VrResearch/Saved/Config/Windows/Scalability.ini]
[2019.05.30-00.13.36:662][  0]LogConfig: Setting CVar [[r.SkeletalMeshLODBias:0]]
[2019.05.30-00.13.36:662][  0]LogConfig: Setting CVar [[r.ViewDistanceScale:1.0]]
[2019.05.30-00.13.36:662][  0]LogConfig: Applying CVar settings from Section [AntiAliasingQuality@3] File [D:/Users/James.joh7359/Documents/VrProject/VrResearch/Saved/Config/Windows/Scalability.ini]
[2019.05.30-00.13.36:662][  0]LogConfig: Setting CVar [[r.PostProcessAAQuality:3]]
[2019.05.30-00.13.36:662][  0]LogConfig: Applying CVar settings from Section [ShadowQuality@3] File [D:/Users/James.joh7359/Documents/VrProject/VrResearch/Saved/Config/Windows/Scalability.ini]
[2019.05.30-00.13.36:662][  0]LogConfig: Setting CVar [[r.LightFunctionQuality:1]]
[2019.05.30-00.13.36:662][  0]LogConfig: Setting CVar [[r.ShadowQuality:5]]
[2019.05.30-00.13.36:662][  0]LogConfig: Setting CVar [[r.Shadow.CSM.MaxCascades:10]]
[2019.05.30-00.13.36:662][  0]LogConfig: Setting CVar [[r.Shadow.MaxResolution:2048]]
[2019.05.30-00.13.36:662][  0]LogConfig: Setting CVar [[r.Shadow.MaxCSMResolution:2048]]
[2019.05.30-00.13.36:662][  0]LogConfig: Setting CVar [[r.Shadow.RadiusThreshold:0.01]]
[2019.05.30-00.13.36:662][  0]LogConfig: Setting CVar [[r.Shadow.DistanceScale:1.0]]
[2019.05.30-00.13.36:662][  0]LogConfig: Setting CVar [[r.Shadow.CSM.TransitionScale:1.0]]
[2019.05.30-00.13.36:662][  0]LogConfig: Setting CVar [[r.Shadow.PreShadowResolutionFactor:1.0]]
[2019.05.30-00.13.36:662][  0]LogConfig: Setting CVar [[r.DistanceFieldShadowing:1]]
[2019.05.30-00.13.36:662][  0]LogConfig: Setting CVar [[r.DistanceFieldAO:1]]
[2019.05.30-00.13.36:662][  0]LogConfig: Setting CVar [[r.AOQuality:2]]
[2019.05.30-00.13.36:662][  0]LogConfig: Setting CVar [[r.VolumetricFog:1]]
[2019.05.30-00.13.36:662][  0]LogConfig: Setting CVar [[r.VolumetricFog.GridPixelSize:8]]
[2019.05.30-00.13.36:662][  0]LogConfig: Setting CVar [[r.VolumetricFog.GridSizeZ:128]]
[2019.05.30-00.13.36:662][  0]LogConfig: Setting CVar [[r.VolumetricFog.HistoryMissSupersampleCount:4]]
[2019.05.30-00.13.36:662][  0]LogConfig: Setting CVar [[r.LightMaxDrawDistanceScale:1]]
[2019.05.30-00.13.36:662][  0]LogConfig: Setting CVar [[r.CapsuleShadows:1]]
[2019.05.30-00.13.36:662][  0]LogConfig: Applying CVar settings from Section [PostProcessQuality@3] File [D:/Users/James.joh7359/Documents/VrProject/VrResearch/Saved/Config/Windows/Scalability.ini]
[2019.05.30-00.13.36:662][  0]LogConfig: Setting CVar [[r.MotionBlurQuality:0]]
[2019.05.30-00.13.36:662][  0]LogConfig: Setting CVar [[r.AmbientOcclusionMipLevelFactor:0.4]]
[2019.05.30-00.13.36:662][  0]LogConfig: Setting CVar [[r.AmbientOcclusionMaxQuality:100]]
[2019.05.30-00.13.36:662][  0]LogConfig: Setting CVar [[r.AmbientOcclusionLevels:0]]
[2019.05.30-00.13.36:662][  0]LogConfig: Setting CVar [[r.AmbientOcclusionRadiusScale:1.0]]
[2019.05.30-00.13.36:662][  0]LogConfig: Setting CVar [[r.DepthOfFieldQuality:0]]
[2019.05.30-00.13.36:662][  0]LogConfig: Setting CVar [[r.RenderTargetPoolMin:400]]
[2019.05.30-00.13.36:662][  0]LogConfig: Setting CVar [[r.LensFlareQuality:0]]
[2019.05.30-00.13.36:662][  0]LogConfig: Setting CVar [[r.SceneColorFringeQuality:0]]
[2019.05.30-00.13.36:662][  0]LogConfig: Setting CVar [[r.EyeAdaptationQuality:2]]
[2019.05.30-00.13.36:662][  0]LogConfig: Setting CVar [[r.BloomQuality:1]]
[2019.05.30-00.13.36:662][  0]LogConfig: Setting CVar [[r.FastBlurThreshold:0]]
[2019.05.30-00.13.36:662][  0]LogConfig: Setting CVar [[r.Upscale.Quality:3]]
[2019.05.30-00.13.36:662][  0]LogConfig: Setting CVar [[r.Tonemapper.GrainQuantization:1]]
[2019.05.30-00.13.36:662][  0]LogConfig: Setting CVar [[r.LightShaftQuality:1]]
[2019.05.30-00.13.36:662][  0]LogConfig: Setting CVar [[r.Filter.SizeScale:1]]
[2019.05.30-00.13.36:662][  0]LogConfig: Setting CVar [[r.Tonemapper.Quality:5]]
[2019.05.30-00.13.36:662][  0]LogConfig: Setting CVar [[r.DOF.Gather.AccumulatorQuality:1        ; higher gathering accumulator quality]]
[2019.05.30-00.13.36:662][  0]LogConfig: Setting CVar [[r.DOF.Gather.PostfilterMethod:1          ; Median3x3 postfilering method]]
[2019.05.30-00.13.36:662][  0]LogConfig: Setting CVar [[r.DOF.Gather.EnableBokehSettings:0       ; no bokeh simulation when gathering]]
[2019.05.30-00.13.36:662][  0]LogConfig: Setting CVar [[r.DOF.Gather.RingCount:4                 ; medium number of samples when gathering]]
[2019.05.30-00.13.36:662][  0]LogConfig: Setting CVar [[r.DOF.Scatter.ForegroundCompositing:1    ; additive foreground scattering]]
[2019.05.30-00.13.36:662][  0]LogConfig: Setting CVar [[r.DOF.Scatter.BackgroundCompositing:2    ; additive background scattering]]
[2019.05.30-00.13.36:663][  0]LogConfig: Setting CVar [[r.DOF.Scatter.EnableBokehSettings:1      ; bokeh simulation when scattering]]
[2019.05.30-00.13.36:663][  0]LogConfig: Setting CVar [[r.DOF.Scatter.MaxSpriteRatio:0.1         ; only a maximum of 10% of scattered bokeh]]
[2019.05.30-00.13.36:663][  0]LogConfig: Setting CVar [[r.DOF.Recombine.Quality:1                ; cheap slight out of focus]]
[2019.05.30-00.13.36:663][  0]LogConfig: Setting CVar [[r.DOF.Recombine.EnableBokehSettings:0    ; no bokeh simulation on slight out of focus]]
[2019.05.30-00.13.36:663][  0]LogConfig: Setting CVar [[r.DOF.TemporalAAQuality:1                ; more stable temporal accumulation]]
[2019.05.30-00.13.36:663][  0]LogConfig: Setting CVar [[r.DOF.Kernel.MaxForegroundRadius:0.025]]
[2019.05.30-00.13.36:663][  0]LogConfig: Setting CVar [[r.DOF.Kernel.MaxBackgroundRadius:0.025]]
[2019.05.30-00.13.36:663][  0]LogConfig: Applying CVar settings from Section [TextureQuality@3] File [D:/Users/James.joh7359/Documents/VrProject/VrResearch/Saved/Config/Windows/Scalability.ini]
[2019.05.30-00.13.36:663][  0]LogConfig: Setting CVar [[r.Streaming.MipBias:0]]
[2019.05.30-00.13.36:663][  0]LogConfig: Setting CVar [[r.Streaming.AmortizeCPUToGPUCopy:0]]
[2019.05.30-00.13.36:663][  0]LogConfig: Setting CVar [[r.Streaming.MaxNumTexturesToStreamPerFrame:0]]
[2019.05.30-00.13.36:663][  0]LogConfig: Setting CVar [[r.Streaming.Boost:1]]
[2019.05.30-00.13.36:663][  0]LogConfig: Setting CVar [[r.MaxAnisotropy:8]]
[2019.05.30-00.13.36:663][  0]LogConfig: Setting CVar [[r.Streaming.LimitPoolSizeToVRAM:0]]
[2019.05.30-00.13.36:663][  0]LogConfig: Setting CVar [[r.Streaming.PoolSize:1000]]
[2019.05.30-00.13.36:663][  0]LogConfig: Setting CVar [[r.Streaming.MaxEffectiveScreenSize:0]]
[2019.05.30-00.13.36:663][  0]LogConfig: Applying CVar settings from Section [EffectsQuality@3] File [D:/Users/James.joh7359/Documents/VrProject/VrResearch/Saved/Config/Windows/Scalability.ini]
[2019.05.30-00.13.36:663][  0]LogConfig: Setting CVar [[r.TranslucencyLightingVolumeDim:4]]
[2019.05.30-00.13.36:663][  0]LogConfig: Setting CVar [[r.RefractionQuality:2]]
[2019.05.30-00.13.36:663][  0]LogConfig: Setting CVar [[r.SSR.Quality:0]]
[2019.05.30-00.13.36:663][  0]LogConfig: Setting CVar [[r.SceneColorFormat:2]]
[2019.05.30-00.13.36:663][  0]LogConfig: Setting CVar [[r.DetailMode:2]]
[2019.05.30-00.13.36:663][  0]LogConfig: Setting CVar [[r.TranslucencyVolumeBlur:0]]
[2019.05.30-00.13.36:663][  0]LogConfig: Setting CVar [[r.MaterialQualityLevel:1 ; High quality]]
[2019.05.30-00.13.36:663][  0]LogConfig: Setting CVar [[r.SSS.Scale:1]]
[2019.05.30-00.13.36:663][  0]LogConfig: Setting CVar [[r.SSS.SampleSet:2]]
[2019.05.30-00.13.36:663][  0]LogConfig: Setting CVar [[r.SSS.Quality:1]]
[2019.05.30-00.13.36:663][  0]LogConfig: Setting CVar [[r.SSS.HalfRes:1]]
[2019.05.30-00.13.36:663][  0]LogConfig: Setting CVar [[r.EmitterSpawnRateScale:1.0]]
[2019.05.30-00.13.36:663][  0]LogConfig: Setting CVar [[r.ParticleLightQuality:2]]
[2019.05.30-00.13.36:663][  0]LogConfig: Applying CVar settings from Section [FoliageQuality@3] File [D:/Users/James.joh7359/Documents/VrProject/VrResearch/Saved/Config/Windows/Scalability.ini]
[2019.05.30-00.13.36:663][  0]LogConfig: Setting CVar [[foliage.DensityScale:1.0]]
[2019.05.30-00.13.36:663][  0]LogConfig: Setting CVar [[grass.DensityScale:1.0]]
[2019.05.30-00.13.36:663][  0]LogInit: Selected Device Profile: [Windows]
[2019.05.30-00.13.36:663][  0]LogInit: Applying CVar settings loaded from the selected device profile: [Windows]
[2019.05.30-00.13.36:674][  0]LogHAL: Display: Platform has ~ 16 GB [17027911680 / 17179869184 / 16], which maps to Larger [LargestMinGB=32, LargerMinGB=12, DefaultMinGB=8, SmallerMinGB=6, SmallestMinGB=0)
[2019.05.30-00.13.36:674][  0]LogConfig: Setting CVar [[r.Vulkan.UseRealUBs:0		; Required until we fix HLR fall-out]]
[2019.05.30-00.13.36:674][  0]LogInit: Going up to parent DeviceProfile []
[2019.05.30-00.13.36:674][  0]LogConfig: Applying CVar settings from Section [ViewDistanceQuality@3] File [D:/Users/James.joh7359/Documents/VrProject/VrResearch/Saved/Config/Windows/Scalability.ini]
[2019.05.30-00.13.36:674][  0]LogConfig: Setting CVar [[r.SkeletalMeshLODBias:0]]
[2019.05.30-00.13.36:674][  0]LogConfig: Setting CVar [[r.ViewDistanceScale:1.0]]
[2019.05.30-00.13.36:674][  0]LogConfig: Applying CVar settings from Section [AntiAliasingQuality@3] File [D:/Users/James.joh7359/Documents/VrProject/VrResearch/Saved/Config/Windows/Scalability.ini]
[2019.05.30-00.13.36:674][  0]LogConfig: Setting CVar [[r.PostProcessAAQuality:3]]
[2019.05.30-00.13.36:674][  0]LogConfig: Applying CVar settings from Section [ShadowQuality@3] File [D:/Users/James.joh7359/Documents/VrProject/VrResearch/Saved/Config/Windows/Scalability.ini]
[2019.05.30-00.13.36:674][  0]LogConfig: Setting CVar [[r.LightFunctionQuality:1]]
[2019.05.30-00.13.36:674][  0]LogConfig: Setting CVar [[r.ShadowQuality:5]]
[2019.05.30-00.13.36:674][  0]LogConfig: Setting CVar [[r.Shadow.CSM.MaxCascades:10]]
[2019.05.30-00.13.36:674][  0]LogConfig: Setting CVar [[r.Shadow.MaxResolution:2048]]
[2019.05.30-00.13.36:674][  0]LogConfig: Setting CVar [[r.Shadow.MaxCSMResolution:2048]]
[2019.05.30-00.13.36:674][  0]LogConfig: Setting CVar [[r.Shadow.RadiusThreshold:0.01]]
[2019.05.30-00.13.36:674][  0]LogConfig: Setting CVar [[r.Shadow.DistanceScale:1.0]]
[2019.05.30-00.13.36:674][  0]LogConfig: Setting CVar [[r.Shadow.CSM.TransitionScale:1.0]]
[2019.05.30-00.13.36:674][  0]LogConfig: Setting CVar [[r.Shadow.PreShadowResolutionFactor:1.0]]
[2019.05.30-00.13.36:674][  0]LogConfig: Setting CVar [[r.DistanceFieldShadowing:1]]
[2019.05.30-00.13.36:674][  0]LogConfig: Setting CVar [[r.DistanceFieldAO:1]]
[2019.05.30-00.13.36:674][  0]LogConfig: Setting CVar [[r.AOQuality:2]]
[2019.05.30-00.13.36:674][  0]LogConfig: Setting CVar [[r.VolumetricFog:1]]
[2019.05.30-00.13.36:674][  0]LogConfig: Setting CVar [[r.VolumetricFog.GridPixelSize:8]]
[2019.05.30-00.13.36:674][  0]LogConfig: Setting CVar [[r.VolumetricFog.GridSizeZ:128]]
[2019.05.30-00.13.36:674][  0]LogConfig: Setting CVar [[r.VolumetricFog.HistoryMissSupersampleCount:4]]
[2019.05.30-00.13.36:675][  0]LogConfig: Setting CVar [[r.LightMaxDrawDistanceScale:1]]
[2019.05.30-00.13.36:675][  0]LogConfig: Setting CVar [[r.CapsuleShadows:1]]
[2019.05.30-00.13.36:675][  0]LogConfig: Applying CVar settings from Section [PostProcessQuality@3] File [D:/Users/James.joh7359/Documents/VrProject/VrResearch/Saved/Config/Windows/Scalability.ini]
[2019.05.30-00.13.36:675][  0]LogConfig: Setting CVar [[r.MotionBlurQuality:0]]
[2019.05.30-00.13.36:675][  0]LogConfig: Setting CVar [[r.AmbientOcclusionMipLevelFactor:0.4]]
[2019.05.30-00.13.36:675][  0]LogConfig: Setting CVar [[r.AmbientOcclusionMaxQuality:100]]
[2019.05.30-00.13.36:675][  0]LogConfig: Setting CVar [[r.AmbientOcclusionLevels:0]]
[2019.05.30-00.13.36:675][  0]LogConfig: Setting CVar [[r.AmbientOcclusionRadiusScale:1.0]]
[2019.05.30-00.13.36:675][  0]LogConfig: Setting CVar [[r.DepthOfFieldQuality:0]]
[2019.05.30-00.13.36:675][  0]LogConfig: Setting CVar [[r.RenderTargetPoolMin:400]]
[2019.05.30-00.13.36:675][  0]LogConfig: Setting CVar [[r.LensFlareQuality:0]]
[2019.05.30-00.13.36:675][  0]LogConfig: Setting CVar [[r.SceneColorFringeQuality:0]]
[2019.05.30-00.13.36:675][  0]LogConfig: Setting CVar [[r.EyeAdaptationQuality:2]]
[2019.05.30-00.13.36:675][  0]LogConfig: Setting CVar [[r.BloomQuality:1]]
[2019.05.30-00.13.36:675][  0]LogConfig: Setting CVar [[r.FastBlurThreshold:0]]
[2019.05.30-00.13.36:675][  0]LogConfig: Setting CVar [[r.Upscale.Quality:3]]
[2019.05.30-00.13.36:675][  0]LogConfig: Setting CVar [[r.Tonemapper.GrainQuantization:1]]
[2019.05.30-00.13.36:675][  0]LogConfig: Setting CVar [[r.LightShaftQuality:1]]
[2019.05.30-00.13.36:675][  0]LogConfig: Setting CVar [[r.Filter.SizeScale:1]]
[2019.05.30-00.13.36:675][  0]LogConfig: Setting CVar [[r.Tonemapper.Quality:5]]
[2019.05.30-00.13.36:675][  0]LogConfig: Setting CVar [[r.DOF.Gather.AccumulatorQuality:1        ; higher gathering accumulator quality]]
[2019.05.30-00.13.36:675][  0]LogConfig: Setting CVar [[r.DOF.Gather.PostfilterMethod:1          ; Median3x3 postfilering method]]
[2019.05.30-00.13.36:675][  0]LogConfig: Setting CVar [[r.DOF.Gather.EnableBokehSettings:0       ; no bokeh simulation when gathering]]
[2019.05.30-00.13.36:675][  0]LogConfig: Setting CVar [[r.DOF.Gather.RingCount:4                 ; medium number of samples when gathering]]
[2019.05.30-00.13.36:675][  0]LogConfig: Setting CVar [[r.DOF.Scatter.ForegroundCompositing:1    ; additive foreground scattering]]
[2019.05.30-00.13.36:675][  0]LogConfig: Setting CVar [[r.DOF.Scatter.BackgroundCompositing:2    ; additive background scattering]]
[2019.05.30-00.13.36:675][  0]LogConfig: Setting CVar [[r.DOF.Scatter.EnableBokehSettings:1      ; bokeh simulation when scattering]]
[2019.05.30-00.13.36:675][  0]LogConfig: Setting CVar [[r.DOF.Scatter.MaxSpriteRatio:0.1         ; only a maximum of 10% of scattered bokeh]]
[2019.05.30-00.13.36:675][  0]LogConfig: Setting CVar [[r.DOF.Recombine.Quality:1                ; cheap slight out of focus]]
[2019.05.30-00.13.36:675][  0]LogConfig: Setting CVar [[r.DOF.Recombine.EnableBokehSettings:0    ; no bokeh simulation on slight out of focus]]
[2019.05.30-00.13.36:675][  0]LogConfig: Setting CVar [[r.DOF.TemporalAAQuality:1                ; more stable temporal accumulation]]
[2019.05.30-00.13.36:675][  0]LogConfig: Setting CVar [[r.DOF.Kernel.MaxForegroundRadius:0.025]]
[2019.05.30-00.13.36:675][  0]LogConfig: Setting CVar [[r.DOF.Kernel.MaxBackgroundRadius:0.025]]
[2019.05.30-00.13.36:675][  0]LogConfig: Applying CVar settings from Section [TextureQuality@3] File [D:/Users/James.joh7359/Documents/VrProject/VrResearch/Saved/Config/Windows/Scalability.ini]
[2019.05.30-00.13.36:675][  0]LogConfig: Setting CVar [[r.Streaming.MipBias:0]]
[2019.05.30-00.13.36:675][  0]LogConfig: Setting CVar [[r.Streaming.AmortizeCPUToGPUCopy:0]]
[2019.05.30-00.13.36:675][  0]LogConfig: Setting CVar [[r.Streaming.MaxNumTexturesToStreamPerFrame:0]]
[2019.05.30-00.13.36:675][  0]LogConfig: Setting CVar [[r.Streaming.Boost:1]]
[2019.05.30-00.13.36:675][  0]LogConfig: Setting CVar [[r.MaxAnisotropy:8]]
[2019.05.30-00.13.36:675][  0]LogConfig: Setting CVar [[r.Streaming.LimitPoolSizeToVRAM:0]]
[2019.05.30-00.13.36:675][  0]LogConfig: Setting CVar [[r.Streaming.PoolSize:1000]]
[2019.05.30-00.13.36:675][  0]LogConfig: Setting CVar [[r.Streaming.MaxEffectiveScreenSize:0]]
[2019.05.30-00.13.36:675][  0]LogConfig: Applying CVar settings from Section [EffectsQuality@3] File [D:/Users/James.joh7359/Documents/VrProject/VrResearch/Saved/Config/Windows/Scalability.ini]
[2019.05.30-00.13.36:675][  0]LogConfig: Setting CVar [[r.TranslucencyLightingVolumeDim:4]]
[2019.05.30-00.13.36:675][  0]LogConfig: Setting CVar [[r.RefractionQuality:2]]
[2019.05.30-00.13.36:675][  0]LogConfig: Setting CVar [[r.SSR.Quality:0]]
[2019.05.30-00.13.36:675][  0]LogConfig: Setting CVar [[r.SceneColorFormat:2]]
[2019.05.30-00.13.36:675][  0]LogConfig: Setting CVar [[r.DetailMode:2]]
[2019.05.30-00.13.36:675][  0]LogConfig: Setting CVar [[r.TranslucencyVolumeBlur:0]]
[2019.05.30-00.13.36:675][  0]LogConfig: Setting CVar [[r.MaterialQualityLevel:1 ; High quality]]
[2019.05.30-00.13.36:675][  0]LogConfig: Setting CVar [[r.SSS.Scale:1]]
[2019.05.30-00.13.36:675][  0]LogConfig: Setting CVar [[r.SSS.SampleSet:2]]
[2019.05.30-00.13.36:675][  0]LogConfig: Setting CVar [[r.SSS.Quality:1]]
[2019.05.30-00.13.36:675][  0]LogConfig: Setting CVar [[r.SSS.HalfRes:1]]
[2019.05.30-00.13.36:675][  0]LogConfig: Setting CVar [[r.EmitterSpawnRateScale:1.0]]
[2019.05.30-00.13.36:675][  0]LogConfig: Setting CVar [[r.ParticleLightQuality:2]]
[2019.05.30-00.13.36:675][  0]LogConfig: Applying CVar settings from Section [FoliageQuality@3] File [D:/Users/James.joh7359/Documents/VrProject/VrResearch/Saved/Config/Windows/Scalability.ini]
[2019.05.30-00.13.36:675][  0]LogConfig: Setting CVar [[foliage.DensityScale:1.0]]
[2019.05.30-00.13.36:675][  0]LogConfig: Setting CVar [[grass.DensityScale:1.0]]
[2019.05.30-00.13.36:675][  0]LogConfig: Applying CVar settings from Section [Startup] File [../../../Engine/Config/ConsoleVariables.ini]
[2019.05.30-00.13.36:675][  0]LogConfig: Setting CVar [[net.UseAdaptiveNetUpdateFrequency:0]]
[2019.05.30-00.13.36:675][  0]LogConfig: Setting CVar [[p.chaos.AllowCreatePhysxBodies:1]]
[2019.05.30-00.13.36:675][  0]LogConfig: Applying CVar settings from Section [ConsoleVariables] File [D:/Users/James.joh7359/Documents/VrProject/VrResearch/Saved/Config/Windows/Engine.ini]
[2019.05.30-00.13.36:676][  0]LogInit: Computer: 1405C021
[2019.05.30-00.13.36:676][  0]LogInit: User: Jamesjoh7359
[2019.05.30-00.13.36:676][  0]LogInit: CPU Page size=4096, Cores=4
[2019.05.30-00.13.36:676][  0]LogInit: High frequency timer resolution =3.507508 MHz
[2019.05.30-00.13.36:676][  0]LogMemory: Memory total: Physical=15.9GB (16GB approx)
[2019.05.30-00.13.36:676][  0]LogMemory: Platform Memory Stats for Windows
[2019.05.30-00.13.36:676][  0]LogMemory: Process Physical Memory: 96.85 MB used, 96.85 MB peak
[2019.05.30-00.13.36:676][  0]LogMemory: Process Virtual Memory: 92.65 MB used, 92.65 MB peak
[2019.05.30-00.13.36:676][  0]LogMemory: Physical Memory: 5859.54 MB used,  10379.54 MB free, 16239.08 MB total
[2019.05.30-00.13.36:676][  0]LogMemory: Virtual Memory: 4663.67 MB used,  134213064.00 MB free, 134217728.00 MB total
[2019.05.30-00.13.36:702][  0]LogInit: Using OS detected language (en-US).
[2019.05.30-00.13.36:702][  0]LogInit: Using OS detected locale (en-NZ).
[2019.05.30-00.13.36:703][  0]LogTextLocalizationManager: No specific localization for 'en-US' exists, so the 'en' localization will be used.
[2019.05.30-00.13.36:872][  0]LogInit: Setting process to per monitor DPI aware
[2019.05.30-00.13.36:913][  0]LogSlate: New Slate User Created.  User Index 0, Is Virtual User: 0
[2019.05.30-00.13.36:913][  0]LogSlate: Slate User Registered.  User Index 0, Is Virtual User: 0
[2019.05.30-00.13.37:099][  0]LogHMD: Failed to initialize OpenVR with code 110
[2019.05.30-00.13.37:099][  0]LogD3D11RHI: D3D11 adapters:
[2019.05.30-00.13.37:150][  0]LogD3D11RHI:    0. 'NVIDIA GeForce GTX 960' (Feature Level 11_0)
[2019.05.30-00.13.37:150][  0]LogD3D11RHI:       2016/0/8119 MB DedicatedVideo/DedicatedSystem/SharedSystem, Outputs:2, VendorId:0x10de
[2019.05.30-00.13.37:156][  0]LogD3D11RHI:    1. 'Intel(R) HD Graphics 4600' (Feature Level 11_0)
[2019.05.30-00.13.37:156][  0]LogD3D11RHI:       32/0/1760 MB DedicatedVideo/DedicatedSystem/SharedSystem, Outputs:0, VendorId:0x8086
[2019.05.30-00.13.37:158][  0]LogD3D11RHI:    2. 'Microsoft Basic Render Driver' (Feature Level 11_0)
[2019.05.30-00.13.37:158][  0]LogD3D11RHI:       0/0/8119 MB DedicatedVideo/DedicatedSystem/SharedSystem, Outputs:0, VendorId:0x1414
[2019.05.30-00.13.37:158][  0]LogD3D11RHI: Chosen D3D11 Adapter: 0
[2019.05.30-00.13.37:171][  0]LogD3D11RHI: Creating new Direct3DDevice
[2019.05.30-00.13.37:171][  0]LogD3D11RHI:     GPU DeviceId: 0x1401 (for the marketing name, search the web for "GPU Device Id")
[2019.05.30-00.13.37:171][  0]LogWindows: EnumDisplayDevices:
[2019.05.30-00.13.37:171][  0]LogWindows:    0. 'NVIDIA GeForce GTX 960' (P:1 D:1)
[2019.05.30-00.13.37:172][  0]LogWindows:    1. 'NVIDIA GeForce GTX 960' (P:0 D:1)
[2019.05.30-00.13.37:172][  0]LogWindows:    2. 'NVIDIA GeForce GTX 960' (P:0 D:0)
[2019.05.30-00.13.37:173][  0]LogWindows:    3. 'NVIDIA GeForce GTX 960' (P:0 D:0)
[2019.05.30-00.13.37:173][  0]LogWindows:    4. 'Intel(R) HD Graphics 4600' (P:0 D:0)
[2019.05.30-00.13.37:173][  0]LogWindows:    5. 'Intel(R) HD Graphics 4600' (P:0 D:0)
[2019.05.30-00.13.37:173][  0]LogWindows:    6. 'Intel(R) HD Graphics 4600' (P:0 D:0)
[2019.05.30-00.13.37:174][  0]LogWindows:    7. 'Mirage Driver' (P:0 D:0)
[2019.05.30-00.13.37:174][  0]LogWindows: DebugString: PrimaryIsNotTheChoosenAdapter PrimaryIsNotTheChoosenAdapter PrimaryIsNotTheChoosenAdapter GetVideoDriverDetailsInvalid PrimaryIsNotTheChoosenAdapter FoundDriverCount:4 
[2019.05.30-00.13.37:174][  0]LogD3D11RHI:     Adapter Name: NVIDIA GeForce GTX 960
[2019.05.30-00.13.37:174][  0]LogD3D11RHI:   Driver Version: 388.13 (internal:23.21.13.8813, unified:388.13)
[2019.05.30-00.13.37:174][  0]LogD3D11RHI:      Driver Date: 10-27-2017
[2019.05.30-00.13.37:174][  0]LogRHI: Texture pool is 1411 MB (70% of 2016 MB)
[2019.05.30-00.13.37:204][  0]LogD3D11RHI: Async texture creation enabled
[2019.05.30-00.13.37:208][  0]LogRendererCore: FGlobalReadBuffer::InitRHI
[2019.05.30-00.13.37:208][  0]LogRendererCore: FGlobalReadBuffer::InitRHI
[2019.05.30-00.13.37:208][  0]LogRendererCore: FGlobalReadBuffer::InitRHI
[2019.05.30-00.13.37:216][  0]LogD3D11RHI: GPU Timing Frequency: 1000.000000 (Debug: 2 1)
[2019.05.30-00.13.37:506][  0]LogTemp: Display: Module 'AllDesktopTargetPlatform' loaded TargetPlatform 'AllDesktop'
[2019.05.30-00.13.37:520][  0]LogTemp: Display: Module 'MacClientTargetPlatform' loaded TargetPlatform 'MacClient'
[2019.05.30-00.13.37:534][  0]LogTemp: Display: Module 'MacNoEditorTargetPlatform' loaded TargetPlatform 'MacNoEditor'
[2019.05.30-00.13.37:548][  0]LogTemp: Display: Module 'MacServerTargetPlatform' loaded TargetPlatform 'MacServer'
[2019.05.30-00.13.37:563][  0]LogTemp: Display: Module 'MacTargetPlatform' loaded TargetPlatform 'Mac'
[2019.05.30-00.13.37:577][  0]LogTemp: Display: Module 'WindowsClientTargetPlatform' loaded TargetPlatform 'WindowsClient'
[2019.05.30-00.13.37:591][  0]LogTemp: Display: Module 'WindowsNoEditorTargetPlatform' loaded TargetPlatform 'WindowsNoEditor'
[2019.05.30-00.13.37:606][  0]LogTemp: Display: Module 'WindowsServerTargetPlatform' loaded TargetPlatform 'WindowsServer'
[2019.05.30-00.13.37:614][  0]LogTemp: Display: Module 'WindowsTargetPlatform' loaded TargetPlatform 'Windows'
[2019.05.30-00.13.37:692][  0]LogTemp: Display: Module 'AndroidTargetPlatform' loaded TargetPlatform 'Android'
[2019.05.30-00.13.37:692][  0]LogTemp: Display: Module 'AndroidTargetPlatform' loaded TargetPlatform 'Android_ASTC'
[2019.05.30-00.13.37:692][  0]LogTemp: Display: Module 'AndroidTargetPlatform' loaded TargetPlatform 'Android_ATC'
[2019.05.30-00.13.37:692][  0]LogTemp: Display: Module 'AndroidTargetPlatform' loaded TargetPlatform 'Android_DXT'
[2019.05.30-00.13.37:692][  0]LogTemp: Display: Module 'AndroidTargetPlatform' loaded TargetPlatform 'Android_ETC1'
[2019.05.30-00.13.37:692][  0]LogTemp: Display: Module 'AndroidTargetPlatform' loaded TargetPlatform 'Android_ETC1a'
[2019.05.30-00.13.37:692][  0]LogTemp: Display: Module 'AndroidTargetPlatform' loaded TargetPlatform 'Android_ETC2'
[2019.05.30-00.13.37:692][  0]LogTemp: Display: Module 'AndroidTargetPlatform' loaded TargetPlatform 'Android_PVRTC'
[2019.05.30-00.13.37:692][  0]LogTemp: Display: Module 'AndroidTargetPlatform' loaded TargetPlatform 'AndroidClient'
[2019.05.30-00.13.37:692][  0]LogTemp: Display: Module 'AndroidTargetPlatform' loaded TargetPlatform 'Android_ASTCClient'
[2019.05.30-00.13.37:692][  0]LogTemp: Display: Module 'AndroidTargetPlatform' loaded TargetPlatform 'Android_ATCClient'
[2019.05.30-00.13.37:692][  0]LogTemp: Display: Module 'AndroidTargetPlatform' loaded TargetPlatform 'Android_DXTClient'
[2019.05.30-00.13.37:692][  0]LogTemp: Display: Module 'AndroidTargetPlatform' loaded TargetPlatform 'Android_ETC1Client'
[2019.05.30-00.13.37:692][  0]LogTemp: Display: Module 'AndroidTargetPlatform' loaded TargetPlatform 'Android_ETC1aClient'
[2019.05.30-00.13.37:692][  0]LogTemp: Display: Module 'AndroidTargetPlatform' loaded TargetPlatform 'Android_ETC2Client'
[2019.05.30-00.13.37:692][  0]LogTemp: Display: Module 'AndroidTargetPlatform' loaded TargetPlatform 'Android_PVRTCClient'
[2019.05.30-00.13.37:692][  0]LogTemp: Display: Module 'AndroidTargetPlatform' loaded TargetPlatform 'Android_Multi'
[2019.05.30-00.13.37:692][  0]LogTemp: Display: Module 'AndroidTargetPlatform' loaded TargetPlatform 'Android_MultiClient'
[2019.05.30-00.13.37:694][  0]LogTemp: Display: Module 'HTML5TargetPlatform' loaded TargetPlatform 'HTML5'
[2019.05.30-00.13.37:742][  0]LogTemp: Display: Module 'IOSTargetPlatform' loaded TargetPlatform 'IOSClient'
[2019.05.30-00.13.37:742][  0]LogTemp: Display: Module 'IOSTargetPlatform' loaded TargetPlatform 'IOS'
[2019.05.30-00.13.37:765][  0]LogTemp: Display: Module 'TVOSTargetPlatform' loaded TargetPlatform 'TVOSClient'
[2019.05.30-00.13.37:765][  0]LogTemp: Display: Module 'TVOSTargetPlatform' loaded TargetPlatform 'TVOS'
[2019.05.30-00.13.37:778][  0]LogTemp: Display: Module 'LinuxClientTargetPlatform' loaded TargetPlatform 'LinuxClient'
[2019.05.30-00.13.37:791][  0]LogTemp: Display: Module 'LinuxNoEditorTargetPlatform' loaded TargetPlatform 'LinuxNoEditor'
[2019.05.30-00.13.37:804][  0]LogTemp: Display: Module 'LinuxServerTargetPlatform' loaded TargetPlatform 'LinuxServer'
[2019.05.30-00.13.37:816][  0]LogTemp: Display: Module 'LinuxTargetPlatform' loaded TargetPlatform 'Linux'
[2019.05.30-00.13.37:858][  0]LogTemp: Display: Module 'LuminTargetPlatform' loaded TargetPlatform 'Lumin'
[2019.05.30-00.13.37:858][  0]LogTemp: Display: Module 'LuminTargetPlatform' loaded TargetPlatform 'LuminClient'
[2019.05.30-00.13.37:858][  0]LogTargetPlatformManager: Display: Building Assets For Windows
[2019.05.30-00.13.37:868][  0]LogAudioDebug: Display: Lib vorbis DLL was dynamically loaded.
[2019.05.30-00.13.37:928][  0]LogShaderCompilers: Guid format shader working directory is 22 characters bigger than the processId version (../../../../VrProject/VrResearch/Intermediate/Shaders/WorkingDirectory/7428/).
[2019.05.30-00.13.37:928][  0]LogShaderCompilers: Cleaned the shader compiler working directory 'D:/Users/James.joh7359/AppData/Local/Temp/UnrealShaderWorkingDir/3C360D6347906A0E42E35FA0438E9D73/'.
[2019.05.30-00.13.37:931][  0]LogXGEController: Cleaning working directory: D:/Users/James.joh7359/AppData/Local/Temp/UnrealXGEWorkingDir/
[2019.05.30-00.13.37:931][  0]LogXGEController: Cannot use XGE Controller as Incredibuild is not installed on this machine.
[2019.05.30-00.13.37:931][  0]LogShaderCompilers: Cannot use XGE Shader Compiler as Incredibuild is not installed on this machine.
[2019.05.30-00.13.37:931][  0]LogShaderCompilers: Display: Using Local Shader Compiler.
[2019.05.30-00.13.38:481][  0]LogDerivedDataCache: Display: Max Cache Size: 512 MB
[2019.05.30-00.13.38:547][  0]LogDerivedDataCache: Loaded boot cache 0.07s 72MB D:/Users/James.joh7359/AppData/Local/UnrealEngine/4.22/DerivedDataCache/Boot.ddc.
[2019.05.30-00.13.38:547][  0]LogDerivedDataCache: Display: Loaded Boot cache: D:/Users/James.joh7359/AppData/Local/UnrealEngine/4.22/DerivedDataCache/Boot.ddc
[2019.05.30-00.13.38:547][  0]LogDerivedDataCache: FDerivedDataBackendGraph:  Pak pak cache file ../../../../VrProject/VrResearch/DerivedDataCache/DDC.ddp not found, will not use a pak cache.
[2019.05.30-00.13.38:547][  0]LogDerivedDataCache: Unable to find inner node Pak for hierarchical cache Hierarchy.
[2019.05.30-00.13.38:547][  0]LogDerivedDataCache: FDerivedDataBackendGraph:  CompressedPak pak cache file ../../../../VrProject/VrResearch/DerivedDataCache/Compressed.ddp not found, will not use a pak cache.
[2019.05.30-00.13.38:547][  0]LogDerivedDataCache: Unable to find inner node CompressedPak for hierarchical cache Hierarchy.
[2019.05.30-00.13.38:559][  0]LogDerivedDataCache: Display: Pak cache opened for reading ../../../Engine/DerivedDataCache/Compressed.ddp.
[2019.05.30-00.13.38:559][  0]LogDerivedDataCache: FDerivedDataBackendGraph:  EnterprisePak pak cache file ../../../Enterprise/DerivedDataCache/Compressed.ddp not found, will not use a pak cache.
[2019.05.30-00.13.38:559][  0]LogDerivedDataCache: Unable to find inner node EnterprisePak for hierarchical cache Hierarchy.
[2019.05.30-00.13.38:571][  0]LogDerivedDataCache: Using Local data cache path D:/Users/James.joh7359/AppData/Local/UnrealEngine/Common/DerivedDataCache: Writable
[2019.05.30-00.13.38:571][  0]LogDerivedDataCache: Shared data cache path not found in *engine.ini, will not use an Shared cache.
[2019.05.30-00.13.38:571][  0]LogDerivedDataCache: Unable to find inner node Shared for hierarchical cache Hierarchy.
[2019.05.30-00.13.38:595][  0]LogMaterial: Verifying Global Shaders for PCD3D_SM5
[2019.05.30-00.13.38:596][  0]LogSlate: Using FreeType 2.6.0
[2019.05.30-00.13.38:596][  0]LogSlate: SlateFontServices - WITH_FREETYPE: 1, WITH_HARFBUZZ: 1
[2019.05.30-00.13.38:683][  0]LogAssetRegistry: FAssetRegistry took 0.0339 seconds to start up
[2019.05.30-00.13.38:998][  0]LogInit: Selected Device Profile: [Windows]
[2019.05.30-00.13.39:132][  0]LogMeshReduction: Using QuadricMeshReduction for automatic static mesh reduction
[2019.05.30-00.13.39:132][  0]LogMeshReduction: Using SimplygonMeshReduction for automatic skeletal mesh reduction
[2019.05.30-00.13.39:132][  0]LogMeshReduction: Using ProxyLODMeshReduction for automatic mesh merging
[2019.05.30-00.13.39:132][  0]LogMeshReduction: No distributed automatic mesh merging module available
[2019.05.30-00.13.39:132][  0]LogMeshMerging: No distributed automatic mesh merging module available
[2019.05.30-00.13.39:143][  0]LogNetVersion: VrResearch 1.0.0, NetCL: 5660361, EngineNetVer: 10, GameNetVer: 0 (Checksum: 3812351587)
[2019.05.30-00.13.39:531][  0]LogPackageLocalizationCache: Processed 10 localized package path(s) for 1 prioritized culture(s) in 0.035193 seconds
[2019.05.30-00.13.39:537][  0]LogUObjectArray: 42205 objects as part of root set at end of initial load.
[2019.05.30-00.13.39:537][  0]LogUObjectAllocator: 7325032 out of 0 bytes used by permanent object pool.
[2019.05.30-00.13.39:537][  0]LogUObjectArray: CloseDisregardForGC: 0/0 objects in disregard for GC pool
[2019.05.30-00.13.40:355][  0]LogTcpMessaging: Initializing TcpMessaging bridge
[2019.05.30-00.13.40:368][  0]LogUdpMessaging: Initializing bridge on interface 0.0.0.0:0 to multicast group 230.0.0.1:6666.
[2019.05.30-00.13.40:472][  0]SourceControl: Source control is disabled
[2019.05.30-00.13.40:472][  0]SourceControl: Source control is disabled
[2019.05.30-00.13.40:474][  0]SourceControl: Source control is disabled
[2019.05.30-00.13.40:475][  0]SourceControl: Source control is disabled
[2019.05.30-00.13.40:547][  0]LogAndroidPermission: UAndroidPermissionCallbackProxy::GetInstance
[2019.05.30-00.13.40:596][  0]LogOcInput: OculusInput pre-init called
[2019.05.30-00.13.41:239][  0]LogEngine: Initializing Engine...
[2019.05.30-00.13.41:240][  0]LogHMD: Failed to initialize OpenVR with code 110
[2019.05.30-00.13.41:241][  0]LogStats: UGameplayTagsManager::InitializeManager -  0.000 s
[2019.05.30-00.13.41:448][  0]LogInit: Initializing FReadOnlyCVARCache
[2019.05.30-00.13.41:464][  0]LogAIModule: Creating AISystem for world Untitled
[2019.05.30-00.13.41:487][  0]LogInit: No audio devices found!
[2019.05.30-00.13.41:487][  0]LogNetVersion: Set ProjectVersion to 1.0.0.0. Version Checksum will be recalculated on next use.
[2019.05.30-00.13.41:950][  0]LogDerivedDataCache: Saved boot cache 0.46s 72MB D:/Users/James.joh7359/AppData/Local/UnrealEngine/4.22/DerivedDataCache/Boot.ddc.
[2019.05.30-00.13.41:972][  0]LogInit: Texture streaming: Enabled
[2019.05.30-00.13.41:994][  0]LogEngineSessionManager: EngineSessionManager initialized
[2019.05.30-00.13.41:994][  0]LogEngineSessionManager: EngineSessionManager sent abnormal shutdown report. Type=Crashed, SessionId={E49315C3-45D5-A0E4-3734-CE8D234A1E96}
[2019.05.30-00.13.42:021][  0]LogInit: Transaction tracking system initialized
[2019.05.30-00.13.42:050][  0]BlueprintLog: New page: Editor Load
[2019.05.30-00.13.42:149][  0]LocalizationService: Localization service is disabled
[2019.05.30-00.13.42:242][  0]LogLinker: Warning: Can't find file '/Game/ThirdPersonBP/ThirdPersonOverview'
[2019.05.30-00.13.42:242][  0]LogLinker: Warning: Can't find file '/Game/ThirdPersonBP/ThirdPersonOverview'
[2019.05.30-00.13.42:242][  0]LogUObjectGlobals: Warning: Failed to find object 'Class /Game/ThirdPersonBP/ThirdPersonOverview.ThirdPersonOverview_C'
[2019.05.30-00.13.42:437][  0]LogCook: Display: Max memory allowance for cook 16384mb min free memory 0mb
[2019.05.30-00.13.42:437][  0]LogCook: Display: Mobile HDR setting 1
[2019.05.30-00.13.42:625][  0]LogFileCache: Scanning file cache for directory 'D:/Users/James.joh7359/Documents/VrProject/VrResearch/Content/' took 0.02s
[2019.05.30-00.13.42:625][  0]SourceControl: Source control is disabled
[2019.05.30-00.13.42:625][  0]Cmd: MAP LOAD FILE="../../../../VrProject/VrResearch/Content/VirtualRealityBP/Maps/StartupMap.umap" TEMPLATE=0 SHOWPROGRESS=1 FEATURELEVEL=3
[2019.05.30-00.13.42:625][  0]LightingResults: New page: Lighting Build
[2019.05.30-00.13.42:629][  0]MapCheck: New page: Map Check
[2019.05.30-00.13.42:629][  0]LightingResults: New page: Lighting Build
[2019.05.30-00.13.42:649][  0]LogUObjectHash: Compacting FUObjectHashTables data took   1.59ms
[2019.05.30-00.13.42:732][  0]LogAIModule: Creating AISystem for world StartupMap
[2019.05.30-00.13.42:739][  0]LogEditorServer: Finished looking for orphan Actors (0.000 secs)
[2019.05.30-00.13.42:762][  0]LogUObjectHash: Compacting FUObjectHashTables data took   2.05ms
[2019.05.30-00.13.42:762][  0]Cmd: MAP CHECKDEP NOCLEARLOG
[2019.05.30-00.13.42:762][  0]MapCheck: Map check complete: 0 Error(s), 0 Warning(s), took 0.115ms to complete.
[2019.05.30-00.13.42:762][  0]LogFileHelpers: Loading map 'StartupMap' took 0.137
[2019.05.30-00.13.42:881][  0]LogSlate: Updating window title bar state: overlay mode, drag disabled, window buttons hidden, title bar hidden
[2019.05.30-00.13.42:888][  0]LogSlate: Updating window title bar state: overlay mode, drag disabled, window buttons hidden, title bar hidden
[2019.05.30-00.13.42:895][  0]LogSlate: Updating window title bar state: overlay mode, drag disabled, window buttons hidden, title bar hidden
[2019.05.30-00.13.42:902][  0]LogSlate: Updating window title bar state: overlay mode, drag disabled, window buttons hidden, title bar hidden
[2019.05.30-00.13.42:910][  0]LogCollectionManager: Loaded 0 collections in 0.002387 seconds
[2019.05.30-00.13.42:939][  0]LogFileCache: Scanning file cache for directory 'D:/Users/James.joh7359/Documents/VrProject/VrResearch/Saved/Collections/' took 0.01s
[2019.05.30-00.13.42:939][  0]LogFileCache: Scanning file cache for directory 'D:/Users/James.joh7359/Documents/VrProject/VrResearch/Content/Developers/Jamesjoh7359/Collections/' took 0.00s
[2019.05.30-00.13.42:939][  0]LogFileCache: Scanning file cache for directory 'D:/Users/James.joh7359/Documents/VrProject/VrResearch/Content/Collections/' took 0.01s
[2019.05.30-00.13.42:939][  0]LogCollectionManager: Rebuilt the GUID cache for 0 collections in 0.000001 seconds
[2019.05.30-00.13.42:947][  0]LogContentBrowser: Native class hierarchy populated in 0.0085 seconds. Added 2732 classes and 659 folders.
[2019.05.30-00.13.42:955][  0]LogContentBrowser: Native class hierarchy updated for 'WidgetCarousel' in 0.0003 seconds. Added 0 classes and 0 folders.
[2019.05.30-00.13.42:956][  0]LogPakFile: Registered encryption key '00000000000000000000000000000000': 0 pak files mounted, 0 remain pending
[2019.05.30-00.13.42:957][  0]LogPakFile: Registered encryption key '00000000000000000000000000000000': 0 pak files mounted, 0 remain pending
[2019.05.30-00.13.42:957][  0]LogPakFile: Registered encryption key '00000000000000000000000000000000': 0 pak files mounted, 0 remain pending
[2019.05.30-00.13.42:958][  0]LogPakFile: Registered encryption key '00000000000000000000000000000000': 0 pak files mounted, 0 remain pending
[2019.05.30-00.13.42:958][  0]LogPakFile: Registered encryption key '00000000000000000000000000000000': 0 pak files mounted, 0 remain pending
[2019.05.30-00.13.42:959][  0]LogPakFile: Registered encryption key '00000000000000000000000000000000': 0 pak files mounted, 0 remain pending
[2019.05.30-00.13.42:959][  0]LogPakFile: Registered encryption key '00000000000000000000000000000000': 0 pak files mounted, 0 remain pending
[2019.05.30-00.13.42:959][  0]LogPakFile: Registered encryption key '00000000000000000000000000000000': 0 pak files mounted, 0 remain pending
[2019.05.30-00.13.42:960][  0]LogPakFile: Registered encryption key '00000000000000000000000000000000': 0 pak files mounted, 0 remain pending
[2019.05.30-00.13.42:960][  0]LogPakFile: Registered encryption key '00000000000000000000000000000000': 0 pak files mounted, 0 remain pending
[2019.05.30-00.13.42:961][  0]LogPakFile: Registered encryption key '00000000000000000000000000000000': 0 pak files mounted, 0 remain pending
[2019.05.30-00.13.42:961][  0]LogPakFile: Registered encryption key '00000000000000000000000000000000': 0 pak files mounted, 0 remain pending
[2019.05.30-00.13.42:962][  0]LogPakFile: Registered encryption key '00000000000000000000000000000000': 0 pak files mounted, 0 remain pending
[2019.05.30-00.13.42:962][  0]LogPakFile: Registered encryption key '00000000000000000000000000000000': 0 pak files mounted, 0 remain pending
[2019.05.30-00.13.42:963][  0]LogPakFile: Registered encryption key '00000000000000000000000000000000': 0 pak files mounted, 0 remain pending
[2019.05.30-00.13.42:963][  0]LogPakFile: Registered encryption key '00000000000000000000000000000000': 0 pak files mounted, 0 remain pending
[2019.05.30-00.13.42:964][  0]LogPakFile: Registered encryption key '00000000000000000000000000000000': 0 pak files mounted, 0 remain pending
[2019.05.30-00.13.42:964][  0]LogPakFile: Registered encryption key '00000000000000000000000000000000': 0 pak files mounted, 0 remain pending
[2019.05.30-00.13.42:964][  0]LogPakFile: Registered encryption key '00000000000000000000000000000000': 0 pak files mounted, 0 remain pending
[2019.05.30-00.13.42:965][  0]LogPakFile: Registered encryption key '00000000000000000000000000000000': 0 pak files mounted, 0 remain pending
[2019.05.30-00.13.42:965][  0]LogPakFile: Registered encryption key '00000000000000000000000000000000': 0 pak files mounted, 0 remain pending
[2019.05.30-00.13.42:966][  0]LogPakFile: Registered encryption key '00000000000000000000000000000000': 0 pak files mounted, 0 remain pending
[2019.05.30-00.13.42:966][  0]LogPakFile: Registered encryption key '00000000000000000000000000000000': 0 pak files mounted, 0 remain pending
[2019.05.30-00.13.42:967][  0]LogPakFile: Registered encryption key '00000000000000000000000000000000': 0 pak files mounted, 0 remain pending
[2019.05.30-00.13.42:967][  0]LogPakFile: Registered encryption key '00000000000000000000000000000000': 0 pak files mounted, 0 remain pending
[2019.05.30-00.13.42:968][  0]LogPakFile: Registered encryption key '00000000000000000000000000000000': 0 pak files mounted, 0 remain pending
[2019.05.30-00.13.42:999][  0]LogContentBrowser: Native class hierarchy updated for 'AddContentDialog' in 0.0002 seconds. Added 0 classes and 0 folders.
[2019.05.30-00.13.43:008][  0]LogContentBrowser: Native class hierarchy updated for 'SceneOutliner' in 0.0003 seconds. Added 1 classes and 2 folders.
[2019.05.30-00.13.43:017][  0]LogContentBrowser: Native class hierarchy updated for 'WorldBrowser' in 0.0003 seconds. Added 2 classes and 3 folders.
[2019.05.30-00.13.43:076][  0]LogSlate: Took 0.000196 seconds to synchronously load lazily loaded font '../../../Engine/Content/Slate/Fonts/Roboto-Regular.ttf' (155K)
[2019.05.30-00.13.43:079][  0]LogSlate: Took 0.000166 seconds to synchronously load lazily loaded font '../../../Engine/Content/Slate/Fonts/Roboto-Bold.ttf' (160K)
[2019.05.30-00.13.43:084][  0]LogSlate: Took 0.000211 seconds to synchronously load lazily loaded font '../../../Engine/Content/Editor/Slate/Fonts/FontAwesome.ttf' (139K)
[2019.05.30-00.13.43:144][  0]LogRenderer: Reallocating scene render targets to support 1148x580 Format 26 NumSamples 1 (Frame:1).
[2019.05.30-00.13.43:303][  0]LogContentBrowser: Native class hierarchy updated for 'HierarchicalLODOutliner' in 0.0003 seconds. Added 0 classes and 0 folders.
[2019.05.30-00.13.43:303][  0]LogLoad: (Engine Initialization) Total time: 8.56 seconds
[2019.05.30-00.13.43:303][  0]LogLoad: (Engine Initialization) Total Blueprint compile time: 0.00 seconds
[2019.05.30-00.13.43:313][  0]LogWindowsTextInputMethodSystem: Display: IME system now deactivated.
[2019.05.30-00.13.43:342][  0]LogAssetRegistry: Asset discovery search completed in 4.6811 seconds
[2019.05.30-00.13.43:344][  0]LogCollectionManager: Rebuilt the object cache for 0 collections in 0.000000 seconds (found 0 objects)
[2019.05.30-00.13.43:344][  0]LogCollectionManager: Fixed up redirectors for 0 collections in 0.000040 seconds (updated 0 objects)
[2019.05.30-00.13.43:345][  0]LogContentStreaming: Texture pool size now 1000 MB
[2019.05.30-00.13.43:361][  0]LogSlate: Took 0.000184 seconds to synchronously load lazily loaded font '../../../Engine/Content/Slate/Fonts/Roboto-Light.ttf' (167K)
[2019.05.30-00.13.44:333][ 92]LogSlate: Took 0.000193 seconds to synchronously load lazily loaded font '../../../Engine/Content/Slate/Fonts/Roboto-Light.ttf' (167K)
[2019.05.30-00.13.46:420][331]LogSlate: FSceneViewport::OnFocusLost() reason 0
[2019.05.30-00.14.06:489][650]LogSlate: FSceneViewport::OnFocusLost() reason 0
[2019.05.30-00.14.06:851][688]LogAssetEditorManager: Opening Asset editor for StaticMesh /Game/Models/Roads/Roads_Plane_001.Roads_Plane_001
[2019.05.30-00.14.07:346][688]LogRenderer: Reallocating scene render targets to support 1148x876 Format 26 NumSamples 1 (Frame:1).
[2019.05.30-00.14.07:346][688]LogSlate: Took 0.000211 seconds to synchronously load lazily loaded font '../../../Engine/Content/Slate/Fonts/Roboto-Italic.ttf' (157K)
[2019.05.30-00.14.12:404][174]LogSlate: FSceneViewport::OnFocusLost() reason 0
[2019.05.30-00.14.22:978][222]LogSlate: FSceneViewport::OnFocusLost() reason 2
[2019.05.30-00.14.31:283][118]LogSlate: FSceneViewport::OnFocusLost() reason 0
[2019.05.30-00.14.49:992][ 37]LogStaticMesh: Building static mesh Roads_Plane_029...
[2019.05.30-00.14.50:001][ 37]LogStaticMesh: Built static mesh [0.01s] /Game/Models/Roads/Roads_Plane_029.Roads_Plane_029
[2019.05.30-00.14.50:007][ 37]LogStaticMesh: Building static mesh Roads_Plane_030...
[2019.05.30-00.14.50:013][ 37]LogStaticMesh: Built static mesh [0.01s] /Game/Models/Roads/Roads_Plane_030.Roads_Plane_030
[2019.05.30-00.14.50:017][ 37]LogStaticMesh: Building static mesh Roads_Plane_031...
[2019.05.30-00.14.50:023][ 37]LogStaticMesh: Built static mesh [0.01s] /Game/Models/Roads/Roads_Plane_031.Roads_Plane_031
[2019.05.30-00.14.50:028][ 37]LogStaticMesh: Building static mesh Roads_Plane_032...
[2019.05.30-00.14.50:033][ 37]LogStaticMesh: Built static mesh [0.00s] /Game/Models/Roads/Roads_Plane_032.Roads_Plane_032
[2019.05.30-00.14.50:037][ 37]LogStaticMesh: Building static mesh Roads_Plane_033...
[2019.05.30-00.14.50:042][ 37]LogStaticMesh: Built static mesh [0.01s] /Game/Models/Roads/Roads_Plane_033.Roads_Plane_033
[2019.05.30-00.14.50:047][ 37]LogStaticMesh: Building static mesh Roads_Plane_034...
[2019.05.30-00.14.50:052][ 37]LogStaticMesh: Built static mesh [0.01s] /Game/Models/Roads/Roads_Plane_034.Roads_Plane_034
[2019.05.30-00.14.50:057][ 37]LogStaticMesh: Building static mesh Roads_Plane_035...
[2019.05.30-00.14.50:062][ 37]LogStaticMesh: Built static mesh [0.01s] /Game/Models/Roads/Roads_Plane_035.Roads_Plane_035
[2019.05.30-00.14.50:067][ 37]LogStaticMesh: Building static mesh Roads_Plane_037...
[2019.05.30-00.14.50:073][ 37]LogStaticMesh: Built static mesh [0.01s] /Game/Models/Roads/Roads_Plane_037.Roads_Plane_037
[2019.05.30-00.14.50:123][ 37]Cmd: OBJ SAVEPACKAGE PACKAGE="/Game/Models/Roads/M_MainRoad" FILE="../../../../VrProject/VrResearch/Content/Models/Roads/M_MainRoad.uasset" SILENT=true
[2019.05.30-00.14.50:144][ 37]LogSavePackage: Moving '../../../../VrProject/VrResearch/Saved/M_MainRoad27DA103E42588CF64DA5ED85B8BE45B5.tmp' to '../../../../VrProject/VrResearch/Content/Models/Roads/M_MainRoad.uasset'
[2019.05.30-00.14.50:389][ 37]LogUObjectHash: Compacting FUObjectHashTables data took   1.46ms
[2019.05.30-00.14.50:413][ 37]LogUObjectHash: Compacting FUObjectHashTables data took   1.47ms
[2019.05.30-00.14.50:433][ 37]LogUObjectHash: Compacting FUObjectHashTables data took   0.53ms
[2019.05.30-00.14.50:455][ 37]Cmd: OBJ SAVEPACKAGE PACKAGE="/Game/Models/Roads/Roads_Plane_001" FILE="../../../../VrProject/VrResearch/Content/Models/Roads/Roads_Plane_001.uasset" SILENT=true
[2019.05.30-00.14.50:475][ 37]LogSavePackage: Moving '../../../../VrProject/VrResearch/Saved/Roads_Plane_0011B6024014E007114B932CB86F16B5AB9.tmp' to '../../../../VrProject/VrResearch/Content/Models/Roads/Roads_Plane_001.uasset'
[2019.05.30-00.14.50:490][ 37]Cmd: OBJ SAVEPACKAGE PACKAGE="/Game/Models/Roads/Roads_Plane_029" FILE="../../../../VrProject/VrResearch/Content/Models/Roads/Roads_Plane_029.uasset" SILENT=true
[2019.05.30-00.14.50:509][ 37]LogSavePackage: Moving '../../../../VrProject/VrResearch/Saved/Roads_Plane_02971666D6A4FC6A7A9179217BCE09ED2D7.tmp' to '../../../../VrProject/VrResearch/Content/Models/Roads/Roads_Plane_029.uasset'
[2019.05.30-00.14.50:525][ 37]Cmd: OBJ SAVEPACKAGE PACKAGE="/Game/Models/Roads/Roads_Plane_030" FILE="../../../../VrProject/VrResearch/Content/Models/Roads/Roads_Plane_030.uasset" SILENT=true
[2019.05.30-00.14.50:544][ 37]LogSavePackage: Moving '../../../../VrProject/VrResearch/Saved/Roads_Plane_030B04D66FC4CFF8CF2CE626CBE9872A826.tmp' to '../../../../VrProject/VrResearch/Content/Models/Roads/Roads_Plane_030.uasset'
[2019.05.30-00.14.50:558][ 37]Cmd: OBJ SAVEPACKAGE PACKAGE="/Game/Models/Roads/Roads_Plane_031" FILE="../../../../VrProject/VrResearch/Content/Models/Roads/Roads_Plane_031.uasset" SILENT=true
[2019.05.30-00.14.50:578][ 37]LogSavePackage: Moving '../../../../VrProject/VrResearch/Saved/Roads_Plane_031A6843E2D494DC1C16935D59B2B1FC530.tmp' to '../../../../VrProject/VrResearch/Content/Models/Roads/Roads_Plane_031.uasset'
[2019.05.30-00.14.50:593][ 37]Cmd: OBJ SAVEPACKAGE PACKAGE="/Game/Models/Roads/Roads_Plane_032" FILE="../../../../VrProject/VrResearch/Content/Models/Roads/Roads_Plane_032.uasset" SILENT=true
[2019.05.30-00.14.50:612][ 37]LogSavePackage: Moving '../../../../VrProject/VrResearch/Saved/Roads_Plane_032F2D5C563424A2D85FF2DD8903174468A.tmp' to '../../../../VrProject/VrResearch/Content/Models/Roads/Roads_Plane_032.uasset'
[2019.05.30-00.14.50:626][ 37]Cmd: OBJ SAVEPACKAGE PACKAGE="/Game/Models/Roads/Roads_Plane_033" FILE="../../../../VrProject/VrResearch/Content/Models/Roads/Roads_Plane_033.uasset" SILENT=true
[2019.05.30-00.14.50:646][ 37]LogSavePackage: Moving '../../../../VrProject/VrResearch/Saved/Roads_Plane_033EB13011B4DE50CDEAB4DC9A343BF7F74.tmp' to '../../../../VrProject/VrResearch/Content/Models/Roads/Roads_Plane_033.uasset'
[2019.05.30-00.14.50:660][ 37]Cmd: OBJ SAVEPACKAGE PACKAGE="/Game/Models/Roads/Roads_Plane_034" FILE="../../../../VrProject/VrResearch/Content/Models/Roads/Roads_Plane_034.uasset" SILENT=true
[2019.05.30-00.14.50:679][ 37]LogSavePackage: Moving '../../../../VrProject/VrResearch/Saved/Roads_Plane_0342D043FA0450F36BA4A80CBADD6ADA9F5.tmp' to '../../../../VrProject/VrResearch/Content/Models/Roads/Roads_Plane_034.uasset'
[2019.05.30-00.14.50:694][ 37]Cmd: OBJ SAVEPACKAGE PACKAGE="/Game/Models/Roads/Roads_Plane_035" FILE="../../../../VrProject/VrResearch/Content/Models/Roads/Roads_Plane_035.uasset" SILENT=true
[2019.05.30-00.14.50:713][ 37]LogSavePackage: Moving '../../../../VrProject/VrResearch/Saved/Roads_Plane_035C7550F17479BEF195D916F9CD92BD9FE.tmp' to '../../../../VrProject/VrResearch/Content/Models/Roads/Roads_Plane_035.uasset'
[2019.05.30-00.14.50:728][ 37]Cmd: OBJ SAVEPACKAGE PACKAGE="/Game/Models/Roads/Roads_Plane_037" FILE="../../../../VrProject/VrResearch/Content/Models/Roads/Roads_Plane_037.uasset" SILENT=true
[2019.05.30-00.14.50:752][ 37]LogSavePackage: Moving '../../../../VrProject/VrResearch/Saved/Roads_Plane_03736E3E66540D8437DE2C0018EAF672A75.tmp' to '../../../../VrProject/VrResearch/Content/Models/Roads/Roads_Plane_037.uasset'
[2019.05.30-00.15.08:213][728]LogAssetEditorManager: Opening Asset editor for Material /Game/Models/Roads/None__FloorsRegular0277_1_S_jpg_001.None__FloorsRegular0277_1_S_jpg_001
[2019.05.30-00.15.08:504][728]LogMaterial: Display: Missing cached shader map for material None__FloorsRegular0277_1_S_jpg_001, compiling. 
[2019.05.30-00.15.08:740][728]LogMaterial: Display: Missing cached shader map for material None__FloorsRegular0277_1_S_jpg_001, compiling. 
[2019.05.30-00.15.08:769][728]LogShaderCompilers: Display: Shaders left to compile 20
[2019.05.30-00.15.08:773][728]LogMaterial: Display: Missing cached shader map for material None__FloorsRegular0277_1_S_jpg_001, compiling. 
[2019.05.30-00.15.08:815][728]LogMaterial: Display: Missing cached shader map for material FMatExpressionPreview MaterialExpressionTextureSample_0, compiling. 
[2019.05.30-00.15.08:867][728]LogSlate: Took 0.000183 seconds to synchronously load lazily loaded font '../../../Engine/Content/Slate/Fonts/Roboto-BoldCondensed.ttf' (158K)
[2019.05.30-00.15.09:331][742]LogShaderCompilers: Display: Shaders left to compile 20
[2019.05.30-00.15.10:321][795]LogShaderCompilers: Display: Shaders left to compile 10
[2019.05.30-00.15.11:895][882]MaterialEditorStats: Base pass shader: 165 instructions
[2019.05.30-00.15.11:895][882]MaterialEditorStats: Base pass shader with Volumetric Lightmap: 239 instructions
[2019.05.30-00.15.11:895][882]MaterialEditorStats: Base pass vertex shader: 102 instructions
[2019.05.30-00.15.11:895][882]MaterialEditorStats: Texture samplers: 4/16
[2019.05.30-00.15.11:895][882]MaterialEditorStats: Texture Lookups (Est.): VS(0), PS(1)
[2019.05.30-00.15.11:895][882]MaterialEditorStats: User interpolators: 2/4 Scalars (1/4 Vectors) (TexCoords: 2, Custom: 0)
[2019.05.30-00.15.15:457][199]LogSlate: FSceneViewport::OnFocusLost() reason 0
[2019.05.30-00.15.17:482][383]LogSlate: FSceneViewport::OnFocusLost() reason 0
[2019.05.30-00.15.28:414][679]LogSlate: Window 'Message' being destroyed
[2019.05.30-00.15.30:446][854]LogMaterialEditor: Saving and Compiling material None__FloorsRegular0277_1_S_jpg_001
[2019.05.30-00.15.30:831][854]LogMaterial: Display: Missing cached shader map for material None__FloorsRegular0277_1_S_jpg_001, compiling. 
[2019.05.30-00.15.30:881][854]LogShaderCompilers: Display: Shaders left to compile 20
[2019.05.30-00.15.30:894][854]LogMaterial: Display: Missing cached shader map for material None__FloorsRegular0277_1_S_jpg_001, compiling. 
[2019.05.30-00.15.30:917][854]LogMaterial: Display: Missing cached shader map for material None__FloorsRegular0277_1_S_jpg_001, compiling. 
[2019.05.30-00.15.30:957][854]LogUObjectHash: Compacting FUObjectHashTables data took   1.07ms
[2019.05.30-00.15.30:968][854]LogMaterial: Display: Missing cached shader map for material DebugViewMode MaterialTexCoordScale, compiling. 
[2019.05.30-00.15.32:902][854]LogShaderCompilers: Display: Shaders left to compile 40
[2019.05.30-00.15.32:902][854]LogShaderCompilers: Display: Shaders left to compile 30
[2019.05.30-00.15.32:905][854]TextureStreamingBuild: Display: Compiling optional shaders took 1.947 seconds.
[2019.05.30-00.15.32:933][854]LogUObjectHash: Compacting FUObjectHashTables data took   0.89ms
[2019.05.30-00.15.36:061][854]Cmd: OBJ SAVEPACKAGE PACKAGE="/Game/Models/Roads/None__FloorsRegular0277_1_S_jpg_001" FILE="../../../../VrProject/VrResearch/Content/Models/Roads/None__FloorsRegular0277_1_S_jpg_001.uasset" SILENT=true
[2019.05.30-00.15.36:082][854]LogSavePackage: Moving '../../../../VrProject/VrResearch/Saved/None__FloorsRegular0277_1_S_jpg_DB7B2B1E4B6DFC66393C89BF05863E84.tmp' to '../../../../VrProject/VrResearch/Content/Models/Roads/None__FloorsRegular0277_1_S_jpg_001.uasset'
[2019.05.30-00.15.49:816][ 71]Cmd: OBJ SAVEPACKAGE PACKAGE="/Game/Models/Roads/M_Road" FILE="../../../../VrProject/VrResearch/Content/Models/Roads/M_Road.uasset" SILENT=true
[2019.05.30-00.15.49:832][ 71]LogSavePackage: Moving '../../../../VrProject/VrResearch/Saved/M_Road0FF761C141776778F947FD9D9CB6FE8E.tmp' to '../../../../VrProject/VrResearch/Content/Models/Roads/M_Road.uasset'
[2019.05.30-00.15.49:920][ 71]LogUObjectHash: Compacting FUObjectHashTables data took   1.67ms
[2019.05.30-00.15.49:946][ 71]LogUObjectHash: Compacting FUObjectHashTables data took   1.42ms
[2019.05.30-00.15.49:966][ 71]LogUObjectHash: Compacting FUObjectHashTables data took   0.60ms
[2019.05.30-00.15.49:975][ 71]Cmd: OBJ SAVEPACKAGE PACKAGE="/Game/Models/Roads/Roads_Plane_001" FILE="../../../../VrProject/VrResearch/Content/Models/Roads/Roads_Plane_001.uasset" SILENT=true
[2019.05.30-00.15.49:985][ 71]LogSavePackage: Moving '../../../../VrProject/VrResearch/Saved/Roads_Plane_00104D90758475F41750A228AAB0B12961F.tmp' to '../../../../VrProject/VrResearch/Content/Models/Roads/Roads_Plane_001.uasset'
[2019.05.30-00.15.49:988][ 71]Cmd: OBJ SAVEPACKAGE PACKAGE="/Game/Models/Roads/Roads_Plane_029" FILE="../../../../VrProject/VrResearch/Content/Models/Roads/Roads_Plane_029.uasset" SILENT=true
[2019.05.30-00.15.49:997][ 71]LogSavePackage: Moving '../../../../VrProject/VrResearch/Saved/Roads_Plane_02963DA27514F2273C21E58EE9175A7450D.tmp' to '../../../../VrProject/VrResearch/Content/Models/Roads/Roads_Plane_029.uasset'
[2019.05.30-00.15.50:001][ 71]Cmd: OBJ SAVEPACKAGE PACKAGE="/Game/Models/Roads/Roads_Plane_030" FILE="../../../../VrProject/VrResearch/Content/Models/Roads/Roads_Plane_030.uasset" SILENT=true
[2019.05.30-00.15.50:011][ 71]LogSavePackage: Moving '../../../../VrProject/VrResearch/Saved/Roads_Plane_030BDDEA373425364A6933DDD9A196C755F.tmp' to '../../../../VrProject/VrResearch/Content/Models/Roads/Roads_Plane_030.uasset'
[2019.05.30-00.15.50:014][ 71]Cmd: OBJ SAVEPACKAGE PACKAGE="/Game/Models/Roads/Roads_Plane_031" FILE="../../../../VrProject/VrResearch/Content/Models/Roads/Roads_Plane_031.uasset" SILENT=true
[2019.05.30-00.15.50:023][ 71]LogSavePackage: Moving '../../../../VrProject/VrResearch/Saved/Roads_Plane_0312F69DD8441763BE8D10467A44530D71C.tmp' to '../../../../VrProject/VrResearch/Content/Models/Roads/Roads_Plane_031.uasset'
[2019.05.30-00.15.50:026][ 71]Cmd: OBJ SAVEPACKAGE PACKAGE="/Game/Models/Roads/Roads_Plane_032" FILE="../../../../VrProject/VrResearch/Content/Models/Roads/Roads_Plane_032.uasset" SILENT=true
[2019.05.30-00.15.50:035][ 71]LogSavePackage: Moving '../../../../VrProject/VrResearch/Saved/Roads_Plane_0326537397D4D4FEDF128391F84C515E229.tmp' to '../../../../VrProject/VrResearch/Content/Models/Roads/Roads_Plane_032.uasset'
[2019.05.30-00.15.50:038][ 71]Cmd: OBJ SAVEPACKAGE PACKAGE="/Game/Models/Roads/Roads_Plane_033" FILE="../../../../VrProject/VrResearch/Content/Models/Roads/Roads_Plane_033.uasset" SILENT=true
[2019.05.30-00.15.50:047][ 71]LogSavePackage: Moving '../../../../VrProject/VrResearch/Saved/Roads_Plane_0332EFA87B54FA02231FF18CDAC306ABB6F.tmp' to '../../../../VrProject/VrResearch/Content/Models/Roads/Roads_Plane_033.uasset'
[2019.05.30-00.15.50:051][ 71]Cmd: OBJ SAVEPACKAGE PACKAGE="/Game/Models/Roads/Roads_Plane_034" FILE="../../../../VrProject/VrResearch/Content/Models/Roads/Roads_Plane_034.uasset" SILENT=true
[2019.05.30-00.15.50:060][ 71]LogSavePackage: Moving '../../../../VrProject/VrResearch/Saved/Roads_Plane_0340BDCBED54DA9F8D5EC19C29B241C245E.tmp' to '../../../../VrProject/VrResearch/Content/Models/Roads/Roads_Plane_034.uasset'
[2019.05.30-00.15.50:063][ 71]Cmd: OBJ SAVEPACKAGE PACKAGE="/Game/Models/Roads/Roads_Plane_035" FILE="../../../../VrProject/VrResearch/Content/Models/Roads/Roads_Plane_035.uasset" SILENT=true
[2019.05.30-00.15.50:073][ 71]LogSavePackage: Moving '../../../../VrProject/VrResearch/Saved/Roads_Plane_0353EF1F825413E187E8AC21DBF96443A22.tmp' to '../../../../VrProject/VrResearch/Content/Models/Roads/Roads_Plane_035.uasset'
[2019.05.30-00.15.50:076][ 71]Cmd: OBJ SAVEPACKAGE PACKAGE="/Game/Models/Roads/Roads_Plane_037" FILE="../../../../VrProject/VrResearch/Content/Models/Roads/Roads_Plane_037.uasset" SILENT=true
[2019.05.30-00.15.50:086][ 71]LogSavePackage: Moving '../../../../VrProject/VrResearch/Saved/Roads_Plane_03746D4557246B54D691A579E9D3892456F.tmp' to '../../../../VrProject/VrResearch/Content/Models/Roads/Roads_Plane_037.uasset'
[2019.05.30-00.16.12:590][105]LogWindows: Error: === Critical error: ===
[2019.05.30-00.16.12:590][105]LogWindows: Error: 
[2019.05.30-00.16.12:590][105]LogWindows: Error: Fatal error!
[2019.05.30-00.16.12:590][105]LogWindows: Error: 
[2019.05.30-00.16.12:590][105]LogWindows: Error: Unhandled Exception: EXCEPTION_ILLEGAL_INSTRUCTION
[2019.05.30-00.16.12:590][105]LogWindows: Error: 
[2019.05.30-00.16.12:590][105]LogWindows: Error: [Callstack] 0x00007ffe5dd692cc UE4Editor-PropertyEditor.dll!UnknownFunction []
[2019.05.30-00.16.12:590][105]LogWindows: Error: [Callstack] 0x00007ffe5e01b66f UE4Editor-PropertyEditor.dll!UnknownFunction []
[2019.05.30-00.16.12:590][105]LogWindows: Error: [Callstack] 0x00007ffe5dfc9c59 UE4Editor-PropertyEditor.dll!UnknownFunction []
[2019.05.30-00.16.12:590][105]LogWindows: Error: [Callstack] 0x00007ffe5dfedae5 UE4Editor-PropertyEditor.dll!UnknownFunction []
[2019.05.30-00.16.12:590][105]LogWindows: Error: [Callstack] 0x00007ffe5dfcadf9 UE4Editor-PropertyEditor.dll!UnknownFunction []
[2019.05.30-00.16.12:590][105]LogWindows: Error: [Callstack] 0x00007ffe4767c709 UE4Editor-ContentBrowser.dll!UnknownFunction []
[2019.05.30-00.16.12:590][105]LogWindows: Error: [Callstack] 0x00007ffe47637e23 UE4Editor-ContentBrowser.dll!UnknownFunction []
[2019.05.30-00.16.12:590][105]LogWindows: Error: [Callstack] 0x00007ffe4767eb54 UE4Editor-ContentBrowser.dll!UnknownFunction []
[2019.05.30-00.16.12:590][105]LogWindows: Error: [Callstack] 0x00007ffe476d5e3a UE4Editor-ContentBrowser.dll!UnknownFunction []
[2019.05.30-00.16.12:590][105]LogWindows: Error: [Callstack] 0x00007ffe476cda8e UE4Editor-ContentBrowser.dll!UnknownFunction []
[2019.05.30-00.16.12:590][105]LogWindows: Error: [Callstack] 0x00007ffe6c514021 UE4Editor-Slate.dll!UnknownFunction []
[2019.05.30-00.16.12:590][105]LogWindows: Error: [Callstack] 0x00007ffe6c590301 UE4Editor-Slate.dll!UnknownFunction []
[2019.05.30-00.16.12:590][105]LogWindows: Error: [Callstack] 0x00007ffe6c57aaca UE4Editor-Slate.dll!UnknownFunction []
[2019.05.30-00.16.12:590][105]LogWindows: Error: [Callstack] 0x00007ffe6c570414 UE4Editor-Slate.dll!UnknownFunction []
[2019.05.30-00.16.12:590][105]LogWindows: Error: [Callstack] 0x00007ffea0e9b8e0 UE4Editor-ApplicationCore.dll!UnknownFunction []
[2019.05.30-00.16.12:590][105]LogWindows: Error: [Callstack] 0x00007ffea0e8ef9f UE4Editor-ApplicationCore.dll!UnknownFunction []
[2019.05.30-00.16.12:590][105]LogWindows: Error: [Callstack] 0x00007ffea0e9d77f UE4Editor-ApplicationCore.dll!UnknownFunction []
[2019.05.30-00.16.12:590][105]LogWindows: Error: [Callstack] 0x00007ffea0e8c090 UE4Editor-ApplicationCore.dll!UnknownFunction []
[2019.05.30-00.16.12:590][105]LogWindows: Error: [Callstack] 0x00007ffeb8c56d41 USER32.dll!UnknownFunction []
[2019.05.30-00.16.12:590][105]LogWindows: Error: [Callstack] 0x00007ffeb8c56713 USER32.dll!UnknownFunction []
[2019.05.30-00.16.12:590][105]LogWindows: Error: [Callstack] 0x00007ffea0e9e946 UE4Editor-ApplicationCore.dll!UnknownFunction []
[2019.05.30-00.16.12:590][105]LogWindows: Error: [Callstack] 0x00007ff72ae85d3e UE4Editor.exe!UnknownFunction []
[2019.05.30-00.16.12:590][105]LogWindows: Error: [Callstack] 0x00007ff72ae9554c UE4Editor.exe!UnknownFunction []
[2019.05.30-00.16.12:590][105]LogWindows: Error: [Callstack] 0x00007ff72ae955ca UE4Editor.exe!UnknownFunction []
[2019.05.30-00.16.12:590][105]LogWindows: Error: [Callstack] 0x00007ff72aea316c UE4Editor.exe!UnknownFunction []
[2019.05.30-00.16.12:590][105]LogWindows: Error: [Callstack] 0x00007ff72aea5b8e UE4Editor.exe!UnknownFunction []
[2019.05.30-00.16.12:590][105]LogWindows: Error: [Callstack] 0x00007ffeb8a53034 KERNEL32.DLL!UnknownFunction []
[2019.05.30-00.16.12:590][105]LogWindows: Error: [Callstack] 0x00007ffeb90e3691 ntdll.dll!UnknownFunction []
[2019.05.30-00.16.12:590][105]LogWindows: Error: 
[2019.05.30-00.16.12:604][105]LogExit: Executing StaticShutdownAfterError
[2019.05.30-00.16.12:606][105]LogWindows: FPlatformMisc::RequestExit(1)
[2019.05.30-00.16.12:612][105]Log file closed, 05/30/19 12:16:12
