Log file open, 06/16/19 15:02:21
LogWindows: Failed to load 'aqProf.dll' (GetLastError=126)
LogWindows: File 'aqProf.dll' does not exist
LogWindows: Failed to load 'VtuneApi.dll' (GetLastError=126)
LogWindows: File 'VtuneApi.dll' does not exist
LogWindows: Failed to load 'VtuneApi32e.dll' (GetLastError=126)
LogWindows: File 'VtuneApi32e.dll' does not exist
LogConsoleResponse: Display: Failed to find resolution value strings in scalability ini. Falling back to default.
LogInit: Display: Running engine for game: VrResearch
LogPakFile: Registered encryption key '00000000000000000000000000000000': 0 pak files mounted, 0 remain pending
LogPlatformFile: Not using cached read wrapper
LogTaskGraph: Started task graph with 5 named threads and 23 total threads with 3 sets of task threads.
LogStats: Stats thread started at 0.327353
LogD3D11RHI: Loaded GFSDK_Aftermath_Lib.x64.dll
LogICUInternationalization: ICU TimeZone Detection - Raw Offset: +8:00, Platform Override: ''
LogPluginManager: Mounting plugin Paper2D
LogPluginManager: Mounting plugin AISupport
LogPluginManager: Mounting plugin LightPropagationVolume
LogPluginManager: Mounting plugin ActorLayerUtilities
LogPluginManager: Mounting plugin AnimationSharing
LogPluginManager: Mounting plugin CLionSourceCodeAccess
LogPluginManager: Mounting plugin CodeLiteSourceCodeAccess
LogPluginManager: Mounting plugin GitSourceControl
LogPluginManager: Mounting plugin KDevelopSourceCodeAccess
LogPluginManager: Mounting plugin NullSourceCodeAccess
LogPluginManager: Mounting plugin PerforceSourceControl
LogPluginManager: Mounting plugin SubversionSourceControl
LogPluginManager: Mounting plugin UObjectPlugin
LogPluginManager: Mounting plugin VisualStudioCodeSourceCodeAccess
LogPluginManager: Mounting plugin VisualStudioSourceCodeAccess
LogPluginManager: Mounting plugin XCodeSourceCodeAccess
LogPluginManager: Mounting plugin AssetManagerEditor
LogPluginManager: Mounting plugin CryptoKeys
LogPluginManager: Mounting plugin DataValidation
LogPluginManager: Mounting plugin FacialAnimation
LogPluginManager: Mounting plugin GameplayTagsEditor
LogPluginManager: Mounting plugin MacGraphicsSwitching
LogPluginManager: Mounting plugin MaterialAnalyzer
LogPluginManager: Mounting plugin MobileLauncherProfileWizard
LogPluginManager: Mounting plugin PluginBrowser
LogPluginManager: Mounting plugin SpeedTreeImporter
LogPluginManager: Mounting plugin DatasmithContent
LogPluginManager: Mounting plugin VariantManagerContent
LogPluginManager: Mounting plugin AlembicImporter
LogPluginManager: Mounting plugin AppleImageUtils
LogPluginManager: Mounting plugin AppleVision
LogPluginManager: Mounting plugin BackChannel
LogPluginManager: Mounting plugin CharacterAI
LogPluginManager: Mounting plugin GeometryCache
LogPluginManager: Mounting plugin HTML5Networking
LogPluginManager: Mounting plugin ProxyLODPlugin
LogPluginManager: Mounting plugin SkeletalReduction
LogPluginManager: Mounting plugin MagicLeap
LogPluginManager: Mounting plugin MagicLeapMedia
LogPluginManager: Mounting plugin PathFollow
LogPluginManager: Mounting plugin AndroidMedia
LogPluginManager: Mounting plugin AvfMedia
LogPluginManager: Mounting plugin ImgMedia
LogPluginManager: Mounting plugin LinearTimecode
LogPluginManager: Mounting plugin MediaCompositing
LogPluginManager: Mounting plugin MediaPlayerEditor
LogPluginManager: Mounting plugin WebMMedia
LogPluginManager: Mounting plugin WmfMedia
LogPluginManager: Mounting plugin TcpMessaging
LogPluginManager: Mounting plugin UdpMessaging
LogPluginManager: Mounting plugin ActorSequence
LogPluginManager: Mounting plugin LevelSequenceEditor
LogPluginManager: Mounting plugin MatineeToLevelSequence
LogPluginManager: Mounting plugin NetcodeUnitTest
LogPluginManager: Mounting plugin NUTUnrealEngine4
LogPluginManager: Mounting plugin OnlineSubsystemGooglePlay
LogPluginManager: Mounting plugin OnlineSubsystemIOS
LogPluginManager: Mounting plugin OnlineSubsystem
LogPluginManager: Mounting plugin OnlineSubsystemNull
LogPluginManager: Mounting plugin OnlineSubsystemUtils
LogPluginManager: Mounting plugin LauncherChunkInstaller
LogPluginManager: Mounting plugin AndroidDeviceProfileSelector
LogPluginManager: Mounting plugin AndroidMoviePlayer
LogPluginManager: Mounting plugin AndroidPermission
LogPluginManager: Mounting plugin AppleMoviePlayer
LogPluginManager: Mounting plugin ArchVisCharacter
LogPluginManager: Mounting plugin AudioCapture
LogPluginManager: Mounting plugin CableComponent
LogPluginManager: Mounting plugin CustomMeshComponent
LogPluginManager: Mounting plugin EditableMesh
LogPluginManager: Mounting plugin ExampleDeviceProfileSelector
LogPluginManager: Mounting plugin Firebase
LogPluginManager: Mounting plugin GoogleCloudMessaging
LogPluginManager: Mounting plugin IOSDeviceProfileSelector
LogPluginManager: Mounting plugin LinuxDeviceProfileSelector
LogPluginManager: Mounting plugin LocationServicesBPLibrary
LogPluginManager: Mounting plugin MobilePatchingUtils
LogPluginManager: Mounting plugin OculusVR
LogPluginManager: Mounting plugin PhysXVehicles
LogPluginManager: Mounting plugin ProceduralMeshComponent
LogPluginManager: Mounting plugin RuntimePhysXCooking
LogPluginManager: Mounting plugin SignificanceManager
LogPluginManager: Mounting plugin SteamVR
LogPluginManager: Mounting plugin WebMMoviePlayer
LogPluginManager: Mounting plugin WindowsMoviePlayer
LogInit: Using libcurl 7.55.1-DEV
LogInit:  - built for x86_64-pc-win32
LogInit:  - supports SSL with OpenSSL/1.1.1
LogInit:  - supports HTTP deflate (compression) using libz 1.2.8
LogInit:  - other features:
LogInit:      CURL_VERSION_SSL
LogInit:      CURL_VERSION_LIBZ
LogInit:      CURL_VERSION_IPV6
LogInit:      CURL_VERSION_ASYNCHDNS
LogInit:      CURL_VERSION_LARGEFILE
LogInit:      CURL_VERSION_IDN
LogInit:  CurlRequestOptions (configurable via config and command line):
LogInit:  - bVerifyPeer = true  - Libcurl will verify peer certificate
LogInit:  - bUseHttpProxy = false  - Libcurl will NOT use HTTP proxy
LogInit:  - bDontReuseConnections = false  - Libcurl will reuse connections
LogInit:  - MaxHostConnections = 16  - Libcurl will limit the number of connections to a host
LogInit:  - LocalHostAddr = Default
LogInit:  - BufferSize = 65536
LogInit: WinSock: version 1.1 (2.2), MaxSocks=32767, MaxUdp=65467
LogInit: Build: ++UE4+Release-4.22-CL-6574378
LogInit: Engine Version: 4.22.2-6574378+++UE4+Release-4.22
LogInit: Compatible Engine Version: 4.22.0-5660361+++UE4+Release-4.22
LogInit: Net CL: 5660361
LogInit: OS: Windows 10 (Release 1803) (), CPU: Intel(R) Core(TM) i7-7700HQ CPU @ 2.80GHz, GPU: NVIDIA GeForce GTX 1080 with Max-Q Design
LogInit: Compiled (64-bit): May 20 2019 09:54:56
LogInit: Compiled with Visual C++: 19.16.27025.01
LogInit: Build Configuration: Development
LogInit: Branch Name: ++UE4+Release-4.22
LogInit: Command Line: 
LogInit: Base Directory: D:/UE_4.22/Engine/Binaries/Win64/
LogInit: Installed Engine Build: 1
LogDevObjectVersion: Number of dev versions registered: 23
LogDevObjectVersion:   Dev-Blueprints (B0D832E4-1F89-4F0D-ACCF-7EB736FD4AA2): 10
LogDevObjectVersion:   Dev-Build (E1C64328-A22C-4D53-A36C-8E866417BD8C): 0
LogDevObjectVersion:   Dev-Core (375EC13C-06E4-48FB-B500-84F0262A717E): 3
LogDevObjectVersion:   Dev-Editor (E4B068ED-F494-42E9-A231-DA0B2E46BB41): 30
LogDevObjectVersion:   Dev-Framework (CFFC743F-43B0-4480-9391-14DF171D2073): 35
LogDevObjectVersion:   Dev-Mobile (B02B49B5-BB20-44E9-A304-32B752E40360): 2
LogDevObjectVersion:   Dev-Networking (A4E4105C-59A1-49B5-A7C5-40C4547EDFEE): 0
LogDevObjectVersion:   Dev-Online (39C831C9-5AE6-47DC-9A44-9C173E1C8E7C): 0
LogDevObjectVersion:   Dev-Physics (78F01B33-EBEA-4F98-B9B4-84EACCB95AA2): 0
LogDevObjectVersion:   Dev-Platform (6631380F-2D4D-43E0-8009-CF276956A95A): 0
LogDevObjectVersion:   Dev-Rendering (12F88B9F-8875-4AFC-A67C-D90C383ABD29): 28
LogDevObjectVersion:   Dev-Sequencer (7B5AE74C-D270-4C10-A958-57980B212A5A): 11
LogDevObjectVersion:   Dev-VR (D7296918-1DD6-4BDD-9DE2-64A83CC13884): 2
LogDevObjectVersion:   Dev-LoadTimes (C2A15278-BFE7-4AFE-6C17-90FF531DF755): 1
LogDevObjectVersion:   Private-Geometry (6EACA3D4-40EC-4CC1-B786-8BED09428FC5): 3
LogDevObjectVersion:   Dev-AnimPhys (29E575DD-E0A3-4627-9D10-D276232CDCEA): 17
LogDevObjectVersion:   Dev-Anim (AF43A65D-7FD3-4947-9873-3E8ED9C1BB05): 2
LogDevObjectVersion:   Dev-ReflectionCapture (6B266CEC-1EC7-4B8F-A30B-E4D90942FC07): 1
LogDevObjectVersion:   Dev-Automation (0DF73D61-A23F-47EA-B727-89E90C41499A): 1
LogDevObjectVersion:   FortniteMain (601D1886-AC64-4F84-AA16-D3DE0DEAC7D6): 25
LogDevObjectVersion:   Dev-Enterprise (9DFFBCD6-494F-0158-E221-12823C92A888): 6
LogDevObjectVersion:   Dev-Niagara (F2AED0AC-9AFE-416F-8664-AA7FFA26D6FC): 1
LogDevObjectVersion:   Dev-Destruction (174F1F0B-B4C6-45A5-B13F-2EE8D0FB917D): 2
LogInit: Presizing for max 16777216 objects, including 0 objects not considered by GC, pre-allocating 0 bytes for permanent pool.
LogInit: Object subsystem initialized
LogConfig: Setting CVar [[con.DebugEarlyDefault:1]]
LogConfig: Setting CVar [[r.setres:1280x720]]
[2019.06.16-07.02.22:221][  0]LogConfig: Setting CVar [[r.VSync:0]]
[2019.06.16-07.02.22:221][  0]LogConfig: Setting CVar [[r.RHICmdBypass:0]]
[2019.06.16-07.02.22:221][  0]LogConfig: Applying CVar settings from Section [/Script/Engine.RendererSettings] File [C:/Users/Darren Chua/Documents/VrProject/VrResearch/Saved/Config/Windows/Engine.ini]
[2019.06.16-07.02.22:221][  0]LogConfig: Setting CVar [[r.GPUCrashDebugging:0]]
[2019.06.16-07.02.22:221][  0]LogConfig: Setting CVar [[r.DefaultFeature.AmbientOcclusion:0]]
[2019.06.16-07.02.22:221][  0]LogConfig: Setting CVar [[r.DefaultFeature.AmbientOcclusionStaticFraction:0]]
[2019.06.16-07.02.22:221][  0]LogConfig: Setting CVar [[vr.InstancedStereo:1]]
[2019.06.16-07.02.22:221][  0]LogConfig: Setting CVar [[r.SeparateTranslucency:0]]
[2019.06.16-07.02.22:221][  0]LogConfig: Setting CVar [[r.HZBOcclusion:0]]
[2019.06.16-07.02.22:221][  0]LogConfig: Setting CVar [[r.SSR.MaxRoughness:0]]
[2019.06.16-07.02.22:221][  0]LogConfig: Setting CVar [[r.rhicmdbypass:0]]
[2019.06.16-07.02.22:221][  0]LogConfig: Applying CVar settings from Section [/Script/Engine.RendererOverrideSettings] File [C:/Users/Darren Chua/Documents/VrProject/VrResearch/Saved/Config/Windows/Engine.ini]
[2019.06.16-07.02.22:221][  0]LogConfig: Applying CVar settings from Section [/Script/Engine.StreamingSettings] File [C:/Users/Darren Chua/Documents/VrProject/VrResearch/Saved/Config/Windows/Engine.ini]
[2019.06.16-07.02.22:221][  0]LogConfig: Setting CVar [[s.MinBulkDataSizeForAsyncLoading:131072]]
[2019.06.16-07.02.22:221][  0]LogConfig: Setting CVar [[s.AsyncLoadingThreadEnabled:0]]
[2019.06.16-07.02.22:221][  0]LogConfig: Setting CVar [[s.EventDrivenLoaderEnabled:1]]
[2019.06.16-07.02.22:221][  0]LogConfig: Setting CVar [[s.WarnIfTimeLimitExceeded:0]]
[2019.06.16-07.02.22:221][  0]LogConfig: Setting CVar [[s.TimeLimitExceededMultiplier:1.5]]
[2019.06.16-07.02.22:221][  0]LogConfig: Setting CVar [[s.TimeLimitExceededMinTime:0.005]]
[2019.06.16-07.02.22:221][  0]LogConfig: Setting CVar [[s.UseBackgroundLevelStreaming:1]]
[2019.06.16-07.02.22:221][  0]LogConfig: Setting CVar [[s.PriorityAsyncLoadingExtraTime:15.0]]
[2019.06.16-07.02.22:221][  0]LogConfig: Setting CVar [[s.LevelStreamingActorsUpdateTimeLimit:5.0]]
[2019.06.16-07.02.22:221][  0]LogConfig: Setting CVar [[s.PriorityLevelStreamingActorsUpdateExtraTime:5.0]]
[2019.06.16-07.02.22:221][  0]LogConfig: Setting CVar [[s.LevelStreamingComponentsRegistrationGranularity:10]]
[2019.06.16-07.02.22:221][  0]LogConfig: Setting CVar [[s.UnregisterComponentsTimeLimit:1.0]]
[2019.06.16-07.02.22:221][  0]LogConfig: Setting CVar [[s.LevelStreamingComponentsUnregistrationGranularity:5]]
[2019.06.16-07.02.22:221][  0]LogConfig: Applying CVar settings from Section [/Script/Engine.GarbageCollectionSettings] File [C:/Users/Darren Chua/Documents/VrProject/VrResearch/Saved/Config/Windows/Engine.ini]
[2019.06.16-07.02.22:221][  0]LogConfig: Setting CVar [[gc.MaxObjectsNotConsideredByGC:1]]
[2019.06.16-07.02.22:221][  0]LogConfig: Setting CVar [[gc.SizeOfPermanentObjectPool:0]]
[2019.06.16-07.02.22:221][  0]LogConfig: Setting CVar [[gc.FlushStreamingOnGC:0]]
[2019.06.16-07.02.22:221][  0]LogConfig: Setting CVar [[gc.NumRetriesBeforeForcingGC:10]]
[2019.06.16-07.02.22:221][  0]LogConfig: Setting CVar [[gc.AllowParallelGC:1]]
[2019.06.16-07.02.22:221][  0]LogConfig: Setting CVar [[gc.TimeBetweenPurgingPendingKillObjects:61.1]]
[2019.06.16-07.02.22:221][  0]LogConfig: Setting CVar [[gc.MaxObjectsInEditor:16777216]]
[2019.06.16-07.02.22:221][  0]LogConfig: Setting CVar [[gc.IncrementalBeginDestroyEnabled:1]]
[2019.06.16-07.02.22:222][  0]LogConfig: Setting CVar [[gc.CreateGCClusters:1]]
[2019.06.16-07.02.22:222][  0]LogConfig: Setting CVar [[gc.MinGCClusterSize:5]]
[2019.06.16-07.02.22:222][  0]LogConfig: Setting CVar [[gc.ActorClusteringEnabled:0]]
[2019.06.16-07.02.22:222][  0]LogConfig: Setting CVar [[gc.BlueprintClusteringEnabled:0]]
[2019.06.16-07.02.22:222][  0]LogConfig: Setting CVar [[gc.UseDisregardForGCOnDedicatedServers:0]]
[2019.06.16-07.02.22:222][  0]LogConfig: Applying CVar settings from Section [/Script/Engine.NetworkSettings] File [C:/Users/Darren Chua/Documents/VrProject/VrResearch/Saved/Config/Windows/Engine.ini]
[2019.06.16-07.02.22:222][  0]LogConfig: Applying CVar settings from Section [/Script/UnrealEd.CookerSettings] File [C:/Users/Darren Chua/Documents/VrProject/VrResearch/Saved/Config/Windows/Engine.ini]
[2019.06.16-07.02.22:228][  0]LogConfig: Applying CVar settings from Section [ViewDistanceQuality@3] File [C:/Users/Darren Chua/Documents/VrProject/VrResearch/Saved/Config/Windows/Scalability.ini]
[2019.06.16-07.02.22:228][  0]LogConfig: Setting CVar [[r.SkeletalMeshLODBias:0]]
[2019.06.16-07.02.22:228][  0]LogConfig: Setting CVar [[r.ViewDistanceScale:1.0]]
[2019.06.16-07.02.22:228][  0]LogConfig: Applying CVar settings from Section [AntiAliasingQuality@3] File [C:/Users/Darren Chua/Documents/VrProject/VrResearch/Saved/Config/Windows/Scalability.ini]
[2019.06.16-07.02.22:228][  0]LogConfig: Setting CVar [[r.PostProcessAAQuality:3]]
[2019.06.16-07.02.22:228][  0]LogConfig: Applying CVar settings from Section [ShadowQuality@3] File [C:/Users/Darren Chua/Documents/VrProject/VrResearch/Saved/Config/Windows/Scalability.ini]
[2019.06.16-07.02.22:228][  0]LogConfig: Setting CVar [[r.LightFunctionQuality:1]]
[2019.06.16-07.02.22:228][  0]LogConfig: Setting CVar [[r.ShadowQuality:5]]
[2019.06.16-07.02.22:228][  0]LogConfig: Setting CVar [[r.Shadow.CSM.MaxCascades:10]]
[2019.06.16-07.02.22:228][  0]LogConfig: Setting CVar [[r.Shadow.MaxResolution:2048]]
[2019.06.16-07.02.22:228][  0]LogConfig: Setting CVar [[r.Shadow.MaxCSMResolution:2048]]
[2019.06.16-07.02.22:228][  0]LogConfig: Setting CVar [[r.Shadow.RadiusThreshold:0.01]]
[2019.06.16-07.02.22:228][  0]LogConfig: Setting CVar [[r.Shadow.DistanceScale:1.0]]
[2019.06.16-07.02.22:228][  0]LogConfig: Setting CVar [[r.Shadow.CSM.TransitionScale:1.0]]
[2019.06.16-07.02.22:228][  0]LogConfig: Setting CVar [[r.Shadow.PreShadowResolutionFactor:1.0]]
[2019.06.16-07.02.22:228][  0]LogConfig: Setting CVar [[r.DistanceFieldShadowing:1]]
[2019.06.16-07.02.22:228][  0]LogConfig: Setting CVar [[r.DistanceFieldAO:1]]
[2019.06.16-07.02.22:228][  0]LogConfig: Setting CVar [[r.AOQuality:2]]
[2019.06.16-07.02.22:228][  0]LogConfig: Setting CVar [[r.VolumetricFog:1]]
[2019.06.16-07.02.22:229][  0]LogConfig: Setting CVar [[r.VolumetricFog.GridPixelSize:8]]
[2019.06.16-07.02.22:229][  0]LogConfig: Setting CVar [[r.VolumetricFog.GridSizeZ:128]]
[2019.06.16-07.02.22:229][  0]LogConfig: Setting CVar [[r.VolumetricFog.HistoryMissSupersampleCount:4]]
[2019.06.16-07.02.22:229][  0]LogConfig: Setting CVar [[r.LightMaxDrawDistanceScale:1]]
[2019.06.16-07.02.22:229][  0]LogConfig: Setting CVar [[r.CapsuleShadows:1]]
[2019.06.16-07.02.22:229][  0]LogConfig: Applying CVar settings from Section [PostProcessQuality@3] File [C:/Users/Darren Chua/Documents/VrProject/VrResearch/Saved/Config/Windows/Scalability.ini]
[2019.06.16-07.02.22:229][  0]LogConfig: Setting CVar [[r.MotionBlurQuality:0]]
[2019.06.16-07.02.22:229][  0]LogConfig: Setting CVar [[r.AmbientOcclusionMipLevelFactor:0.4]]
[2019.06.16-07.02.22:229][  0]LogConfig: Setting CVar [[r.AmbientOcclusionMaxQuality:100]]
[2019.06.16-07.02.22:229][  0]LogConfig: Setting CVar [[r.AmbientOcclusionLevels:0]]
[2019.06.16-07.02.22:229][  0]LogConfig: Setting CVar [[r.AmbientOcclusionRadiusScale:1.0]]
[2019.06.16-07.02.22:229][  0]LogConfig: Setting CVar [[r.DepthOfFieldQuality:0]]
[2019.06.16-07.02.22:229][  0]LogConfig: Setting CVar [[r.RenderTargetPoolMin:400]]
[2019.06.16-07.02.22:229][  0]LogConfig: Setting CVar [[r.LensFlareQuality:0]]
[2019.06.16-07.02.22:229][  0]LogConfig: Setting CVar [[r.SceneColorFringeQuality:0]]
[2019.06.16-07.02.22:229][  0]LogConfig: Setting CVar [[r.EyeAdaptationQuality:2]]
[2019.06.16-07.02.22:229][  0]LogConfig: Setting CVar [[r.BloomQuality:1]]
[2019.06.16-07.02.22:229][  0]LogConfig: Setting CVar [[r.FastBlurThreshold:0]]
[2019.06.16-07.02.22:229][  0]LogConfig: Setting CVar [[r.Upscale.Quality:3]]
[2019.06.16-07.02.22:229][  0]LogConfig: Setting CVar [[r.Tonemapper.GrainQuantization:1]]
[2019.06.16-07.02.22:229][  0]LogConfig: Setting CVar [[r.LightShaftQuality:1]]
[2019.06.16-07.02.22:229][  0]LogConfig: Setting CVar [[r.Filter.SizeScale:1]]
[2019.06.16-07.02.22:229][  0]LogConfig: Setting CVar [[r.Tonemapper.Quality:5]]
[2019.06.16-07.02.22:229][  0]LogConfig: Setting CVar [[r.DOF.Gather.AccumulatorQuality:1        ; higher gathering accumulator quality]]
[2019.06.16-07.02.22:229][  0]LogConfig: Setting CVar [[r.DOF.Gather.PostfilterMethod:1          ; Median3x3 postfilering method]]
[2019.06.16-07.02.22:229][  0]LogConfig: Setting CVar [[r.DOF.Gather.EnableBokehSettings:0       ; no bokeh simulation when gathering]]
[2019.06.16-07.02.22:229][  0]LogConfig: Setting CVar [[r.DOF.Gather.RingCount:4                 ; medium number of samples when gathering]]
[2019.06.16-07.02.22:229][  0]LogConfig: Setting CVar [[r.DOF.Scatter.ForegroundCompositing:1    ; additive foreground scattering]]
[2019.06.16-07.02.22:229][  0]LogConfig: Setting CVar [[r.DOF.Scatter.BackgroundCompositing:2    ; additive background scattering]]
[2019.06.16-07.02.22:229][  0]LogConfig: Setting CVar [[r.DOF.Scatter.EnableBokehSettings:1      ; bokeh simulation when scattering]]
[2019.06.16-07.02.22:229][  0]LogConfig: Setting CVar [[r.DOF.Scatter.MaxSpriteRatio:0.1         ; only a maximum of 10% of scattered bokeh]]
[2019.06.16-07.02.22:230][  0]LogConfig: Setting CVar [[r.DOF.Recombine.Quality:1                ; cheap slight out of focus]]
[2019.06.16-07.02.22:230][  0]LogConfig: Setting CVar [[r.DOF.Recombine.EnableBokehSettings:0    ; no bokeh simulation on slight out of focus]]
[2019.06.16-07.02.22:230][  0]LogConfig: Setting CVar [[r.DOF.TemporalAAQuality:1                ; more stable temporal accumulation]]
[2019.06.16-07.02.22:230][  0]LogConfig: Setting CVar [[r.DOF.Kernel.MaxForegroundRadius:0.025]]
[2019.06.16-07.02.22:230][  0]LogConfig: Setting CVar [[r.DOF.Kernel.MaxBackgroundRadius:0.025]]
[2019.06.16-07.02.22:230][  0]LogConfig: Applying CVar settings from Section [TextureQuality@3] File [C:/Users/Darren Chua/Documents/VrProject/VrResearch/Saved/Config/Windows/Scalability.ini]
[2019.06.16-07.02.22:230][  0]LogConfig: Setting CVar [[r.Streaming.MipBias:0]]
[2019.06.16-07.02.22:230][  0]LogConfig: Setting CVar [[r.Streaming.AmortizeCPUToGPUCopy:0]]
[2019.06.16-07.02.22:230][  0]LogConfig: Setting CVar [[r.Streaming.MaxNumTexturesToStreamPerFrame:0]]
[2019.06.16-07.02.22:230][  0]LogConfig: Setting CVar [[r.Streaming.Boost:1]]
[2019.06.16-07.02.22:230][  0]LogConfig: Setting CVar [[r.MaxAnisotropy:8]]
[2019.06.16-07.02.22:230][  0]LogConfig: Setting CVar [[r.Streaming.LimitPoolSizeToVRAM:0]]
[2019.06.16-07.02.22:230][  0]LogConfig: Setting CVar [[r.Streaming.PoolSize:1000]]
[2019.06.16-07.02.22:230][  0]LogConfig: Setting CVar [[r.Streaming.MaxEffectiveScreenSize:0]]
[2019.06.16-07.02.22:230][  0]LogConfig: Applying CVar settings from Section [EffectsQuality@3] File [C:/Users/Darren Chua/Documents/VrProject/VrResearch/Saved/Config/Windows/Scalability.ini]
[2019.06.16-07.02.22:230][  0]LogConfig: Setting CVar [[r.TranslucencyLightingVolumeDim:4]]
[2019.06.16-07.02.22:230][  0]LogConfig: Setting CVar [[r.RefractionQuality:2]]
[2019.06.16-07.02.22:230][  0]LogConfig: Setting CVar [[r.SSR.Quality:0]]
[2019.06.16-07.02.22:230][  0]LogConfig: Setting CVar [[r.SceneColorFormat:2]]
[2019.06.16-07.02.22:230][  0]LogConfig: Setting CVar [[r.DetailMode:2]]
[2019.06.16-07.02.22:230][  0]LogConfig: Setting CVar [[r.TranslucencyVolumeBlur:0]]
[2019.06.16-07.02.22:230][  0]LogConfig: Setting CVar [[r.MaterialQualityLevel:1 ; High quality]]
[2019.06.16-07.02.22:230][  0]LogConfig: Setting CVar [[r.SSS.Scale:1]]
[2019.06.16-07.02.22:230][  0]LogConfig: Setting CVar [[r.SSS.SampleSet:2]]
[2019.06.16-07.02.22:230][  0]LogConfig: Setting CVar [[r.SSS.Quality:1]]
[2019.06.16-07.02.22:230][  0]LogConfig: Setting CVar [[r.SSS.HalfRes:1]]
[2019.06.16-07.02.22:230][  0]LogConfig: Setting CVar [[r.EmitterSpawnRateScale:1.0]]
[2019.06.16-07.02.22:230][  0]LogConfig: Setting CVar [[r.ParticleLightQuality:2]]
[2019.06.16-07.02.22:230][  0]LogConfig: Applying CVar settings from Section [FoliageQuality@3] File [C:/Users/Darren Chua/Documents/VrProject/VrResearch/Saved/Config/Windows/Scalability.ini]
[2019.06.16-07.02.22:230][  0]LogConfig: Setting CVar [[foliage.DensityScale:1.0]]
[2019.06.16-07.02.22:230][  0]LogConfig: Setting CVar [[grass.DensityScale:1.0]]
[2019.06.16-07.02.22:231][  0]LogInit: Selected Device Profile: [Windows]
[2019.06.16-07.02.22:231][  0]LogInit: Applying CVar settings loaded from the selected device profile: [Windows]
[2019.06.16-07.02.22:243][  0]LogHAL: Display: Platform has ~ 24 GB [25726074880 / 34359738368 / 24], which maps to Larger [LargestMinGB=32, LargerMinGB=12, DefaultMinGB=8, SmallerMinGB=6, SmallestMinGB=0)
[2019.06.16-07.02.22:243][  0]LogConfig: Setting CVar [[r.Vulkan.UseRealUBs:0		; Required until we fix HLR fall-out]]
[2019.06.16-07.02.22:243][  0]LogInit: Going up to parent DeviceProfile []
[2019.06.16-07.02.22:243][  0]LogConfig: Applying CVar settings from Section [ViewDistanceQuality@3] File [C:/Users/Darren Chua/Documents/VrProject/VrResearch/Saved/Config/Windows/Scalability.ini]
[2019.06.16-07.02.22:243][  0]LogConfig: Setting CVar [[r.SkeletalMeshLODBias:0]]
[2019.06.16-07.02.22:243][  0]LogConfig: Setting CVar [[r.ViewDistanceScale:1.0]]
[2019.06.16-07.02.22:243][  0]LogConfig: Applying CVar settings from Section [AntiAliasingQuality@3] File [C:/Users/Darren Chua/Documents/VrProject/VrResearch/Saved/Config/Windows/Scalability.ini]
[2019.06.16-07.02.22:243][  0]LogConfig: Setting CVar [[r.PostProcessAAQuality:3]]
[2019.06.16-07.02.22:243][  0]LogConfig: Applying CVar settings from Section [ShadowQuality@3] File [C:/Users/Darren Chua/Documents/VrProject/VrResearch/Saved/Config/Windows/Scalability.ini]
[2019.06.16-07.02.22:243][  0]LogConfig: Setting CVar [[r.LightFunctionQuality:1]]
[2019.06.16-07.02.22:243][  0]LogConfig: Setting CVar [[r.ShadowQuality:5]]
[2019.06.16-07.02.22:243][  0]LogConfig: Setting CVar [[r.Shadow.CSM.MaxCascades:10]]
[2019.06.16-07.02.22:243][  0]LogConfig: Setting CVar [[r.Shadow.MaxResolution:2048]]
[2019.06.16-07.02.22:243][  0]LogConfig: Setting CVar [[r.Shadow.MaxCSMResolution:2048]]
[2019.06.16-07.02.22:243][  0]LogConfig: Setting CVar [[r.Shadow.RadiusThreshold:0.01]]
[2019.06.16-07.02.22:243][  0]LogConfig: Setting CVar [[r.Shadow.DistanceScale:1.0]]
[2019.06.16-07.02.22:243][  0]LogConfig: Setting CVar [[r.Shadow.CSM.TransitionScale:1.0]]
[2019.06.16-07.02.22:243][  0]LogConfig: Setting CVar [[r.Shadow.PreShadowResolutionFactor:1.0]]
[2019.06.16-07.02.22:243][  0]LogConfig: Setting CVar [[r.DistanceFieldShadowing:1]]
[2019.06.16-07.02.22:243][  0]LogConfig: Setting CVar [[r.DistanceFieldAO:1]]
[2019.06.16-07.02.22:243][  0]LogConfig: Setting CVar [[r.AOQuality:2]]
[2019.06.16-07.02.22:243][  0]LogConfig: Setting CVar [[r.VolumetricFog:1]]
[2019.06.16-07.02.22:243][  0]LogConfig: Setting CVar [[r.VolumetricFog.GridPixelSize:8]]
[2019.06.16-07.02.22:243][  0]LogConfig: Setting CVar [[r.VolumetricFog.GridSizeZ:128]]
[2019.06.16-07.02.22:243][  0]LogConfig: Setting CVar [[r.VolumetricFog.HistoryMissSupersampleCount:4]]
[2019.06.16-07.02.22:243][  0]LogConfig: Setting CVar [[r.LightMaxDrawDistanceScale:1]]
[2019.06.16-07.02.22:243][  0]LogConfig: Setting CVar [[r.CapsuleShadows:1]]
[2019.06.16-07.02.22:243][  0]LogConfig: Applying CVar settings from Section [PostProcessQuality@3] File [C:/Users/Darren Chua/Documents/VrProject/VrResearch/Saved/Config/Windows/Scalability.ini]
[2019.06.16-07.02.22:243][  0]LogConfig: Setting CVar [[r.MotionBlurQuality:0]]
[2019.06.16-07.02.22:243][  0]LogConfig: Setting CVar [[r.AmbientOcclusionMipLevelFactor:0.4]]
[2019.06.16-07.02.22:243][  0]LogConfig: Setting CVar [[r.AmbientOcclusionMaxQuality:100]]
[2019.06.16-07.02.22:243][  0]LogConfig: Setting CVar [[r.AmbientOcclusionLevels:0]]
[2019.06.16-07.02.22:243][  0]LogConfig: Setting CVar [[r.AmbientOcclusionRadiusScale:1.0]]
[2019.06.16-07.02.22:243][  0]LogConfig: Setting CVar [[r.DepthOfFieldQuality:0]]
[2019.06.16-07.02.22:243][  0]LogConfig: Setting CVar [[r.RenderTargetPoolMin:400]]
[2019.06.16-07.02.22:243][  0]LogConfig: Setting CVar [[r.LensFlareQuality:0]]
[2019.06.16-07.02.22:243][  0]LogConfig: Setting CVar [[r.SceneColorFringeQuality:0]]
[2019.06.16-07.02.22:243][  0]LogConfig: Setting CVar [[r.EyeAdaptationQuality:2]]
[2019.06.16-07.02.22:243][  0]LogConfig: Setting CVar [[r.BloomQuality:1]]
[2019.06.16-07.02.22:243][  0]LogConfig: Setting CVar [[r.FastBlurThreshold:0]]
[2019.06.16-07.02.22:243][  0]LogConfig: Setting CVar [[r.Upscale.Quality:3]]
[2019.06.16-07.02.22:243][  0]LogConfig: Setting CVar [[r.Tonemapper.GrainQuantization:1]]
[2019.06.16-07.02.22:243][  0]LogConfig: Setting CVar [[r.LightShaftQuality:1]]
[2019.06.16-07.02.22:243][  0]LogConfig: Setting CVar [[r.Filter.SizeScale:1]]
[2019.06.16-07.02.22:243][  0]LogConfig: Setting CVar [[r.Tonemapper.Quality:5]]
[2019.06.16-07.02.22:243][  0]LogConfig: Setting CVar [[r.DOF.Gather.AccumulatorQuality:1        ; higher gathering accumulator quality]]
[2019.06.16-07.02.22:243][  0]LogConfig: Setting CVar [[r.DOF.Gather.PostfilterMethod:1          ; Median3x3 postfilering method]]
[2019.06.16-07.02.22:243][  0]LogConfig: Setting CVar [[r.DOF.Gather.EnableBokehSettings:0       ; no bokeh simulation when gathering]]
[2019.06.16-07.02.22:243][  0]LogConfig: Setting CVar [[r.DOF.Gather.RingCount:4                 ; medium number of samples when gathering]]
[2019.06.16-07.02.22:243][  0]LogConfig: Setting CVar [[r.DOF.Scatter.ForegroundCompositing:1    ; additive foreground scattering]]
[2019.06.16-07.02.22:243][  0]LogConfig: Setting CVar [[r.DOF.Scatter.BackgroundCompositing:2    ; additive background scattering]]
[2019.06.16-07.02.22:244][  0]LogConfig: Setting CVar [[r.DOF.Scatter.EnableBokehSettings:1      ; bokeh simulation when scattering]]
[2019.06.16-07.02.22:244][  0]LogConfig: Setting CVar [[r.DOF.Scatter.MaxSpriteRatio:0.1         ; only a maximum of 10% of scattered bokeh]]
[2019.06.16-07.02.22:244][  0]LogConfig: Setting CVar [[r.DOF.Recombine.Quality:1                ; cheap slight out of focus]]
[2019.06.16-07.02.22:244][  0]LogConfig: Setting CVar [[r.DOF.Recombine.EnableBokehSettings:0    ; no bokeh simulation on slight out of focus]]
[2019.06.16-07.02.22:244][  0]LogConfig: Setting CVar [[r.DOF.TemporalAAQuality:1                ; more stable temporal accumulation]]
[2019.06.16-07.02.22:244][  0]LogConfig: Setting CVar [[r.DOF.Kernel.MaxForegroundRadius:0.025]]
[2019.06.16-07.02.22:244][  0]LogConfig: Setting CVar [[r.DOF.Kernel.MaxBackgroundRadius:0.025]]
[2019.06.16-07.02.22:244][  0]LogConfig: Applying CVar settings from Section [TextureQuality@3] File [C:/Users/Darren Chua/Documents/VrProject/VrResearch/Saved/Config/Windows/Scalability.ini]
[2019.06.16-07.02.22:244][  0]LogConfig: Setting CVar [[r.Streaming.MipBias:0]]
[2019.06.16-07.02.22:244][  0]LogConfig: Setting CVar [[r.Streaming.AmortizeCPUToGPUCopy:0]]
[2019.06.16-07.02.22:244][  0]LogConfig: Setting CVar [[r.Streaming.MaxNumTexturesToStreamPerFrame:0]]
[2019.06.16-07.02.22:244][  0]LogConfig: Setting CVar [[r.Streaming.Boost:1]]
[2019.06.16-07.02.22:244][  0]LogConfig: Setting CVar [[r.MaxAnisotropy:8]]
[2019.06.16-07.02.22:244][  0]LogConfig: Setting CVar [[r.Streaming.LimitPoolSizeToVRAM:0]]
[2019.06.16-07.02.22:244][  0]LogConfig: Setting CVar [[r.Streaming.PoolSize:1000]]
[2019.06.16-07.02.22:244][  0]LogConfig: Setting CVar [[r.Streaming.MaxEffectiveScreenSize:0]]
[2019.06.16-07.02.22:244][  0]LogConfig: Applying CVar settings from Section [EffectsQuality@3] File [C:/Users/Darren Chua/Documents/VrProject/VrResearch/Saved/Config/Windows/Scalability.ini]
[2019.06.16-07.02.22:244][  0]LogConfig: Setting CVar [[r.TranslucencyLightingVolumeDim:4]]
[2019.06.16-07.02.22:244][  0]LogConfig: Setting CVar [[r.RefractionQuality:2]]
[2019.06.16-07.02.22:244][  0]LogConfig: Setting CVar [[r.SSR.Quality:0]]
[2019.06.16-07.02.22:244][  0]LogConfig: Setting CVar [[r.SceneColorFormat:2]]
[2019.06.16-07.02.22:244][  0]LogConfig: Setting CVar [[r.DetailMode:2]]
[2019.06.16-07.02.22:244][  0]LogConfig: Setting CVar [[r.TranslucencyVolumeBlur:0]]
[2019.06.16-07.02.22:244][  0]LogConfig: Setting CVar [[r.MaterialQualityLevel:1 ; High quality]]
[2019.06.16-07.02.22:244][  0]LogConfig: Setting CVar [[r.SSS.Scale:1]]
[2019.06.16-07.02.22:244][  0]LogConfig: Setting CVar [[r.SSS.SampleSet:2]]
[2019.06.16-07.02.22:244][  0]LogConfig: Setting CVar [[r.SSS.Quality:1]]
[2019.06.16-07.02.22:244][  0]LogConfig: Setting CVar [[r.SSS.HalfRes:1]]
[2019.06.16-07.02.22:244][  0]LogConfig: Setting CVar [[r.EmitterSpawnRateScale:1.0]]
[2019.06.16-07.02.22:244][  0]LogConfig: Setting CVar [[r.ParticleLightQuality:2]]
[2019.06.16-07.02.22:244][  0]LogConfig: Applying CVar settings from Section [FoliageQuality@3] File [C:/Users/Darren Chua/Documents/VrProject/VrResearch/Saved/Config/Windows/Scalability.ini]
[2019.06.16-07.02.22:244][  0]LogConfig: Setting CVar [[foliage.DensityScale:1.0]]
[2019.06.16-07.02.22:244][  0]LogConfig: Setting CVar [[grass.DensityScale:1.0]]
[2019.06.16-07.02.22:244][  0]LogConfig: Applying CVar settings from Section [Startup] File [../../../Engine/Config/ConsoleVariables.ini]
[2019.06.16-07.02.22:244][  0]LogConfig: Setting CVar [[net.UseAdaptiveNetUpdateFrequency:0]]
[2019.06.16-07.02.22:244][  0]LogConfig: Setting CVar [[p.chaos.AllowCreatePhysxBodies:1]]
[2019.06.16-07.02.22:244][  0]LogConfig: Applying CVar settings from Section [ConsoleVariables] File [C:/Users/Darren Chua/Documents/VrProject/VrResearch/Saved/Config/Windows/Engine.ini]
[2019.06.16-07.02.22:245][  0]LogInit: Computer: DESKTOP-PJP97K6
[2019.06.16-07.02.22:245][  0]LogInit: User: DarrenChua
[2019.06.16-07.02.22:245][  0]LogInit: CPU Page size=4096, Cores=4
[2019.06.16-07.02.22:245][  0]LogInit: High frequency timer resolution =2.742191 MHz
[2019.06.16-07.02.22:245][  0]LogMemory: Memory total: Physical=24.0GB (24GB approx)
[2019.06.16-07.02.22:245][  0]LogMemory: Platform Memory Stats for Windows
[2019.06.16-07.02.22:245][  0]LogMemory: Process Physical Memory: 98.44 MB used, 98.44 MB peak
[2019.06.16-07.02.22:245][  0]LogMemory: Process Virtual Memory: 93.36 MB used, 93.36 MB peak
[2019.06.16-07.02.22:245][  0]LogMemory: Physical Memory: 12302.11 MB used,  12232.19 MB free, 24534.30 MB total
[2019.06.16-07.02.22:245][  0]LogMemory: Virtual Memory: 4648.82 MB used,  134213080.00 MB free, 134217728.00 MB total
[2019.06.16-07.02.23:227][  0]LogInit: Using OS detected language (en-US).
[2019.06.16-07.02.23:227][  0]LogInit: Using OS detected locale (en-SG).
[2019.06.16-07.02.23:229][  0]LogTextLocalizationManager: No specific localization for 'en-US' exists, so the 'en' localization will be used.
[2019.06.16-07.02.23:481][  0]LogInit: Setting process to per monitor DPI aware
[2019.06.16-07.02.23:523][  0]LogSlate: New Slate User Created.  User Index 0, Is Virtual User: 0
[2019.06.16-07.02.23:523][  0]LogSlate: Slate User Registered.  User Index 0, Is Virtual User: 0
[2019.06.16-07.02.24:370][  0]LogD3D11RHI: D3D11 adapters:
[2019.06.16-07.02.24:442][  0]LogD3D11RHI:    0. 'NVIDIA GeForce GTX 1080 with Max-Q Design' (Feature Level 11_0)
[2019.06.16-07.02.24:442][  0]LogD3D11RHI:       8079/0/12267 MB DedicatedVideo/DedicatedSystem/SharedSystem, Outputs:1, VendorId:0x10de
[2019.06.16-07.02.24:445][  0]LogD3D11RHI:    1. 'Microsoft Basic Render Driver' (Feature Level 11_0)
[2019.06.16-07.02.24:445][  0]LogD3D11RHI:       0/0/12267 MB DedicatedVideo/DedicatedSystem/SharedSystem, Outputs:0, VendorId:0x1414
[2019.06.16-07.02.24:445][  0]LogD3D11RHI: Chosen D3D11 Adapter: 0
[2019.06.16-07.02.24:459][  0]LogD3D11RHI: Creating new Direct3DDevice
[2019.06.16-07.02.24:459][  0]LogD3D11RHI:     GPU DeviceId: 0x1be0 (for the marketing name, search the web for "GPU Device Id")
[2019.06.16-07.02.24:459][  0]LogWindows: EnumDisplayDevices:
[2019.06.16-07.02.24:459][  0]LogWindows:    0. 'NVIDIA GeForce GTX 1080 with Max-Q Design' (P:1 D:1)
[2019.06.16-07.02.24:459][  0]LogWindows:    1. 'NVIDIA GeForce GTX 1080 with Max-Q Design' (P:0 D:0)
[2019.06.16-07.02.24:460][  0]LogWindows:    2. 'NVIDIA GeForce GTX 1080 with Max-Q Design' (P:0 D:0)
[2019.06.16-07.02.24:460][  0]LogWindows:    3. 'NVIDIA GeForce GTX 1080 with Max-Q Design' (P:0 D:0)
[2019.06.16-07.02.24:460][  0]LogWindows: DebugString: FoundDriverCount:4 
[2019.06.16-07.02.24:460][  0]LogD3D11RHI:     Adapter Name: NVIDIA GeForce GTX 1080 with Max-Q Design
[2019.06.16-07.02.24:460][  0]LogD3D11RHI:   Driver Version: 419.35 (internal:25.21.14.1935, unified:419.35)
[2019.06.16-07.02.24:460][  0]LogD3D11RHI:      Driver Date: 3-1-2019
[2019.06.16-07.02.24:461][  0]LogRHI: Texture pool is 5655 MB (70% of 8079 MB)
[2019.06.16-07.02.24:517][  0]LogD3D11RHI: Async texture creation enabled
[2019.06.16-07.02.24:531][  0]LogRendererCore: FGlobalReadBuffer::InitRHI
[2019.06.16-07.02.24:531][  0]LogRendererCore: FGlobalReadBuffer::InitRHI
[2019.06.16-07.02.24:531][  0]LogRendererCore: FGlobalReadBuffer::InitRHI
[2019.06.16-07.02.24:540][  0]LogD3D11RHI: GPU Timing Frequency: 1000.000000 (Debug: 2 1)
[2019.06.16-07.02.25:123][  0]LogTemp: Display: Module 'AllDesktopTargetPlatform' loaded TargetPlatform 'AllDesktop'
[2019.06.16-07.02.25:145][  0]LogTemp: Display: Module 'MacClientTargetPlatform' loaded TargetPlatform 'MacClient'
[2019.06.16-07.02.25:168][  0]LogTemp: Display: Module 'MacNoEditorTargetPlatform' loaded TargetPlatform 'MacNoEditor'
[2019.06.16-07.02.25:192][  0]LogTemp: Display: Module 'MacServerTargetPlatform' loaded TargetPlatform 'MacServer'
[2019.06.16-07.02.25:219][  0]LogTemp: Display: Module 'MacTargetPlatform' loaded TargetPlatform 'Mac'
[2019.06.16-07.02.25:242][  0]LogTemp: Display: Module 'WindowsClientTargetPlatform' loaded TargetPlatform 'WindowsClient'
[2019.06.16-07.02.25:264][  0]LogTemp: Display: Module 'WindowsNoEditorTargetPlatform' loaded TargetPlatform 'WindowsNoEditor'
[2019.06.16-07.02.25:283][  0]LogTemp: Display: Module 'WindowsServerTargetPlatform' loaded TargetPlatform 'WindowsServer'
[2019.06.16-07.02.25:295][  0]LogTemp: Display: Module 'WindowsTargetPlatform' loaded TargetPlatform 'Windows'
[2019.06.16-07.02.25:422][  0]LogTemp: Display: Module 'AndroidTargetPlatform' loaded TargetPlatform 'Android'
[2019.06.16-07.02.25:422][  0]LogTemp: Display: Module 'AndroidTargetPlatform' loaded TargetPlatform 'Android_ASTC'
[2019.06.16-07.02.25:422][  0]LogTemp: Display: Module 'AndroidTargetPlatform' loaded TargetPlatform 'Android_ATC'
[2019.06.16-07.02.25:422][  0]LogTemp: Display: Module 'AndroidTargetPlatform' loaded TargetPlatform 'Android_DXT'
[2019.06.16-07.02.25:422][  0]LogTemp: Display: Module 'AndroidTargetPlatform' loaded TargetPlatform 'Android_ETC1'
[2019.06.16-07.02.25:422][  0]LogTemp: Display: Module 'AndroidTargetPlatform' loaded TargetPlatform 'Android_ETC1a'
[2019.06.16-07.02.25:422][  0]LogTemp: Display: Module 'AndroidTargetPlatform' loaded TargetPlatform 'Android_ETC2'
[2019.06.16-07.02.25:422][  0]LogTemp: Display: Module 'AndroidTargetPlatform' loaded TargetPlatform 'Android_PVRTC'
[2019.06.16-07.02.25:422][  0]LogTemp: Display: Module 'AndroidTargetPlatform' loaded TargetPlatform 'AndroidClient'
[2019.06.16-07.02.25:422][  0]LogTemp: Display: Module 'AndroidTargetPlatform' loaded TargetPlatform 'Android_ASTCClient'
[2019.06.16-07.02.25:422][  0]LogTemp: Display: Module 'AndroidTargetPlatform' loaded TargetPlatform 'Android_ATCClient'
[2019.06.16-07.02.25:422][  0]LogTemp: Display: Module 'AndroidTargetPlatform' loaded TargetPlatform 'Android_DXTClient'
[2019.06.16-07.02.25:422][  0]LogTemp: Display: Module 'AndroidTargetPlatform' loaded TargetPlatform 'Android_ETC1Client'
[2019.06.16-07.02.25:422][  0]LogTemp: Display: Module 'AndroidTargetPlatform' loaded TargetPlatform 'Android_ETC1aClient'
[2019.06.16-07.02.25:422][  0]LogTemp: Display: Module 'AndroidTargetPlatform' loaded TargetPlatform 'Android_ETC2Client'
[2019.06.16-07.02.25:422][  0]LogTemp: Display: Module 'AndroidTargetPlatform' loaded TargetPlatform 'Android_PVRTCClient'
[2019.06.16-07.02.25:422][  0]LogTemp: Display: Module 'AndroidTargetPlatform' loaded TargetPlatform 'Android_Multi'
[2019.06.16-07.02.25:422][  0]LogTemp: Display: Module 'AndroidTargetPlatform' loaded TargetPlatform 'Android_MultiClient'
[2019.06.16-07.02.25:424][  0]LogTemp: Display: Module 'HTML5TargetPlatform' loaded TargetPlatform 'HTML5'
[2019.06.16-07.02.25:489][  0]LogTemp: Display: Module 'IOSTargetPlatform' loaded TargetPlatform 'IOSClient'
[2019.06.16-07.02.25:489][  0]LogTemp: Display: Module 'IOSTargetPlatform' loaded TargetPlatform 'IOS'
[2019.06.16-07.02.25:524][  0]LogTemp: Display: Module 'TVOSTargetPlatform' loaded TargetPlatform 'TVOSClient'
[2019.06.16-07.02.25:524][  0]LogTemp: Display: Module 'TVOSTargetPlatform' loaded TargetPlatform 'TVOS'
[2019.06.16-07.02.25:540][  0]LogTemp: Display: Module 'LinuxClientTargetPlatform' loaded TargetPlatform 'LinuxClient'
[2019.06.16-07.02.25:556][  0]LogTemp: Display: Module 'LinuxNoEditorTargetPlatform' loaded TargetPlatform 'LinuxNoEditor'
[2019.06.16-07.02.25:571][  0]LogTemp: Display: Module 'LinuxServerTargetPlatform' loaded TargetPlatform 'LinuxServer'
[2019.06.16-07.02.25:588][  0]LogTemp: Display: Module 'LinuxTargetPlatform' loaded TargetPlatform 'Linux'
[2019.06.16-07.02.25:643][  0]LogTemp: Display: Module 'LuminTargetPlatform' loaded TargetPlatform 'Lumin'
[2019.06.16-07.02.25:643][  0]LogTemp: Display: Module 'LuminTargetPlatform' loaded TargetPlatform 'LuminClient'
[2019.06.16-07.02.25:643][  0]LogTargetPlatformManager: Display: Building Assets For Windows
[2019.06.16-07.02.25:655][  0]LogAudioDebug: Display: Lib vorbis DLL was dynamically loaded.
[2019.06.16-07.02.25:736][  0]LogShaderCompilers: Guid format shader working directory is 0 characters bigger than the processId version (C:/Users/Darren Chua/Documents/VrProject/VrResearch/Intermediate/Shaders/WorkingDirectory/28352/).
[2019.06.16-07.02.25:736][  0]LogShaderCompilers: Cleaned the shader compiler working directory 'C:/Users/Darren Chua/AppData/Local/Temp/UnrealShaderWorkingDir/59673EF44FF2CB6FB1FA979698A57019/'.
[2019.06.16-07.02.25:739][  0]LogXGEController: Cleaning working directory: C:/Users/Darren Chua/AppData/Local/Temp/UnrealXGEWorkingDir/
[2019.06.16-07.02.25:740][  0]LogXGEController: Cannot use XGE Controller as Incredibuild is not installed on this machine.
[2019.06.16-07.02.25:740][  0]LogShaderCompilers: Cannot use XGE Shader Compiler as Incredibuild is not installed on this machine.
[2019.06.16-07.02.25:740][  0]LogShaderCompilers: Display: Using Local Shader Compiler.
[2019.06.16-07.02.26:492][  0]LogDerivedDataCache: Display: Max Cache Size: 512 MB
[2019.06.16-07.02.26:551][  0]LogDerivedDataCache: Loaded boot cache 0.06s 72MB C:/Users/Darren Chua/AppData/Local/UnrealEngine/4.22/DerivedDataCache/Boot.ddc.
[2019.06.16-07.02.26:551][  0]LogDerivedDataCache: Display: Loaded Boot cache: C:/Users/Darren Chua/AppData/Local/UnrealEngine/4.22/DerivedDataCache/Boot.ddc
[2019.06.16-07.02.26:551][  0]LogDerivedDataCache: FDerivedDataBackendGraph:  Pak pak cache file C:/Users/Darren Chua/Documents/VrProject/VrResearch/DerivedDataCache/DDC.ddp not found, will not use a pak cache.
[2019.06.16-07.02.26:551][  0]LogDerivedDataCache: Unable to find inner node Pak for hierarchical cache Hierarchy.
[2019.06.16-07.02.26:551][  0]LogDerivedDataCache: FDerivedDataBackendGraph:  CompressedPak pak cache file C:/Users/Darren Chua/Documents/VrProject/VrResearch/DerivedDataCache/Compressed.ddp not found, will not use a pak cache.
[2019.06.16-07.02.26:551][  0]LogDerivedDataCache: Unable to find inner node CompressedPak for hierarchical cache Hierarchy.
[2019.06.16-07.02.26:569][  0]LogDerivedDataCache: Display: Pak cache opened for reading ../../../Engine/DerivedDataCache/Compressed.ddp.
[2019.06.16-07.02.26:570][  0]LogDerivedDataCache: FDerivedDataBackendGraph:  EnterprisePak pak cache file ../../../Enterprise/DerivedDataCache/Compressed.ddp not found, will not use a pak cache.
[2019.06.16-07.02.26:570][  0]LogDerivedDataCache: Unable to find inner node EnterprisePak for hierarchical cache Hierarchy.
[2019.06.16-07.02.26:582][  0]LogDerivedDataCache: Using Local data cache path C:/Users/Darren Chua/AppData/Local/UnrealEngine/Common/DerivedDataCache: Writable
[2019.06.16-07.02.26:582][  0]LogDerivedDataCache: Shared data cache path not found in *engine.ini, will not use an Shared cache.
[2019.06.16-07.02.26:582][  0]LogDerivedDataCache: Unable to find inner node Shared for hierarchical cache Hierarchy.
[2019.06.16-07.02.26:607][  0]LogMaterial: Verifying Global Shaders for PCD3D_SM5
[2019.06.16-07.02.26:609][  0]LogSlate: Using FreeType 2.6.0
[2019.06.16-07.02.26:609][  0]LogSlate: SlateFontServices - WITH_FREETYPE: 1, WITH_HARFBUZZ: 1
[2019.06.16-07.02.26:715][  0]LogAssetRegistry: FAssetRegistry took 0.0360 seconds to start up
[2019.06.16-07.02.27:157][  0]LogInit: Selected Device Profile: [Windows]
[2019.06.16-07.02.27:331][  0]LogMeshReduction: Using QuadricMeshReduction for automatic static mesh reduction
[2019.06.16-07.02.27:331][  0]LogMeshReduction: Using SimplygonMeshReduction for automatic skeletal mesh reduction
[2019.06.16-07.02.27:331][  0]LogMeshReduction: Using ProxyLODMeshReduction for automatic mesh merging
[2019.06.16-07.02.27:331][  0]LogMeshReduction: No distributed automatic mesh merging module available
[2019.06.16-07.02.27:331][  0]LogMeshMerging: No distributed automatic mesh merging module available
[2019.06.16-07.02.27:344][  0]LogNetVersion: VrResearch 1.0.0, NetCL: 5660361, EngineNetVer: 10, GameNetVer: 0 (Checksum: 3812351587)
[2019.06.16-07.02.27:827][  0]LogPackageLocalizationCache: Processed 11 localized package path(s) for 1 prioritized culture(s) in 0.043869 seconds
[2019.06.16-07.02.27:834][  0]LogUObjectArray: 42205 objects as part of root set at end of initial load.
[2019.06.16-07.02.27:834][  0]LogUObjectAllocator: 7325032 out of 0 bytes used by permanent object pool.
[2019.06.16-07.02.27:834][  0]LogUObjectArray: CloseDisregardForGC: 0/0 objects in disregard for GC pool
[2019.06.16-07.02.29:021][  0]LogTcpMessaging: Initializing TcpMessaging bridge
[2019.06.16-07.02.29:036][  0]LogUdpMessaging: Initializing bridge on interface 0.0.0.0:0 to multicast group 230.0.0.1:6666.
[2019.06.16-07.02.29:163][  0]SourceControl: Source control is disabled
[2019.06.16-07.02.29:163][  0]SourceControl: Source control is disabled
[2019.06.16-07.02.29:166][  0]SourceControl: Source control is disabled
[2019.06.16-07.02.29:168][  0]SourceControl: Source control is disabled
[2019.06.16-07.02.29:272][  0]LogAndroidPermission: UAndroidPermissionCallbackProxy::GetInstance
[2019.06.16-07.02.29:510][  0]LogOcInput: OculusInput pre-init called
[2019.06.16-07.02.30:459][  0]LogEngine: Initializing Engine...
[2019.06.16-07.02.30:464][  0]LogHMD: SteamVR initialized.  Driver: oculus  Display: OculusQuest
[2019.06.16-07.02.30:466][  0]LogStats: UGameplayTagsManager::InitializeManager -  0.000 s
[2019.06.16-07.02.30:724][  0]LogInit: Initializing FReadOnlyCVARCache
[2019.06.16-07.02.30:744][  0]LogAIModule: Creating AISystem for world Untitled
[2019.06.16-07.02.30:820][  0]LogInit: XAudio2 using 'Speakers (Virtual Desktop Audio)' : 2 channels at 48 kHz using 16 bits per sample (channel mask 0x3)
[2019.06.16-07.02.30:841][  0]LogInit: FAudioDevice initialized.
[2019.06.16-07.02.30:841][  0]LogNetVersion: Set ProjectVersion to 1.0.0.0. Version Checksum will be recalculated on next use.
[2019.06.16-07.02.30:894][  0]LogDerivedDataCache: Saved boot cache 0.05s 72MB C:/Users/Darren Chua/AppData/Local/UnrealEngine/4.22/DerivedDataCache/Boot.ddc.
[2019.06.16-07.02.30:904][  0]LogInit: Texture streaming: Enabled
[2019.06.16-07.02.30:934][  0]LogEngineSessionManager: EngineSessionManager initialized
[2019.06.16-07.02.30:935][  0]LogEngineSessionManager: EngineSessionManager sent abnormal shutdown report. Type=Crashed, SessionId={8CC75C2F-42A0-59FC-8924-8783D9F184BE}
[2019.06.16-07.02.30:963][  0]LogInit: Transaction tracking system initialized
[2019.06.16-07.02.31:001][  0]BlueprintLog: New page: Editor Load
[2019.06.16-07.02.31:133][  0]LocalizationService: Localization service is disabled
[2019.06.16-07.02.31:484][  0]LogCook: Display: Max memory allowance for cook 16384mb min free memory 0mb
[2019.06.16-07.02.31:484][  0]LogCook: Display: Mobile HDR setting 1
[2019.06.16-07.02.31:510][  0]LogFileCache: Scanning file cache for directory 'C:/Users/Darren Chua/Documents/VrProject/VrResearch/Content/' took 0.03s
[2019.06.16-07.02.31:750][  0]SourceControl: Source control is disabled
[2019.06.16-07.02.31:750][  0]Cmd: MAP LOAD FILE="C:/Users/Darren Chua/Documents/VrProject/VrResearch/Content/VirtualRealityBP/Maps/StartupMap.umap" TEMPLATE=0 SHOWPROGRESS=1 FEATURELEVEL=3
[2019.06.16-07.02.31:751][  0]LightingResults: New page: Lighting Build
[2019.06.16-07.02.31:756][  0]MapCheck: New page: Map Check
[2019.06.16-07.02.31:756][  0]LightingResults: New page: Lighting Build
[2019.06.16-07.02.31:793][  0]LogUObjectHash: Compacting FUObjectHashTables data took   2.11ms
[2019.06.16-07.02.31:907][  0]LogAIModule: Creating AISystem for world StartupMap
[2019.06.16-07.02.31:913][  0]LogEditorServer: Finished looking for orphan Actors (0.000 secs)
[2019.06.16-07.02.31:943][  0]LogUObjectHash: Compacting FUObjectHashTables data took   1.16ms
[2019.06.16-07.02.31:943][  0]Cmd: MAP CHECKDEP NOCLEARLOG
[2019.06.16-07.02.31:943][  0]MapCheck: Map check complete: 0 Error(s), 0 Warning(s), took 0.18ms to complete.
[2019.06.16-07.02.31:943][  0]LogFileHelpers: Loading map 'StartupMap' took 0.192
[2019.06.16-07.02.32:055][  0]LogSlate: Updating window title bar state: overlay mode, drag disabled, window buttons hidden, title bar hidden
[2019.06.16-07.02.32:068][  0]LogSlate: Updating window title bar state: overlay mode, drag disabled, window buttons hidden, title bar hidden
[2019.06.16-07.02.32:079][  0]LogSlate: Updating window title bar state: overlay mode, drag disabled, window buttons hidden, title bar hidden
[2019.06.16-07.02.32:091][  0]LogSlate: Updating window title bar state: overlay mode, drag disabled, window buttons hidden, title bar hidden
[2019.06.16-07.02.32:103][  0]LogCollectionManager: Loaded 0 collections in 0.004144 seconds
[2019.06.16-07.02.32:121][  0]LogFileCache: Scanning file cache for directory 'C:/Users/Darren Chua/Documents/VrProject/VrResearch/Saved/Collections/' took 0.01s
[2019.06.16-07.02.32:121][  0]LogFileCache: Scanning file cache for directory 'C:/Users/Darren Chua/Documents/VrProject/VrResearch/Content/Developers/DarrenChua/Collections/' took 0.00s
[2019.06.16-07.02.32:121][  0]LogFileCache: Scanning file cache for directory 'C:/Users/Darren Chua/Documents/VrProject/VrResearch/Content/Collections/' took 0.00s
[2019.06.16-07.02.32:121][  0]LogCollectionManager: Rebuilt the GUID cache for 0 collections in 0.000001 seconds
[2019.06.16-07.02.32:132][  0]LogContentBrowser: Native class hierarchy populated in 0.0109 seconds. Added 2736 classes and 663 folders.
[2019.06.16-07.02.32:142][  0]LogContentBrowser: Native class hierarchy updated for 'WidgetCarousel' in 0.0003 seconds. Added 0 classes and 0 folders.
[2019.06.16-07.02.32:143][  0]LogPakFile: Registered encryption key '00000000000000000000000000000000': 0 pak files mounted, 0 remain pending
[2019.06.16-07.02.32:144][  0]LogPakFile: Registered encryption key '00000000000000000000000000000000': 0 pak files mounted, 0 remain pending
[2019.06.16-07.02.32:145][  0]LogPakFile: Registered encryption key '00000000000000000000000000000000': 0 pak files mounted, 0 remain pending
[2019.06.16-07.02.32:145][  0]LogPakFile: Registered encryption key '00000000000000000000000000000000': 0 pak files mounted, 0 remain pending
[2019.06.16-07.02.32:146][  0]LogPakFile: Registered encryption key '00000000000000000000000000000000': 0 pak files mounted, 0 remain pending
[2019.06.16-07.02.32:146][  0]LogPakFile: Registered encryption key '00000000000000000000000000000000': 0 pak files mounted, 0 remain pending
[2019.06.16-07.02.32:147][  0]LogPakFile: Registered encryption key '00000000000000000000000000000000': 0 pak files mounted, 0 remain pending
[2019.06.16-07.02.32:147][  0]LogPakFile: Registered encryption key '00000000000000000000000000000000': 0 pak files mounted, 0 remain pending
[2019.06.16-07.02.32:148][  0]LogPakFile: Registered encryption key '00000000000000000000000000000000': 0 pak files mounted, 0 remain pending
[2019.06.16-07.02.32:148][  0]LogPakFile: Registered encryption key '00000000000000000000000000000000': 0 pak files mounted, 0 remain pending
[2019.06.16-07.02.32:149][  0]LogPakFile: Registered encryption key '00000000000000000000000000000000': 0 pak files mounted, 0 remain pending
[2019.06.16-07.02.32:149][  0]LogPakFile: Registered encryption key '00000000000000000000000000000000': 0 pak files mounted, 0 remain pending
[2019.06.16-07.02.32:150][  0]LogPakFile: Registered encryption key '00000000000000000000000000000000': 0 pak files mounted, 0 remain pending
[2019.06.16-07.02.32:150][  0]LogPakFile: Registered encryption key '00000000000000000000000000000000': 0 pak files mounted, 0 remain pending
[2019.06.16-07.02.32:151][  0]LogPakFile: Registered encryption key '00000000000000000000000000000000': 0 pak files mounted, 0 remain pending
[2019.06.16-07.02.32:152][  0]LogPakFile: Registered encryption key '00000000000000000000000000000000': 0 pak files mounted, 0 remain pending
[2019.06.16-07.02.32:152][  0]LogPakFile: Registered encryption key '00000000000000000000000000000000': 0 pak files mounted, 0 remain pending
[2019.06.16-07.02.32:153][  0]LogPakFile: Registered encryption key '00000000000000000000000000000000': 0 pak files mounted, 0 remain pending
[2019.06.16-07.02.32:153][  0]LogPakFile: Registered encryption key '00000000000000000000000000000000': 0 pak files mounted, 0 remain pending
[2019.06.16-07.02.32:154][  0]LogPakFile: Registered encryption key '00000000000000000000000000000000': 0 pak files mounted, 0 remain pending
[2019.06.16-07.02.32:154][  0]LogPakFile: Registered encryption key '00000000000000000000000000000000': 0 pak files mounted, 0 remain pending
[2019.06.16-07.02.32:155][  0]LogPakFile: Registered encryption key '00000000000000000000000000000000': 0 pak files mounted, 0 remain pending
[2019.06.16-07.02.32:156][  0]LogPakFile: Registered encryption key '00000000000000000000000000000000': 0 pak files mounted, 0 remain pending
[2019.06.16-07.02.32:157][  0]LogPakFile: Registered encryption key '00000000000000000000000000000000': 0 pak files mounted, 0 remain pending
[2019.06.16-07.02.32:157][  0]LogPakFile: Registered encryption key '00000000000000000000000000000000': 0 pak files mounted, 0 remain pending
[2019.06.16-07.02.32:158][  0]LogPakFile: Registered encryption key '00000000000000000000000000000000': 0 pak files mounted, 0 remain pending
[2019.06.16-07.02.32:253][  0]LogContentBrowser: Native class hierarchy updated for 'AddContentDialog' in 0.0002 seconds. Added 0 classes and 0 folders.
[2019.06.16-07.02.32:260][  0]LogContentBrowser: Native class hierarchy updated for 'SceneOutliner' in 0.0003 seconds. Added 1 classes and 2 folders.
[2019.06.16-07.02.32:277][  0]LogSlate: Took 0.000243 seconds to synchronously load lazily loaded font '../../../Engine/Content/Slate/Fonts/Roboto-Regular.ttf' (155K)
[2019.06.16-07.02.32:279][  0]LogSlate: Took 0.000257 seconds to synchronously load lazily loaded font '../../../Engine/Content/Slate/Fonts/Roboto-Bold.ttf' (160K)
[2019.06.16-07.02.32:286][  0]LogSlate: Took 0.000263 seconds to synchronously load lazily loaded font '../../../Engine/Content/Editor/Slate/Fonts/FontAwesome.ttf' (139K)
[2019.06.16-07.02.32:363][  0]LogRenderer: Reallocating scene render targets to support 1020x572 Format 26 NumSamples 1 (Frame:1).
[2019.06.16-07.02.32:537][  0]LogContentBrowser: Native class hierarchy updated for 'HierarchicalLODOutliner' in 0.0006 seconds. Added 0 classes and 0 folders.
[2019.06.16-07.02.32:537][  0]LogLoad: (Engine Initialization) Total time: 14.02 seconds
[2019.06.16-07.02.32:537][  0]LogLoad: (Engine Initialization) Total Blueprint compile time: 0.00 seconds
[2019.06.16-07.02.32:627][  0]LogContentStreaming: Texture pool size now 1000 MB
[2019.06.16-07.02.32:643][  0]LogSlate: Took 0.000183 seconds to synchronously load lazily loaded font '../../../Engine/Content/Slate/Fonts/Roboto-Light.ttf' (167K)
[2019.06.16-07.02.32:666][  1]LogAssetRegistry: Asset discovery search completed in 5.9736 seconds
[2019.06.16-07.02.32:669][  1]LogCollectionManager: Rebuilt the object cache for 0 collections in 0.000000 seconds (found 0 objects)
[2019.06.16-07.02.32:669][  1]LogCollectionManager: Fixed up redirectors for 0 collections in 0.000074 seconds (updated 0 objects)
[2019.06.16-07.02.34:000][  5]LogSlate: Took 0.000221 seconds to synchronously load lazily loaded font '../../../Engine/Content/Slate/Fonts/Roboto-Light.ttf' (167K)
[2019.06.16-07.02.35:063][  9]LogSlate: FSceneViewport::OnFocusLost() reason 0
[2019.06.16-07.02.39:345][ 77]LogAIModule: Creating AISystem for world City
[2019.06.16-07.02.39:520][ 77]LogAssetEditorManager: Opening Asset editor for World /Game/VirtualRealityBP/Maps/City.City
[2019.06.16-07.02.39:559][ 77]LogUObjectHash: Compacting FUObjectHashTables data took   3.20ms
[2019.06.16-07.02.39:560][ 77]Cmd: MAP LOAD FILE="C:/Users/Darren Chua/Documents/VrProject/VrResearch/Content/VirtualRealityBP/Maps/City.umap" TEMPLATE=0 SHOWPROGRESS=1 FEATURELEVEL=3
[2019.06.16-07.02.39:560][ 77]LightingResults: New page: Lighting Build
[2019.06.16-07.02.39:561][ 77]LoadErrors: New page: Loading map: City.umap
[2019.06.16-07.02.39:562][ 77]MapCheck: New page: Map Check
[2019.06.16-07.02.39:562][ 77]LightingResults: New page: Lighting Build
[2019.06.16-07.02.39:594][ 77]LogUObjectHash: Compacting FUObjectHashTables data took   2.29ms
[2019.06.16-07.02.39:799][ 77]LogEditorServer: Finished looking for orphan Actors (0.000 secs)
[2019.06.16-07.02.39:840][ 77]LogUObjectHash: Compacting FUObjectHashTables data took   1.99ms
[2019.06.16-07.02.39:863][ 77]Cmd: MAP CHECKDEP NOCLEARLOG
[2019.06.16-07.02.39:863][ 77]MapCheck: Map check complete: 0 Error(s), 0 Warning(s), took 0.166ms to complete.
[2019.06.16-07.02.39:863][ 77]LogFileHelpers: Loading map 'City' took 0.303
[2019.06.16-07.02.47:844][286]LogAssetEditorManager: Opening Asset editor for Blueprint /Game/Blueprints/Cars/BP_Car01.BP_Car01
[2019.06.16-07.02.48:233][286]LogContentBrowser: Native class hierarchy updated for 'BlueprintGraph' in 0.0010 seconds. Added 121 classes and 0 folders.
[2019.06.16-07.02.49:383][286]LogSlate: Took 0.000391 seconds to synchronously load lazily loaded font '../../../Engine/Content/Slate/Fonts/Roboto-BoldCondensed.ttf' (158K)
[2019.06.16-07.02.49:449][287]LogSlate: Took 0.000258 seconds to synchronously load lazily loaded font '../../../Engine/Content/Slate/Fonts/Roboto-Italic.ttf' (157K)
[2019.06.16-07.02.57:732][509]LogTemp: Repeating last play command: Simulate
[2019.06.16-07.02.57:751][509]LogBlueprintUserMessages: Early PlayInEditor Detection: Level '/Game/VirtualRealityBP/Maps/City.City:PersistentLevel' has LevelScriptBlueprint '/Game/VirtualRealityBP/Maps/City.City:PersistentLevel.City' with GeneratedClass '/Game/VirtualRealityBP/Maps/City.City_C' with ClassGeneratedBy '/Game/VirtualRealityBP/Maps/City.City:PersistentLevel.City'
[2019.06.16-07.02.57:751][509]LogPlayLevel: PlayLevel: No blueprints needed recompiling
[2019.06.16-07.02.57:752][509]PIE: New page: SIE session: City (16 Jun 2019 11:02:57 pm)
[2019.06.16-07.02.57:765][509]LogPlayLevel: Creating play world package: /Game/VirtualRealityBP/Maps/UEDPIE_0_City
[2019.06.16-07.02.57:818][509]LogPlayLevel: PIE: StaticDuplicateObject took: (0.052942s)
[2019.06.16-07.02.57:819][509]LogAIModule: Creating AISystem for world City
[2019.06.16-07.02.57:819][509]LogPlayLevel: PIE: World Init took: (0.000618s)
[2019.06.16-07.02.57:819][509]LogPlayLevel: PIE: Created PIE world by copying editor world from /Game/VirtualRealityBP/Maps/City.City to /Game/VirtualRealityBP/Maps/UEDPIE_0_City.City (0.053950s)
[2019.06.16-07.02.57:862][509]LogUObjectHash: Compacting FUObjectHashTables data took   3.58ms
[2019.06.16-07.02.57:927][509]LogInit: XAudio2 using 'Speakers (Virtual Desktop Audio)' : 2 channels at 48 kHz using 16 bits per sample (channel mask 0x3)
[2019.06.16-07.02.57:942][509]LogInit: FAudioDevice initialized.
[2019.06.16-07.02.57:986][509]LogLoad: Game class is 'GameMode'
[2019.06.16-07.02.58:009][509]LogWorld: Bringing World /Game/VirtualRealityBP/Maps/UEDPIE_0_City.City up for play (max tick rate 0) at 2019.06.16-15.02.58
[2019.06.16-07.02.58:012][509]LogWorld: Bringing up level for play took: 0.024665
[2019.06.16-07.02.58:024][509]LogGameMode: FindPlayerStart: PATHS NOT DEFINED or NO PLAYERSTART with positive rating
[2019.06.16-07.02.58:028][509]LogBlueprintActionDatabase: Requesting refresh due to module change: Voice (loaded)
[2019.06.16-07.02.58:031][509]LogBlueprintActionDatabase: Requesting refresh due to module change: MovieSceneCapture (loaded)
[2019.06.16-07.02.58:032][509]LogContentBrowser: Native class hierarchy updated for 'MovieSceneCapture' in 0.0004 seconds. Added 20 classes and 0 folders.
[2019.06.16-07.02.58:032][509]LogGameMode: Display: Match State Changed from EnteringMap to WaitingToStart
[2019.06.16-07.02.58:036][509]LogGameState: Match State Changed from EnteringMap to WaitingToStart
[2019.06.16-07.02.58:036][509]PIE: Play in editor start time for /Game/VirtualRealityBP/Maps/UEDPIE_0_City 0.355
[2019.06.16-07.02.58:040][509]LogBlueprintUserMessages: Late PlayInEditor Detection: Level '/Game/VirtualRealityBP/Maps/City.City:PersistentLevel' has LevelScriptBlueprint '/Game/VirtualRealityBP/Maps/City.City:PersistentLevel.City' with GeneratedClass '/Game/VirtualRealityBP/Maps/City.City_C' with ClassGeneratedBy '/Game/VirtualRealityBP/Maps/City.City:PersistentLevel.City'
[2019.06.16-07.03.06:868][744]LogEditorViewport: Clicking on Actor (LMB): BP_Car05_C (BP_Car05)
[2019.06.16-07.03.13:841][942]LogOutputDevice: Warning: 

Script Stack (0 frames):

[2019.06.16-07.03.13:841][942]LogWindows: Windows GetLastError: The operation completed successfully. (0)
[2019.06.16-07.03.15:395][942]LogWindows: Error: === Critical error: ===
[2019.06.16-07.03.15:395][942]LogWindows: Error: 
[2019.06.16-07.03.15:395][942]LogWindows: Error: Fatal error: [File:D:\Build\++UE4\Sync\Engine\Source\Runtime\CoreUObject\Private\Templates\Casts.cpp] [Line: 10] 
[2019.06.16-07.03.15:395][942]LogWindows: Error: Cast of nullptr to PFPathFollowerComponent failed
[2019.06.16-07.03.15:395][942]LogWindows: Error: 
[2019.06.16-07.03.15:395][942]LogWindows: Error: 
[2019.06.16-07.03.15:395][942]LogWindows: Error: [Callstack] 0x00007ffef242a388 KERNELBASE.dll!UnknownFunction []
[2019.06.16-07.03.15:395][942]LogWindows: Error: [Callstack] 0x00007ffe79a91f07 UE4Editor-Core.dll!UnknownFunction []
[2019.06.16-07.03.15:395][942]LogWindows: Error: [Callstack] 0x00007ffe79a946b7 UE4Editor-Core.dll!UnknownFunction []
[2019.06.16-07.03.15:395][942]LogWindows: Error: [Callstack] 0x00007ffe798a7cea UE4Editor-Core.dll!UnknownFunction []
[2019.06.16-07.03.15:395][942]LogWindows: Error: [Callstack] 0x00007ffe7982fe07 UE4Editor-Core.dll!UnknownFunction []
[2019.06.16-07.03.15:395][942]LogWindows: Error: [Callstack] 0x00007ffe79153b44 UE4Editor-CoreUObject.dll!UnknownFunction []
[2019.06.16-07.03.15:395][942]LogWindows: Error: [Callstack] 0x00007ffe64313a8d UE4Editor-PathFollow.dll!CastChecked<UPFPathFollowerComponent const ,UActorComponent>() [d:\rocketsync\4.22.0-5660361+++ue4+release-4.22\working\engine\source\runtime\coreuobject\public\templates\casts.h:241]
[2019.06.16-07.03.15:395][942]LogWindows: Error: [Callstack] 0x00007ffe6433a4c3 UE4Editor-PathFollow.dll!FPFPathFollowerVisulalizer::DrawVisualization() [d:\build\++portal+dev-marketplace+full\sync\localbuilds\plugintemp\hostproject\plugins\pathfollow\source\pathfollow\classes\pfpathfollowervisualizer.cpp:43]
[2019.06.16-07.03.15:395][942]LogWindows: Error: [Callstack] 0x00007ffe70985d42 UE4Editor-UnrealEd.dll!UnknownFunction []
[2019.06.16-07.03.15:395][942]LogWindows: Error: [Callstack] 0x00007ffe705f7b15 UE4Editor-UnrealEd.dll!UnknownFunction []
[2019.06.16-07.03.15:395][942]LogWindows: Error: [Callstack] 0x00007ffe6d59038b UE4Editor-Renderer.dll!UnknownFunction []
[2019.06.16-07.03.15:395][942]LogWindows: Error: [Callstack] 0x00007ffe6d167685 UE4Editor-Renderer.dll!UnknownFunction []
[2019.06.16-07.03.15:395][942]LogWindows: Error: [Callstack] 0x00007ffe6d5b58b9 UE4Editor-Renderer.dll!UnknownFunction []
[2019.06.16-07.03.15:395][942]LogWindows: Error: [Callstack] 0x00007ffe6d5adbeb UE4Editor-Renderer.dll!UnknownFunction []
[2019.06.16-07.03.15:395][942]LogWindows: Error: [Callstack] 0x00007ffe702664cb UE4Editor-UnrealEd.dll!UnknownFunction []
[2019.06.16-07.03.15:395][942]LogWindows: Error: [Callstack] 0x00007ffe725f1dee UE4Editor-Engine.dll!UnknownFunction []
[2019.06.16-07.03.15:395][942]LogWindows: Error: [Callstack] 0x00007ffe701d325d UE4Editor-UnrealEd.dll!UnknownFunction []
[2019.06.16-07.03.15:395][942]LogWindows: Error: [Callstack] 0x00007ffe701d0813 UE4Editor-UnrealEd.dll!UnknownFunction []
[2019.06.16-07.03.15:396][942]LogWindows: Error: [Callstack] 0x00007ffe709ecce6 UE4Editor-UnrealEd.dll!UnknownFunction []
[2019.06.16-07.03.15:396][942]LogWindows: Error: [Callstack] 0x00007ff70b3f6bb1 UE4Editor.exe!UnknownFunction []
[2019.06.16-07.03.15:396][942]LogWindows: Error: [Callstack] 0x00007ff70b40554c UE4Editor.exe!UnknownFunction []
[2019.06.16-07.03.15:396][942]LogWindows: Error: [Callstack] 0x00007ff70b4055ca UE4Editor.exe!UnknownFunction []
[2019.06.16-07.03.15:396][942]LogWindows: Error: [Callstack] 0x00007ff70b41316c UE4Editor.exe!UnknownFunction []
[2019.06.16-07.03.15:396][942]LogWindows: Error: [Callstack] 0x00007ff70b415b8e UE4Editor.exe!UnknownFunction []
[2019.06.16-07.03.15:396][942]LogWindows: Error: [Callstack] 0x00007ffef5a34034 KERNEL32.DLL!UnknownFunction []
[2019.06.16-07.03.15:396][942]LogWindows: Error: [Callstack] 0x00007ffef6043691 ntdll.dll!UnknownFunction []
[2019.06.16-07.03.15:396][942]LogWindows: Error: 
[2019.06.16-07.03.15:408][942]LogExit: Executing StaticShutdownAfterError
[2019.06.16-07.03.15:414][942]LogWindows: FPlatformMisc::RequestExit(1)
[2019.06.16-07.03.15:424][942]Log file closed, 06/16/19 15:03:15
